[ 2018-05-01T08:03:43+08:00 ] ::1 /accounting/Home-Index-jsonDataBill.html?page=1&limit=10
INFO: [ app_begin ] --START--
INFO: Run Behavior\ReadHtmlCacheBehavior [ RunTime:0.000435s ]
INFO: [ app_begin ] --END-- [ RunTime:0.000772s ]
SQL: SHOW COLUMNS FROM `acc_account` [ RunTime:0.0416s ]
SQL: SELECT * FROM `acc_account` WHERE ( a_user='yangwendi' ) LIMIT 0,10   [ RunTime:0.0004s ]
SQL: SELECT COUNT(*) AS tp_count FROM `acc_account` WHERE ( a_user='yangwendi' ) LIMIT 1   [ RunTime:0.0006s ]

[ 2018-05-01T08:03:43+08:00 ] ::1 /accounting/Home-Index-jsonDataCol.html?page=1&limit=10
INFO: [ app_begin ] --START--
INFO: Run Behavior\ReadHtmlCacheBehavior [ RunTime:0.000444s ]
INFO: [ app_begin ] --END-- [ RunTime:0.000740s ]
SQL: SHOW COLUMNS FROM `acc_classify` [ RunTime:0.0232s ]
SQL: SELECT * FROM `acc_classify` WHERE ( cols_user='yangwendi' ) LIMIT 0,10   [ RunTime:0.0004s ]
SQL: SELECT COUNT(*) AS tp_count FROM `acc_classify` WHERE ( cols_user='yangwendi' ) LIMIT 1   [ RunTime:0.0003s ]

[ 2018-05-01T20:43:08+08:00 ] ::1 /accounting/Home-Index-jsonDataBill.html?page=1&limit=10
INFO: [ app_begin ] --START--
INFO: Run Behavior\ReadHtmlCacheBehavior [ RunTime:0.000611s ]
INFO: [ app_begin ] --END-- [ RunTime:0.001095s ]
SQL: SHOW COLUMNS FROM `acc_account` [ RunTime:0.0317s ]
SQL: SELECT * FROM `acc_account` WHERE ( a_user='yangwendi' ) LIMIT 0,10   [ RunTime:0.0004s ]
SQL: SELECT COUNT(*) AS tp_count FROM `acc_account` WHERE ( a_user='yangwendi' ) LIMIT 1   [ RunTime:0.0006s ]

[ 2018-05-01T20:43:08+08:00 ] ::1 /accounting/Home-Index-jsonDataCol.html?page=1&limit=10
INFO: [ app_begin ] --START--
INFO: Run Behavior\ReadHtmlCacheBehavior [ RunTime:0.000592s ]
INFO: [ app_begin ] --END-- [ RunTime:0.000882s ]
SQL: SHOW COLUMNS FROM `acc_classify` [ RunTime:0.0040s ]
SQL: SELECT * FROM `acc_classify` WHERE ( cols_user='yangwendi' ) LIMIT 0,10   [ RunTime:0.0004s ]
SQL: SELECT COUNT(*) AS tp_count FROM `acc_classify` WHERE ( cols_user='yangwendi' ) LIMIT 1   [ RunTime:0.0002s ]

[ 2018-05-01T23:15:49+08:00 ] ::1 /accounting/Home-Index-jsonDataCol.html?page=1&limit=10
INFO: [ app_begin ] --START--
INFO: Run Behavior\ReadHtmlCacheBehavior [ RunTime:0.002229s ]
INFO: [ app_begin ] --END-- [ RunTime:0.002700s ]
SQL: SHOW COLUMNS FROM `acc_classify` [ RunTime:0.0037s ]
SQL: SELECT * FROM `acc_classify` WHERE ( cols_user='yangwendi' ) LIMIT 0,10   [ RunTime:0.0004s ]
SQL: SELECT COUNT(*) AS tp_count FROM `acc_classify` WHERE ( cols_user='yangwendi' ) LIMIT 1   [ RunTime:0.0003s ]

[ 2018-05-01T23:15:49+08:00 ] ::1 /accounting/Home-Index-jsonDataBill.html?page=1&limit=10
INFO: [ app_begin ] --START--
INFO: Run Behavior\ReadHtmlCacheBehavior [ RunTime:0.000667s ]
INFO: [ app_begin ] --END-- [ RunTime:0.001172s ]
SQL: SHOW COLUMNS FROM `acc_account` [ RunTime:0.0144s ]
SQL: SELECT * FROM `acc_account` WHERE ( a_user='yangwendi' ) LIMIT 0,10   [ RunTime:0.0004s ]
SQL: SELECT COUNT(*) AS tp_count FROM `acc_account` WHERE ( a_user='yangwendi' ) LIMIT 1   [ RunTime:0.0003s ]

