[ 2018-03-23T08:45:56+08:00 ] ::1 /accounting/Home-Index-jsonDataBill.html?page=1&limit=10
INFO: [ app_begin ] --START--
INFO: Run Behavior\ReadHtmlCacheBehavior [ RunTime:0.000571s ]
INFO: [ app_begin ] --END-- [ RunTime:0.000904s ]
SQL: SHOW COLUMNS FROM `acc_account` [ RunTime:0.0721s ]
SQL: SELECT COUNT(*) AS tp_count FROM `acc_account` LIMIT 1   [ RunTime:0.0003s ]
SQL: SELECT * FROM `acc_account` LIMIT 0,10   [ RunTime:0.0002s ]

[ 2018-03-23T08:45:57+08:00 ] ::1 /accounting/Home-Index-jsonDataCol.html?page=1&limit=10
INFO: [ app_begin ] --START--
INFO: Run Behavior\ReadHtmlCacheBehavior [ RunTime:0.000633s ]
INFO: [ app_begin ] --END-- [ RunTime:0.001055s ]
SQL: SHOW COLUMNS FROM `acc_classify` [ RunTime:0.0168s ]
SQL: SELECT COUNT(*) AS tp_count FROM `acc_classify` LIMIT 1   [ RunTime:0.0002s ]
SQL: SELECT * FROM `acc_classify` LIMIT 0,10   [ RunTime:0.0002s ]

[ 2018-03-23T09:23:37+08:00 ] ::1 /accounting/Home-Index-jsonDataBill.html?page=1&limit=10
INFO: [ app_begin ] --START--
INFO: Run Behavior\ReadHtmlCacheBehavior [ RunTime:0.000464s ]
INFO: [ app_begin ] --END-- [ RunTime:0.000829s ]
SQL: SHOW COLUMNS FROM `acc_account` [ RunTime:0.0048s ]
SQL: SELECT COUNT(*) AS tp_count FROM `acc_account` LIMIT 1   [ RunTime:0.0002s ]
SQL: SELECT * FROM `acc_account` LIMIT 0,10   [ RunTime:0.0002s ]

[ 2018-03-23T09:23:38+08:00 ] ::1 /accounting/Home-Index-jsonDataCol.html?page=1&limit=10
INFO: [ app_begin ] --START--
INFO: Run Behavior\ReadHtmlCacheBehavior [ RunTime:0.000554s ]
INFO: [ app_begin ] --END-- [ RunTime:0.000890s ]
SQL: SHOW COLUMNS FROM `acc_classify` [ RunTime:0.0055s ]
SQL: SELECT COUNT(*) AS tp_count FROM `acc_classify` LIMIT 1   [ RunTime:0.0002s ]
SQL: SELECT * FROM `acc_classify` LIMIT 0,10   [ RunTime:0.0002s ]

[ 2018-03-23T09:26:40+08:00 ] ::1 /accounting/Home-Index-jsonDataBill.html?page=1&limit=10
INFO: [ app_begin ] --START--
INFO: Run Behavior\ReadHtmlCacheBehavior [ RunTime:0.001000s ]
INFO: [ app_begin ] --END-- [ RunTime:0.001517s ]
SQL: SHOW COLUMNS FROM `acc_account` [ RunTime:0.0044s ]
SQL: SELECT COUNT(*) AS tp_count FROM `acc_account` LIMIT 1   [ RunTime:0.0003s ]
SQL: SELECT * FROM `acc_account` LIMIT 0,10   [ RunTime:0.0002s ]

[ 2018-03-23T09:26:41+08:00 ] ::1 /accounting/Home-Index-jsonDataCol.html?page=1&limit=10
INFO: [ app_begin ] --START--
INFO: Run Behavior\ReadHtmlCacheBehavior [ RunTime:0.000674s ]
INFO: [ app_begin ] --END-- [ RunTime:0.001201s ]
SQL: SHOW COLUMNS FROM `acc_classify` [ RunTime:0.0050s ]
SQL: SELECT COUNT(*) AS tp_count FROM `acc_classify` LIMIT 1   [ RunTime:0.0003s ]
SQL: SELECT * FROM `acc_classify` LIMIT 0,10   [ RunTime:0.0002s ]

[ 2018-03-23T09:31:53+08:00 ] ::1 /accounting/Home-Index-jsonDataBill.html?page=1&limit=10
INFO: [ app_begin ] --START--
INFO: Run Behavior\ReadHtmlCacheBehavior [ RunTime:0.000744s ]
INFO: [ app_begin ] --END-- [ RunTime:0.001374s ]
SQL: SHOW COLUMNS FROM `acc_account` [ RunTime:0.0052s ]
SQL: SELECT COUNT(*) AS tp_count FROM `acc_account` LIMIT 1   [ RunTime:0.0002s ]
SQL: SELECT * FROM `acc_account` LIMIT 0,10   [ RunTime:0.0002s ]

[ 2018-03-23T09:31:54+08:00 ] ::1 /accounting/Home-Index-jsonDataCol.html?page=1&limit=10
INFO: [ app_begin ] --START--
INFO: Run Behavior\ReadHtmlCacheBehavior [ RunTime:0.000459s ]
INFO: [ app_begin ] --END-- [ RunTime:0.000816s ]
SQL: SHOW COLUMNS FROM `acc_classify` [ RunTime:0.0059s ]
SQL: SELECT COUNT(*) AS tp_count FROM `acc_classify` LIMIT 1   [ RunTime:0.0004s ]
SQL: SELECT * FROM `acc_classify` LIMIT 0,10   [ RunTime:0.0002s ]

[ 2018-03-23T09:32:17+08:00 ] ::1 /accounting/Home-Index-jsonDataBill.html?page=1&limit=10
INFO: [ app_begin ] --START--
INFO: Run Behavior\ReadHtmlCacheBehavior [ RunTime:0.001341s ]
INFO: [ app_begin ] --END-- [ RunTime:0.002566s ]
SQL: SHOW COLUMNS FROM `acc_account` [ RunTime:0.0046s ]
SQL: SELECT COUNT(*) AS tp_count FROM `acc_account` LIMIT 1   [ RunTime:0.0003s ]
SQL: SELECT * FROM `acc_account` LIMIT 0,10   [ RunTime:0.0003s ]

[ 2018-03-23T09:32:18+08:00 ] ::1 /accounting/Home-Index-jsonDataCol.html?page=1&limit=10
INFO: [ app_begin ] --START--
INFO: Run Behavior\ReadHtmlCacheBehavior [ RunTime:0.000651s ]
INFO: [ app_begin ] --END-- [ RunTime:0.001149s ]
SQL: SHOW COLUMNS FROM `acc_classify` [ RunTime:0.0046s ]
SQL: SELECT COUNT(*) AS tp_count FROM `acc_classify` LIMIT 1   [ RunTime:0.0002s ]
SQL: SELECT * FROM `acc_classify` LIMIT 0,10   [ RunTime:0.0002s ]

[ 2018-03-23T09:32:23+08:00 ] ::1 /accounting/Home-Index-jsonDataBill.html?page=1&limit=10
INFO: [ app_begin ] --START--
INFO: Run Behavior\ReadHtmlCacheBehavior [ RunTime:0.000436s ]
INFO: [ app_begin ] --END-- [ RunTime:0.000770s ]
SQL: SHOW COLUMNS FROM `acc_account` [ RunTime:0.3357s ]
SQL: SELECT COUNT(*) AS tp_count FROM `acc_account` LIMIT 1   [ RunTime:0.0002s ]
SQL: SELECT * FROM `acc_account` LIMIT 0,10   [ RunTime:0.0002s ]

[ 2018-03-23T09:32:46+08:00 ] ::1 /accounting/Home-Index-jsonDataBill.html?page=1&limit=10
INFO: [ app_begin ] --START--
INFO: Run Behavior\ReadHtmlCacheBehavior [ RunTime:0.000432s ]
INFO: [ app_begin ] --END-- [ RunTime:0.000760s ]
SQL: SHOW COLUMNS FROM `acc_account` [ RunTime:0.0125s ]
SQL: SELECT COUNT(*) AS tp_count FROM `acc_account` LIMIT 1   [ RunTime:0.0002s ]
SQL: SELECT * FROM `acc_account` LIMIT 0,10   [ RunTime:0.0002s ]

[ 2018-03-23T09:34:23+08:00 ] ::1 /accounting/Home-Index-jsonDataBill.html?page=1&limit=10
INFO: [ app_begin ] --START--
INFO: Run Behavior\ReadHtmlCacheBehavior [ RunTime:0.000473s ]
INFO: [ app_begin ] --END-- [ RunTime:0.000868s ]
SQL: SHOW COLUMNS FROM `acc_account` [ RunTime:0.0044s ]
SQL: SELECT COUNT(*) AS tp_count FROM `acc_account` LIMIT 1   [ RunTime:0.0002s ]
SQL: SELECT * FROM `acc_account` LIMIT 0,10   [ RunTime:0.0002s ]

[ 2018-03-23T09:34:24+08:00 ] ::1 /accounting/Home-Index-jsonDataCol.html?page=1&limit=10
INFO: [ app_begin ] --START--
INFO: Run Behavior\ReadHtmlCacheBehavior [ RunTime:0.000465s ]
INFO: [ app_begin ] --END-- [ RunTime:0.000835s ]
SQL: SHOW COLUMNS FROM `acc_classify` [ RunTime:0.3101s ]
SQL: SELECT COUNT(*) AS tp_count FROM `acc_classify` LIMIT 1   [ RunTime:0.0002s ]
SQL: SELECT * FROM `acc_classify` LIMIT 0,10   [ RunTime:0.0002s ]

[ 2018-03-23T09:35:36+08:00 ] ::1 /accounting/Home-Index-jsonDataBill.html?page=1&limit=10
INFO: [ app_begin ] --START--
INFO: Run Behavior\ReadHtmlCacheBehavior [ RunTime:0.000819s ]
INFO: [ app_begin ] --END-- [ RunTime:0.001456s ]
SQL: SHOW COLUMNS FROM `acc_account` [ RunTime:0.0046s ]
SQL: SELECT COUNT(*) AS tp_count FROM `acc_account` LIMIT 1   [ RunTime:0.0002s ]
SQL: SELECT * FROM `acc_account` LIMIT 0,10   [ RunTime:0.0003s ]

[ 2018-03-23T09:35:48+08:00 ] ::1 /accounting/Home-Index-jsonDataBill.html?page=2&limit=10
INFO: [ app_begin ] --START--
INFO: Run Behavior\ReadHtmlCacheBehavior [ RunTime:0.000435s ]
INFO: [ app_begin ] --END-- [ RunTime:0.000765s ]
SQL: SHOW COLUMNS FROM `acc_account` [ RunTime:0.0046s ]
SQL: SELECT COUNT(*) AS tp_count FROM `acc_account` LIMIT 1   [ RunTime:0.0002s ]
SQL: SELECT * FROM `acc_account` LIMIT 1,10   [ RunTime:0.0003s ]

[ 2018-03-23T09:36:09+08:00 ] ::1 /accounting/Home-Index-jsonDataBill.html?page=1&limit=10
INFO: [ app_begin ] --START--
INFO: Run Behavior\ReadHtmlCacheBehavior [ RunTime:0.000441s ]
INFO: [ app_begin ] --END-- [ RunTime:0.000769s ]
SQL: SHOW COLUMNS FROM `acc_account` [ RunTime:0.0050s ]
SQL: SELECT COUNT(*) AS tp_count FROM `acc_account` LIMIT 1   [ RunTime:0.0003s ]
SQL: SELECT * FROM `acc_account` LIMIT 0,10   [ RunTime:0.0003s ]

[ 2018-03-23T09:36:12+08:00 ] ::1 /accounting/Home-Index-jsonDataBill.html?page=2&limit=10
INFO: [ app_begin ] --START--
INFO: Run Behavior\ReadHtmlCacheBehavior [ RunTime:0.000434s ]
INFO: [ app_begin ] --END-- [ RunTime:0.000764s ]
SQL: SHOW COLUMNS FROM `acc_account` [ RunTime:0.0052s ]
SQL: SELECT COUNT(*) AS tp_count FROM `acc_account` LIMIT 1   [ RunTime:0.0003s ]
SQL: SELECT * FROM `acc_account` LIMIT 1,10   [ RunTime:0.0003s ]

[ 2018-03-23T09:37:05+08:00 ] ::1 /accounting/Home-Index-jsonDataBill.html?page=1&limit=10
INFO: [ app_begin ] --START--
INFO: Run Behavior\ReadHtmlCacheBehavior [ RunTime:0.000440s ]
INFO: [ app_begin ] --END-- [ RunTime:0.000781s ]
SQL: SHOW COLUMNS FROM `acc_account` [ RunTime:0.0052s ]
SQL: SELECT COUNT(*) AS tp_count FROM `acc_account` LIMIT 1   [ RunTime:0.0002s ]
SQL: SELECT * FROM `acc_account` LIMIT 0,10   [ RunTime:0.0003s ]

[ 2018-03-23T09:37:08+08:00 ] ::1 /accounting/Home-Index-jsonDataBill.html?page=2&limit=10
INFO: [ app_begin ] --START--
INFO: Run Behavior\ReadHtmlCacheBehavior [ RunTime:0.000434s ]
INFO: [ app_begin ] --END-- [ RunTime:0.000764s ]
SQL: SHOW COLUMNS FROM `acc_account` [ RunTime:0.0049s ]
SQL: SELECT COUNT(*) AS tp_count FROM `acc_account` LIMIT 1   [ RunTime:0.0002s ]
SQL: SELECT * FROM `acc_account` LIMIT 1,10   [ RunTime:0.0003s ]

[ 2018-03-23T09:37:33+08:00 ] ::1 /accounting/Home-Index-jsonDataBill.html?page=1&limit=10
INFO: [ app_begin ] --START--
INFO: Run Behavior\ReadHtmlCacheBehavior [ RunTime:0.000437s ]
INFO: [ app_begin ] --END-- [ RunTime:0.000774s ]
SQL: SHOW COLUMNS FROM `acc_account` [ RunTime:0.0045s ]
SQL: SELECT COUNT(*) AS tp_count FROM `acc_account` LIMIT 1   [ RunTime:0.0003s ]
SQL: SELECT * FROM `acc_account` LIMIT 0,10   [ RunTime:0.0003s ]

[ 2018-03-23T09:37:36+08:00 ] ::1 /accounting/Home-Index-jsonDataBill.html?page=2&limit=10
INFO: [ app_begin ] --START--
INFO: Run Behavior\ReadHtmlCacheBehavior [ RunTime:0.000619s ]
INFO: [ app_begin ] --END-- [ RunTime:0.000991s ]
SQL: SHOW COLUMNS FROM `acc_account` [ RunTime:0.0044s ]
SQL: SELECT COUNT(*) AS tp_count FROM `acc_account` LIMIT 1   [ RunTime:0.0003s ]
SQL: SELECT * FROM `acc_account` LIMIT 1,10   [ RunTime:0.0003s ]

[ 2018-03-23T09:38:47+08:00 ] ::1 /accounting/Home-Index-jsonDataBill.html?page=1&limit=10
INFO: [ app_begin ] --START--
INFO: Run Behavior\ReadHtmlCacheBehavior [ RunTime:0.000453s ]
INFO: [ app_begin ] --END-- [ RunTime:0.000795s ]
SQL: SHOW COLUMNS FROM `acc_account` [ RunTime:0.0050s ]
SQL: SELECT COUNT(*) AS tp_count FROM `acc_account` LIMIT 1   [ RunTime:0.0002s ]
SQL: SELECT * FROM `acc_account` LIMIT 1,10   [ RunTime:0.0003s ]

[ 2018-03-23T09:38:54+08:00 ] ::1 /accounting/Home-Index-jsonDataBill.html?page=2&limit=10
INFO: [ app_begin ] --START--
INFO: Run Behavior\ReadHtmlCacheBehavior [ RunTime:0.000434s ]
INFO: [ app_begin ] --END-- [ RunTime:0.000722s ]
SQL: SHOW COLUMNS FROM `acc_account` [ RunTime:0.0049s ]
SQL: SELECT COUNT(*) AS tp_count FROM `acc_account` LIMIT 1   [ RunTime:0.0002s ]
SQL: SELECT * FROM `acc_account` LIMIT 2,10   [ RunTime:0.0003s ]

[ 2018-03-23T09:39:06+08:00 ] ::1 /accounting/Home-Index-jsonDataBill.html?page=1&limit=20
INFO: [ app_begin ] --START--
INFO: Run Behavior\ReadHtmlCacheBehavior [ RunTime:0.000433s ]
INFO: [ app_begin ] --END-- [ RunTime:0.000718s ]
SQL: SHOW COLUMNS FROM `acc_account` [ RunTime:0.0056s ]
SQL: SELECT COUNT(*) AS tp_count FROM `acc_account` LIMIT 1   [ RunTime:0.0002s ]
SQL: SELECT * FROM `acc_account` LIMIT 1,20   [ RunTime:0.0003s ]

[ 2018-03-23T09:39:11+08:00 ] ::1 /accounting/Home-Index-jsonDataBill.html?page=1&limit=10
INFO: [ app_begin ] --START--
INFO: Run Behavior\ReadHtmlCacheBehavior [ RunTime:0.000462s ]
INFO: [ app_begin ] --END-- [ RunTime:0.000862s ]
SQL: SHOW COLUMNS FROM `acc_account` [ RunTime:0.0064s ]
SQL: SELECT COUNT(*) AS tp_count FROM `acc_account` LIMIT 1   [ RunTime:0.0003s ]
SQL: SELECT * FROM `acc_account` LIMIT 1,10   [ RunTime:0.0003s ]

[ 2018-03-23T09:39:14+08:00 ] ::1 /accounting/Home-Index-jsonDataBill.html?page=2&limit=10
INFO: [ app_begin ] --START--
INFO: Run Behavior\ReadHtmlCacheBehavior [ RunTime:0.000432s ]
INFO: [ app_begin ] --END-- [ RunTime:0.000718s ]
SQL: SHOW COLUMNS FROM `acc_account` [ RunTime:0.0058s ]
SQL: SELECT COUNT(*) AS tp_count FROM `acc_account` LIMIT 1   [ RunTime:0.0002s ]
SQL: SELECT * FROM `acc_account` LIMIT 2,10   [ RunTime:0.0003s ]

[ 2018-03-23T09:40:07+08:00 ] ::1 /accounting/Home-Index-jsonDataBill.html?page=1&limit=10
INFO: [ app_begin ] --START--
INFO: Run Behavior\ReadHtmlCacheBehavior [ RunTime:0.000441s ]
INFO: [ app_begin ] --END-- [ RunTime:0.000729s ]
SQL: SHOW COLUMNS FROM `acc_account` [ RunTime:0.0048s ]
SQL: SELECT COUNT(*) AS tp_count FROM `acc_account` LIMIT 1   [ RunTime:0.0002s ]
SQL: SELECT * FROM `acc_account` LIMIT 1,10   [ RunTime:0.0003s ]

[ 2018-03-23T09:40:10+08:00 ] ::1 /accounting/Home-Index-jsonDataBill.html?page=2&limit=10
INFO: [ app_begin ] --START--
INFO: Run Behavior\ReadHtmlCacheBehavior [ RunTime:0.000435s ]
INFO: [ app_begin ] --END-- [ RunTime:0.000718s ]
SQL: SHOW COLUMNS FROM `acc_account` [ RunTime:0.0048s ]
SQL: SELECT COUNT(*) AS tp_count FROM `acc_account` LIMIT 1   [ RunTime:0.0002s ]
SQL: SELECT * FROM `acc_account` LIMIT 2,10   [ RunTime:0.0003s ]

[ 2018-03-23T09:40:14+08:00 ] ::1 /accounting/Home-Index-jsonDataBill.html?page=1&limit=10
INFO: [ app_begin ] --START--
INFO: Run Behavior\ReadHtmlCacheBehavior [ RunTime:0.000432s ]
INFO: [ app_begin ] --END-- [ RunTime:0.000715s ]
SQL: SHOW COLUMNS FROM `acc_account` [ RunTime:0.0051s ]
SQL: SELECT COUNT(*) AS tp_count FROM `acc_account` LIMIT 1   [ RunTime:0.0002s ]
SQL: SELECT * FROM `acc_account` LIMIT 1,10   [ RunTime:0.0003s ]

[ 2018-03-23T09:41:15+08:00 ] ::1 /accounting/Home-Index-jsonDataBill.html?page=2&limit=10
INFO: [ app_begin ] --START--
INFO: Run Behavior\ReadHtmlCacheBehavior [ RunTime:0.000432s ]
INFO: [ app_begin ] --END-- [ RunTime:0.000717s ]
SQL: SHOW COLUMNS FROM `acc_account` [ RunTime:0.0115s ]
SQL: SELECT COUNT(*) AS tp_count FROM `acc_account` LIMIT 1   [ RunTime:0.0002s ]
SQL: SELECT * FROM `acc_account` LIMIT 1,10   [ RunTime:0.0003s ]

[ 2018-03-23T09:41:19+08:00 ] ::1 /accounting/Home-Index-jsonDataBill.html?page=1&limit=10
INFO: [ app_begin ] --START--
INFO: Run Behavior\ReadHtmlCacheBehavior [ RunTime:0.000437s ]
INFO: [ app_begin ] --END-- [ RunTime:0.000734s ]
SQL: SHOW COLUMNS FROM `acc_account` [ RunTime:0.0043s ]
SQL: SELECT COUNT(*) AS tp_count FROM `acc_account` LIMIT 1   [ RunTime:0.0002s ]
SQL: SELECT * FROM `acc_account` LIMIT 0,10   [ RunTime:0.0003s ]

[ 2018-03-23T09:41:21+08:00 ] ::1 /accounting/Home-Index-jsonDataBill.html?page=2&limit=10
INFO: [ app_begin ] --START--
INFO: Run Behavior\ReadHtmlCacheBehavior [ RunTime:0.000450s ]
INFO: [ app_begin ] --END-- [ RunTime:0.000747s ]
SQL: SHOW COLUMNS FROM `acc_account` [ RunTime:0.0050s ]
SQL: SELECT COUNT(*) AS tp_count FROM `acc_account` LIMIT 1   [ RunTime:0.0002s ]
SQL: SELECT * FROM `acc_account` LIMIT 1,10   [ RunTime:0.0003s ]

[ 2018-03-23T09:42:29+08:00 ] ::1 /accounting/Home-Index-jsonDataBill.html?page=1&limit=10
INFO: [ app_begin ] --START--
INFO: Run Behavior\ReadHtmlCacheBehavior [ RunTime:0.000446s ]
INFO: [ app_begin ] --END-- [ RunTime:0.000774s ]
SQL: SHOW COLUMNS FROM `acc_account` [ RunTime:0.0050s ]
SQL: SELECT COUNT(*) AS tp_count FROM `acc_account` LIMIT 1   [ RunTime:0.0002s ]
SQL: SELECT * FROM `acc_account` LIMIT 0,10   [ RunTime:0.0003s ]

[ 2018-03-23T09:42:32+08:00 ] ::1 /accounting/Home-Index-jsonDataBill.html?page=2&limit=10
INFO: [ app_begin ] --START--
INFO: Run Behavior\ReadHtmlCacheBehavior [ RunTime:0.000438s ]
INFO: [ app_begin ] --END-- [ RunTime:0.000776s ]
SQL: SHOW COLUMNS FROM `acc_account` [ RunTime:0.0232s ]
SQL: SELECT COUNT(*) AS tp_count FROM `acc_account` LIMIT 1   [ RunTime:0.0002s ]
SQL: SELECT * FROM `acc_account` LIMIT 1,10   [ RunTime:0.0002s ]

[ 2018-03-23T10:08:23+08:00 ] ::1 /accounting/Home-Index-jsonDataBill.html?page=1&limit=10
INFO: [ app_begin ] --START--
INFO: Run Behavior\ReadHtmlCacheBehavior [ RunTime:0.000570s ]
INFO: [ app_begin ] --END-- [ RunTime:0.000920s ]

[ 2018-03-23T10:08:24+08:00 ] ::1 /accounting/Home-Index-jsonDataCol.html?page=1&limit=10
INFO: [ app_begin ] --START--
INFO: Run Behavior\ReadHtmlCacheBehavior [ RunTime:0.000552s ]
INFO: [ app_begin ] --END-- [ RunTime:0.000914s ]
SQL: SHOW COLUMNS FROM `acc_classify` [ RunTime:0.0049s ]
SQL: SELECT COUNT(*) AS tp_count FROM `acc_classify` LIMIT 1   [ RunTime:0.0002s ]
SQL: SELECT * FROM `acc_classify` LIMIT 0,10   [ RunTime:0.0002s ]

[ 2018-03-23T10:08:30+08:00 ] ::1 /accounting/Home-Index-jsonDataBill.html?page=1&limit=10
INFO: [ app_begin ] --START--
INFO: Run Behavior\ReadHtmlCacheBehavior [ RunTime:0.000805s ]
INFO: [ app_begin ] --END-- [ RunTime:0.001356s ]

[ 2018-03-23T10:08:31+08:00 ] ::1 /accounting/Home-Index-jsonDataCol.html?page=1&limit=10
INFO: [ app_begin ] --START--
INFO: Run Behavior\ReadHtmlCacheBehavior [ RunTime:0.000433s ]
INFO: [ app_begin ] --END-- [ RunTime:0.000763s ]
SQL: SHOW COLUMNS FROM `acc_classify` [ RunTime:0.0066s ]
SQL: SELECT COUNT(*) AS tp_count FROM `acc_classify` LIMIT 1   [ RunTime:0.0003s ]
SQL: SELECT * FROM `acc_classify` LIMIT 0,10   [ RunTime:0.0002s ]

[ 2018-03-23T10:08:36+08:00 ] ::1 /accounting/Home-Index-jsonDataBill.html?page=1&limit=10
INFO: [ app_begin ] --START--
INFO: Run Behavior\ReadHtmlCacheBehavior [ RunTime:0.000433s ]
INFO: [ app_begin ] --END-- [ RunTime:0.000766s ]

[ 2018-03-23T10:08:44+08:00 ] ::1 /accounting/Home-Index-jsonDataBill.html?page=1&limit=10
INFO: [ app_begin ] --START--
INFO: Run Behavior\ReadHtmlCacheBehavior [ RunTime:0.000434s ]
INFO: [ app_begin ] --END-- [ RunTime:0.000763s ]
SQL: SHOW COLUMNS FROM `acc_account` [ RunTime:0.0049s ]
SQL: SELECT COUNT(*) AS tp_count FROM `acc_account` LIMIT 1   [ RunTime:0.0003s ]
SQL: SELECT * FROM `acc_account` LIMIT 0,10   [ RunTime:0.0003s ]

[ 2018-03-23T10:08:58+08:00 ] ::1 /accounting/Home-Index-jsonDataBill.html?page=1&limit=10
INFO: [ app_begin ] --START--
INFO: Run Behavior\ReadHtmlCacheBehavior [ RunTime:0.000433s ]
INFO: [ app_begin ] --END-- [ RunTime:0.000718s ]
SQL: SHOW COLUMNS FROM `acc_account` [ RunTime:0.0048s ]
SQL: SELECT COUNT(*) AS tp_count FROM `acc_account` LIMIT 1   [ RunTime:0.0002s ]
SQL: SELECT * FROM `acc_account` LIMIT 0,10   [ RunTime:0.0003s ]

[ 2018-03-23T10:09:17+08:00 ] ::1 /accounting/Home-Index-jsonDataBill.html?page=1&limit=10
INFO: [ app_begin ] --START--
INFO: Run Behavior\ReadHtmlCacheBehavior [ RunTime:0.000440s ]
INFO: [ app_begin ] --END-- [ RunTime:0.000770s ]
SQL: SHOW COLUMNS FROM `acc_account` [ RunTime:0.0397s ]
SQL: SELECT COUNT(*) AS tp_count FROM `acc_account` LIMIT 1   [ RunTime:0.0002s ]
SQL: SELECT * FROM `acc_account` LIMIT 0,10   [ RunTime:0.0003s ]

[ 2018-03-23T10:09:30+08:00 ] ::1 /accounting/Home-Index-jsonDataBill.html?page=2&limit=10
INFO: [ app_begin ] --START--
INFO: Run Behavior\ReadHtmlCacheBehavior [ RunTime:0.000433s ]
INFO: [ app_begin ] --END-- [ RunTime:0.000775s ]
SQL: SHOW COLUMNS FROM `acc_account` [ RunTime:0.0124s ]
SQL: SELECT COUNT(*) AS tp_count FROM `acc_account` LIMIT 1   [ RunTime:0.0002s ]
SQL: SELECT * FROM `acc_account` LIMIT 1,10   [ RunTime:0.0003s ]

[ 2018-03-23T10:16:11+08:00 ] ::1 /accounting/Home-Index-jsonDataBill.html?page=1&limit=10
INFO: [ app_begin ] --START--
INFO: Run Behavior\ReadHtmlCacheBehavior [ RunTime:0.000562s ]
INFO: [ app_begin ] --END-- [ RunTime:0.000914s ]
SQL: SHOW COLUMNS FROM `acc_account` [ RunTime:0.0048s ]
SQL: SELECT * FROM `acc_account` LIMIT 0,10   [ RunTime:0.0003s ]
SQL: SELECT COUNT(*) AS tp_count FROM `acc_account` LIMIT 1   [ RunTime:0.0002s ]

[ 2018-03-23T10:17:02+08:00 ] ::1 /accounting/Home-Index-jsonDataBill.html?page=1&limit=10
INFO: [ app_begin ] --START--
INFO: Run Behavior\ReadHtmlCacheBehavior [ RunTime:0.000603s ]
INFO: [ app_begin ] --END-- [ RunTime:0.000947s ]
SQL: SHOW COLUMNS FROM `acc_account` [ RunTime:0.0051s ]
SQL: SELECT * FROM `acc_account` LIMIT 1,10   [ RunTime:0.0003s ]
SQL: SELECT COUNT(*) AS tp_count FROM `acc_account` LIMIT 1   [ RunTime:0.0002s ]

[ 2018-03-23T10:17:05+08:00 ] ::1 /accounting/Home-Index-jsonDataBill.html?page=2&limit=10
INFO: [ app_begin ] --START--
INFO: Run Behavior\ReadHtmlCacheBehavior [ RunTime:0.000439s ]
INFO: [ app_begin ] --END-- [ RunTime:0.000736s ]
SQL: SHOW COLUMNS FROM `acc_account` [ RunTime:0.0060s ]
SQL: SELECT * FROM `acc_account` LIMIT 2,10   [ RunTime:0.0003s ]
SQL: SELECT COUNT(*) AS tp_count FROM `acc_account` LIMIT 1   [ RunTime:0.0002s ]

[ 2018-03-23T10:17:08+08:00 ] ::1 /accounting/Home-Index-jsonDataBill.html?page=1&limit=10
INFO: [ app_begin ] --START--
INFO: Run Behavior\ReadHtmlCacheBehavior [ RunTime:0.000441s ]
INFO: [ app_begin ] --END-- [ RunTime:0.000745s ]
SQL: SHOW COLUMNS FROM `acc_account` [ RunTime:0.0057s ]
SQL: SELECT * FROM `acc_account` LIMIT 1,10   [ RunTime:0.0003s ]
SQL: SELECT COUNT(*) AS tp_count FROM `acc_account` LIMIT 1   [ RunTime:0.0002s ]

[ 2018-03-23T10:17:27+08:00 ] ::1 /accounting/Home-Index-jsonDataBill.html?page=1&limit=10
INFO: [ app_begin ] --START--
INFO: Run Behavior\ReadHtmlCacheBehavior [ RunTime:0.000498s ]
INFO: [ app_begin ] --END-- [ RunTime:0.000795s ]
SQL: SHOW COLUMNS FROM `acc_account` [ RunTime:0.0902s ]
SQL: SELECT * FROM `acc_account` LIMIT 1,10   [ RunTime:0.0003s ]
SQL: SELECT COUNT(*) AS tp_count FROM `acc_account` LIMIT 1   [ RunTime:0.0002s ]

[ 2018-03-23T10:17:40+08:00 ] ::1 /accounting/Home-Index-jsonDataBill.html?page=2&limit=10
INFO: [ app_begin ] --START--
INFO: Run Behavior\ReadHtmlCacheBehavior [ RunTime:0.000489s ]
INFO: [ app_begin ] --END-- [ RunTime:0.000789s ]
SQL: SHOW COLUMNS FROM `acc_account` [ RunTime:0.0044s ]
SQL: SELECT * FROM `acc_account` LIMIT 1,10   [ RunTime:0.0004s ]
SQL: SELECT COUNT(*) AS tp_count FROM `acc_account` LIMIT 1   [ RunTime:0.0002s ]

[ 2018-03-23T10:17:42+08:00 ] ::1 /accounting/Home-Index-jsonDataBill.html?page=1&limit=10
INFO: [ app_begin ] --START--
INFO: Run Behavior\ReadHtmlCacheBehavior [ RunTime:0.000486s ]
INFO: [ app_begin ] --END-- [ RunTime:0.000770s ]
SQL: SHOW COLUMNS FROM `acc_account` [ RunTime:0.0049s ]
SQL: SELECT * FROM `acc_account` LIMIT 1,10   [ RunTime:0.0004s ]
SQL: SELECT COUNT(*) AS tp_count FROM `acc_account` LIMIT 1   [ RunTime:0.0008s ]

[ 2018-03-23T10:17:44+08:00 ] ::1 /accounting/Home-Index-jsonDataBill.html?page=2&limit=10
INFO: [ app_begin ] --START--
INFO: Run Behavior\ReadHtmlCacheBehavior [ RunTime:0.000485s ]
INFO: [ app_begin ] --END-- [ RunTime:0.000773s ]
SQL: SHOW COLUMNS FROM `acc_account` [ RunTime:0.0299s ]
SQL: SELECT * FROM `acc_account` LIMIT 1,10   [ RunTime:0.0003s ]
SQL: SELECT COUNT(*) AS tp_count FROM `acc_account` LIMIT 1   [ RunTime:0.0002s ]

[ 2018-03-23T10:17:53+08:00 ] ::1 /accounting/Home-Index-jsonDataBill.html?page=1&limit=10
INFO: [ app_begin ] --START--
INFO: Run Behavior\ReadHtmlCacheBehavior [ RunTime:0.001450s ]
INFO: [ app_begin ] --END-- [ RunTime:0.002041s ]
SQL: SHOW COLUMNS FROM `acc_account` [ RunTime:0.0045s ]
SQL: SELECT * FROM `acc_account` LIMIT 2,10   [ RunTime:0.0003s ]
SQL: SELECT COUNT(*) AS tp_count FROM `acc_account` LIMIT 1   [ RunTime:0.0002s ]

[ 2018-03-23T10:17:57+08:00 ] ::1 /accounting/Home-Index-jsonDataBill.html?page=2&limit=10
INFO: [ app_begin ] --START--
INFO: Run Behavior\ReadHtmlCacheBehavior [ RunTime:0.000487s ]
INFO: [ app_begin ] --END-- [ RunTime:0.000771s ]
SQL: SHOW COLUMNS FROM `acc_account` [ RunTime:0.0047s ]
SQL: SELECT * FROM `acc_account` LIMIT 2,10   [ RunTime:0.0011s ]
SQL: SELECT COUNT(*) AS tp_count FROM `acc_account` LIMIT 1   [ RunTime:0.0003s ]

[ 2018-03-23T10:17:59+08:00 ] ::1 /accounting/Home-Index-jsonDataBill.html?page=1&limit=10
INFO: [ app_begin ] --START--
INFO: Run Behavior\ReadHtmlCacheBehavior [ RunTime:0.000679s ]
INFO: [ app_begin ] --END-- [ RunTime:0.001184s ]
SQL: SHOW COLUMNS FROM `acc_account` [ RunTime:0.0058s ]
SQL: SELECT * FROM `acc_account` LIMIT 2,10   [ RunTime:0.0003s ]
SQL: SELECT COUNT(*) AS tp_count FROM `acc_account` LIMIT 1   [ RunTime:0.0002s ]

[ 2018-03-23T10:42:55+08:00 ] ::1 /accounting/Home-Index-jsonDataBill.html?page=1&limit=10
INFO: [ app_begin ] --START--
INFO: Run Behavior\ReadHtmlCacheBehavior [ RunTime:0.000643s ]
INFO: [ app_begin ] --END-- [ RunTime:0.001017s ]
SQL: SHOW COLUMNS FROM `acc_account` [ RunTime:0.0049s ]
SQL: SELECT * FROM `acc_account` LIMIT 1,10   [ RunTime:0.0004s ]
SQL: SELECT COUNT(*) AS tp_count FROM `acc_account` LIMIT 1   [ RunTime:0.0002s ]

[ 2018-03-23T10:42:58+08:00 ] ::1 /accounting/Home-Index-jsonDataBill.html?page=2&limit=10
INFO: [ app_begin ] --START--
INFO: Run Behavior\ReadHtmlCacheBehavior [ RunTime:0.000845s ]
INFO: [ app_begin ] --END-- [ RunTime:0.001330s ]
SQL: SHOW COLUMNS FROM `acc_account` [ RunTime:0.0048s ]
SQL: SELECT * FROM `acc_account` LIMIT 2,10   [ RunTime:0.0009s ]
SQL: SELECT COUNT(*) AS tp_count FROM `acc_account` LIMIT 1   [ RunTime:0.0002s ]

[ 2018-03-23T10:43:00+08:00 ] ::1 /accounting/Home-Index-jsonDataBill.html?page=1&limit=10
INFO: [ app_begin ] --START--
INFO: Run Behavior\ReadHtmlCacheBehavior [ RunTime:0.000486s ]
INFO: [ app_begin ] --END-- [ RunTime:0.000768s ]
SQL: SHOW COLUMNS FROM `acc_account` [ RunTime:0.0055s ]
SQL: SELECT * FROM `acc_account` LIMIT 1,10   [ RunTime:0.0003s ]
SQL: SELECT COUNT(*) AS tp_count FROM `acc_account` LIMIT 1   [ RunTime:0.0002s ]

[ 2018-03-23T10:43:02+08:00 ] ::1 /accounting/Home-Index-jsonDataBill.html?page=2&limit=10
INFO: [ app_begin ] --START--
INFO: Run Behavior\ReadHtmlCacheBehavior [ RunTime:0.000487s ]
INFO: [ app_begin ] --END-- [ RunTime:0.000773s ]
SQL: SHOW COLUMNS FROM `acc_account` [ RunTime:0.0041s ]
SQL: SELECT * FROM `acc_account` LIMIT 2,10   [ RunTime:0.0003s ]
SQL: SELECT COUNT(*) AS tp_count FROM `acc_account` LIMIT 1   [ RunTime:0.0002s ]

[ 2018-03-23T10:43:06+08:00 ] ::1 /accounting/Home-Index-jsonDataBill.html?page=1&limit=10
INFO: [ app_begin ] --START--
INFO: Run Behavior\ReadHtmlCacheBehavior [ RunTime:0.000529s ]
INFO: [ app_begin ] --END-- [ RunTime:0.000906s ]
SQL: SHOW COLUMNS FROM `acc_account` [ RunTime:0.0103s ]
SQL: SELECT * FROM `acc_account` LIMIT 1,10   [ RunTime:0.0003s ]
SQL: SELECT COUNT(*) AS tp_count FROM `acc_account` LIMIT 1   [ RunTime:0.0002s ]

[ 2018-03-23T10:43:19+08:00 ] ::1 /accounting/Home-Index-jsonDataBill.html?page=1&limit=10
INFO: [ app_begin ] --START--
INFO: Run Behavior\ReadHtmlCacheBehavior [ RunTime:0.000434s ]
INFO: [ app_begin ] --END-- [ RunTime:0.000728s ]
SQL: SHOW COLUMNS FROM `acc_account` [ RunTime:0.0053s ]
SQL: SELECT * FROM `acc_account` LIMIT 1,10   [ RunTime:0.0003s ]
SQL: SELECT COUNT(*) AS tp_count FROM `acc_account` LIMIT 1   [ RunTime:0.0002s ]

[ 2018-03-23T10:43:36+08:00 ] ::1 /accounting/Home-Index-jsonDataBill.html?page=1&limit=10
INFO: [ app_begin ] --START--
INFO: Run Behavior\ReadHtmlCacheBehavior [ RunTime:0.000548s ]
INFO: [ app_begin ] --END-- [ RunTime:0.000876s ]
SQL: SHOW COLUMNS FROM `acc_account` [ RunTime:0.0054s ]
SQL: SELECT * FROM `acc_account` LIMIT 0,10   [ RunTime:0.0003s ]
SQL: SELECT COUNT(*) AS tp_count FROM `acc_account` LIMIT 1   [ RunTime:0.0002s ]

[ 2018-03-23T10:43:41+08:00 ] ::1 /accounting/Home-Index-jsonDataBill.html?page=2&limit=10
INFO: [ app_begin ] --START--
INFO: Run Behavior\ReadHtmlCacheBehavior [ RunTime:0.000454s ]
INFO: [ app_begin ] --END-- [ RunTime:0.000776s ]
SQL: SHOW COLUMNS FROM `acc_account` [ RunTime:0.0060s ]
SQL: SELECT * FROM `acc_account` LIMIT 1,10   [ RunTime:0.0003s ]
SQL: SELECT COUNT(*) AS tp_count FROM `acc_account` LIMIT 1   [ RunTime:0.0002s ]

[ 2018-03-23T10:43:44+08:00 ] ::1 /accounting/Home-Index-jsonDataBill.html?page=1&limit=10
INFO: [ app_begin ] --START--
INFO: Run Behavior\ReadHtmlCacheBehavior [ RunTime:0.000438s ]
INFO: [ app_begin ] --END-- [ RunTime:0.000736s ]
SQL: SHOW COLUMNS FROM `acc_account` [ RunTime:0.2007s ]
SQL: SELECT * FROM `acc_account` LIMIT 0,10   [ RunTime:0.0003s ]
SQL: SELECT COUNT(*) AS tp_count FROM `acc_account` LIMIT 1   [ RunTime:0.0002s ]

[ 2018-03-23T10:43:46+08:00 ] ::1 /accounting/Home-Index-jsonDataBill.html?page=2&limit=10
INFO: [ app_begin ] --START--
INFO: Run Behavior\ReadHtmlCacheBehavior [ RunTime:0.000486s ]
INFO: [ app_begin ] --END-- [ RunTime:0.000839s ]
SQL: SHOW COLUMNS FROM `acc_account` [ RunTime:0.0266s ]
SQL: SELECT * FROM `acc_account` LIMIT 1,10   [ RunTime:0.0004s ]
SQL: SELECT COUNT(*) AS tp_count FROM `acc_account` LIMIT 1   [ RunTime:0.0002s ]

[ 2018-03-23T10:43:50+08:00 ] ::1 /accounting/Home-Index-jsonDataBill.html?page=1&limit=20
INFO: [ app_begin ] --START--
INFO: Run Behavior\ReadHtmlCacheBehavior [ RunTime:0.000433s ]
INFO: [ app_begin ] --END-- [ RunTime:0.000717s ]
SQL: SHOW COLUMNS FROM `acc_account` [ RunTime:0.0255s ]
SQL: SELECT * FROM `acc_account` LIMIT 0,10   [ RunTime:0.0003s ]
SQL: SELECT COUNT(*) AS tp_count FROM `acc_account` LIMIT 1   [ RunTime:0.0002s ]

[ 2018-03-23T10:50:00+08:00 ] ::1 /accounting/Home-Index-jsonDataBill.html?page=1&limit=10
INFO: [ app_begin ] --START--
INFO: Run Behavior\ReadHtmlCacheBehavior [ RunTime:0.001011s ]
INFO: [ app_begin ] --END-- [ RunTime:0.001539s ]
SQL: SHOW COLUMNS FROM `acc_account` [ RunTime:0.0050s ]
SQL: SELECT * FROM `acc_account` LIMIT 0,10   [ RunTime:0.0003s ]
SQL: SELECT COUNT(*) AS tp_count FROM `acc_account` LIMIT 1   [ RunTime:0.0002s ]

[ 2018-03-23T10:50:03+08:00 ] ::1 /accounting/Home-Index-jsonDataBill.html?page=2&limit=10
INFO: [ app_begin ] --START--
INFO: Run Behavior\ReadHtmlCacheBehavior [ RunTime:0.000443s ]
INFO: [ app_begin ] --END-- [ RunTime:0.000772s ]
SQL: SHOW COLUMNS FROM `acc_account` [ RunTime:0.0049s ]
SQL: SELECT * FROM `acc_account` LIMIT 1,10   [ RunTime:0.0003s ]
SQL: SELECT COUNT(*) AS tp_count FROM `acc_account` LIMIT 1   [ RunTime:0.0002s ]

[ 2018-03-23T10:51:16+08:00 ] ::1 /accounting/Home-Index-jsonDataBill.html?page=1&limit=10
INFO: [ app_begin ] --START--
INFO: Run Behavior\ReadHtmlCacheBehavior [ RunTime:0.001177s ]
INFO: [ app_begin ] --END-- [ RunTime:0.001823s ]
SQL: SHOW COLUMNS FROM `acc_account` [ RunTime:0.0051s ]
SQL: SELECT * FROM `acc_account` LIMIT 0,10   [ RunTime:0.0003s ]
SQL: SELECT COUNT(*) AS tp_count FROM `acc_account` LIMIT 1   [ RunTime:0.0002s ]

[ 2018-03-23T10:51:22+08:00 ] ::1 /accounting/Home-Index-jsonDataBill.html?page=2&limit=10
INFO: [ app_begin ] --START--
INFO: Run Behavior\ReadHtmlCacheBehavior [ RunTime:0.000434s ]
INFO: [ app_begin ] --END-- [ RunTime:0.000720s ]
SQL: SHOW COLUMNS FROM `acc_account` [ RunTime:0.0048s ]
SQL: SELECT * FROM `acc_account` LIMIT 1,10   [ RunTime:0.0003s ]
SQL: SELECT COUNT(*) AS tp_count FROM `acc_account` LIMIT 1   [ RunTime:0.0002s ]

[ 2018-03-23T10:58:01+08:00 ] ::1 /accounting/Home-Index-jsonDataBill.html?page=1&limit=10
INFO: [ app_begin ] --START--
INFO: Run Behavior\ReadHtmlCacheBehavior [ RunTime:0.000563s ]
INFO: [ app_begin ] --END-- [ RunTime:0.000891s ]
SQL: SHOW COLUMNS FROM `acc_account` [ RunTime:0.0050s ]
SQL: SELECT * FROM `acc_account` LIMIT 0,10   [ RunTime:0.0003s ]
SQL: SELECT COUNT(*) AS tp_count FROM `acc_account` LIMIT 1   [ RunTime:0.0002s ]

[ 2018-03-23T10:58:04+08:00 ] ::1 /accounting/Home-Index-jsonDataBill.html?page=2&limit=10
INFO: [ app_begin ] --START--
INFO: Run Behavior\ReadHtmlCacheBehavior [ RunTime:0.000435s ]
INFO: [ app_begin ] --END-- [ RunTime:0.000769s ]
SQL: SHOW COLUMNS FROM `acc_account` [ RunTime:0.0045s ]
SQL: SELECT * FROM `acc_account` LIMIT 1,10   [ RunTime:0.0003s ]
SQL: SELECT COUNT(*) AS tp_count FROM `acc_account` LIMIT 1   [ RunTime:0.0002s ]

[ 2018-03-23T10:58:07+08:00 ] ::1 /accounting/Home-Index-jsonDataBill.html?page=1&limit=10
INFO: [ app_begin ] --START--
INFO: Run Behavior\ReadHtmlCacheBehavior [ RunTime:0.000438s ]
INFO: [ app_begin ] --END-- [ RunTime:0.000779s ]
SQL: SHOW COLUMNS FROM `acc_account` [ RunTime:0.0050s ]
SQL: SELECT * FROM `acc_account` LIMIT 0,10   [ RunTime:0.0003s ]
SQL: SELECT COUNT(*) AS tp_count FROM `acc_account` LIMIT 1   [ RunTime:0.0002s ]

[ 2018-03-23T10:58:09+08:00 ] ::1 /accounting/Home-Index-jsonDataBill.html?page=2&limit=10
INFO: [ app_begin ] --START--
INFO: Run Behavior\ReadHtmlCacheBehavior [ RunTime:0.000441s ]
INFO: [ app_begin ] --END-- [ RunTime:0.000774s ]
SQL: SHOW COLUMNS FROM `acc_account` [ RunTime:0.0039s ]
SQL: SELECT * FROM `acc_account` LIMIT 1,10   [ RunTime:0.0003s ]
SQL: SELECT COUNT(*) AS tp_count FROM `acc_account` LIMIT 1   [ RunTime:0.0002s ]

[ 2018-03-23T10:58:12+08:00 ] ::1 /accounting/Home-Index-jsonDataBill.html?page=1&limit=20
INFO: [ app_begin ] --START--
INFO: Run Behavior\ReadHtmlCacheBehavior [ RunTime:0.000599s ]
INFO: [ app_begin ] --END-- [ RunTime:0.001191s ]
SQL: SHOW COLUMNS FROM `acc_account` [ RunTime:0.0064s ]
SQL: SELECT * FROM `acc_account` LIMIT 0,20   [ RunTime:0.0004s ]
SQL: SELECT COUNT(*) AS tp_count FROM `acc_account` LIMIT 1   [ RunTime:0.0002s ]

[ 2018-03-23T10:58:39+08:00 ] ::1 /accounting/Home-Index-jsonDataBill.html?page=1&limit=10
INFO: [ app_begin ] --START--
INFO: Run Behavior\ReadHtmlCacheBehavior [ RunTime:0.000510s ]
INFO: [ app_begin ] --END-- [ RunTime:0.000819s ]
SQL: SHOW COLUMNS FROM `acc_account` [ RunTime:0.0051s ]
SQL: SELECT * FROM `acc_account` LIMIT 0,10   [ RunTime:0.0003s ]
SQL: SELECT COUNT(*) AS tp_count FROM `acc_account` LIMIT 1   [ RunTime:0.0002s ]

[ 2018-03-23T10:59:24+08:00 ] ::1 /accounting/Home-Index-jsonDataBill.html?page=2&limit=10
INFO: [ app_begin ] --START--
INFO: Run Behavior\ReadHtmlCacheBehavior [ RunTime:0.000603s ]
INFO: [ app_begin ] --END-- [ RunTime:0.001039s ]
SQL: SHOW COLUMNS FROM `acc_account` [ RunTime:0.0062s ]
SQL: SELECT * FROM `acc_account` LIMIT 1,10   [ RunTime:0.0003s ]
SQL: SELECT COUNT(*) AS tp_count FROM `acc_account` LIMIT 1   [ RunTime:0.0002s ]

[ 2018-03-23T10:59:28+08:00 ] ::1 /accounting/Home-Index-jsonDataBill.html?page=1&limit=10
INFO: [ app_begin ] --START--
INFO: Run Behavior\ReadHtmlCacheBehavior [ RunTime:0.000832s ]
INFO: [ app_begin ] --END-- [ RunTime:0.001411s ]
SQL: SHOW COLUMNS FROM `acc_account` [ RunTime:0.0059s ]
SQL: SELECT * FROM `acc_account` LIMIT 0,10   [ RunTime:0.0003s ]
SQL: SELECT COUNT(*) AS tp_count FROM `acc_account` LIMIT 1   [ RunTime:0.0002s ]

[ 2018-03-23T11:16:30+08:00 ] ::1 /accounting/Home-Index-jsonDataBill.html?page=1&limit=10
INFO: [ app_begin ] --START--
INFO: Run Behavior\ReadHtmlCacheBehavior [ RunTime:0.000557s ]
INFO: [ app_begin ] --END-- [ RunTime:0.000881s ]
SQL: SHOW COLUMNS FROM `acc_account` [ RunTime:0.0047s ]
SQL: SELECT * FROM `acc_account` LIMIT 0,10   [ RunTime:0.0003s ]
SQL: SELECT COUNT(*) AS tp_count FROM `acc_account` LIMIT 1   [ RunTime:0.0002s ]

[ 2018-03-23T11:16:33+08:00 ] ::1 /accounting/Home-Index-jsonDataBill.html?page=2&limit=10
INFO: [ app_begin ] --START--
INFO: Run Behavior\ReadHtmlCacheBehavior [ RunTime:0.000437s ]
INFO: [ app_begin ] --END-- [ RunTime:0.000774s ]
SQL: SHOW COLUMNS FROM `acc_account` [ RunTime:0.0052s ]
SQL: SELECT * FROM `acc_account` LIMIT 10,10   [ RunTime:0.0003s ]
SQL: SELECT COUNT(*) AS tp_count FROM `acc_account` LIMIT 1   [ RunTime:0.0002s ]

[ 2018-03-23T11:16:35+08:00 ] ::1 /accounting/Home-Index-jsonDataBill.html?page=1&limit=10
INFO: [ app_begin ] --START--
INFO: Run Behavior\ReadHtmlCacheBehavior [ RunTime:0.000437s ]
INFO: [ app_begin ] --END-- [ RunTime:0.000766s ]
SQL: SHOW COLUMNS FROM `acc_account` [ RunTime:0.0052s ]
SQL: SELECT * FROM `acc_account` LIMIT 0,10   [ RunTime:0.0003s ]
SQL: SELECT COUNT(*) AS tp_count FROM `acc_account` LIMIT 1   [ RunTime:0.0002s ]

[ 2018-03-23T11:16:37+08:00 ] ::1 /accounting/Home-Index-jsonDataBill.html?page=2&limit=10
INFO: [ app_begin ] --START--
INFO: Run Behavior\ReadHtmlCacheBehavior [ RunTime:0.000483s ]
INFO: [ app_begin ] --END-- [ RunTime:0.000816s ]
SQL: SHOW COLUMNS FROM `acc_account` [ RunTime:0.0046s ]
SQL: SELECT * FROM `acc_account` LIMIT 10,10   [ RunTime:0.0003s ]
SQL: SELECT COUNT(*) AS tp_count FROM `acc_account` LIMIT 1   [ RunTime:0.0002s ]

[ 2018-03-23T11:18:09+08:00 ] ::1 /accounting/Home-Index-jsonDataBill.html?page=1&limit=10
INFO: [ app_begin ] --START--
INFO: Run Behavior\ReadHtmlCacheBehavior [ RunTime:0.001317s ]
INFO: [ app_begin ] --END-- [ RunTime:0.001802s ]
SQL: SHOW COLUMNS FROM `acc_account` [ RunTime:0.0049s ]
SQL: SELECT * FROM `acc_account` LIMIT 0,10   [ RunTime:0.0003s ]
SQL: SELECT COUNT(*) AS tp_count FROM `acc_account` LIMIT 1   [ RunTime:0.0002s ]

[ 2018-03-23T11:18:13+08:00 ] ::1 /accounting/Home-Index-jsonDataBill.html?page=1&limit=10
INFO: [ app_begin ] --START--
INFO: Run Behavior\ReadHtmlCacheBehavior [ RunTime:0.000552s ]
INFO: [ app_begin ] --END-- [ RunTime:0.000882s ]
SQL: SHOW COLUMNS FROM `acc_account` [ RunTime:0.0045s ]
SQL: SELECT * FROM `acc_account` LIMIT 0,10   [ RunTime:0.0003s ]
SQL: SELECT COUNT(*) AS tp_count FROM `acc_account` LIMIT 1   [ RunTime:0.0002s ]

[ 2018-03-23T11:18:14+08:00 ] ::1 /accounting/Home-Index-jsonDataCol.html?page=1&limit=10
INFO: [ app_begin ] --START--
INFO: Run Behavior\ReadHtmlCacheBehavior [ RunTime:0.000502s ]
INFO: [ app_begin ] --END-- [ RunTime:0.000904s ]
SQL: SHOW COLUMNS FROM `acc_classify` [ RunTime:0.0045s ]
SQL: SELECT COUNT(*) AS tp_count FROM `acc_classify` LIMIT 1   [ RunTime:0.0003s ]
SQL: SELECT * FROM `acc_classify` LIMIT 0,10   [ RunTime:0.0003s ]

[ 2018-03-23T11:18:18+08:00 ] ::1 /accounting/Home-Index-jsonDataBill.html?page=2&limit=10
INFO: [ app_begin ] --START--
INFO: Run Behavior\ReadHtmlCacheBehavior [ RunTime:0.000462s ]
INFO: [ app_begin ] --END-- [ RunTime:0.000890s ]
SQL: SHOW COLUMNS FROM `acc_account` [ RunTime:0.0041s ]
SQL: SELECT * FROM `acc_account` LIMIT 10,10   [ RunTime:0.0003s ]
SQL: SELECT COUNT(*) AS tp_count FROM `acc_account` LIMIT 1   [ RunTime:0.0002s ]

[ 2018-03-23T11:18:26+08:00 ] ::1 /accounting/Home-Index-jsonDataBill.html?page=1&limit=10
INFO: [ app_begin ] --START--
INFO: Run Behavior\ReadHtmlCacheBehavior [ RunTime:0.000436s ]
INFO: [ app_begin ] --END-- [ RunTime:0.000725s ]
SQL: SHOW COLUMNS FROM `acc_account` [ RunTime:0.0049s ]
SQL: SELECT * FROM `acc_account` LIMIT 0,10   [ RunTime:0.0003s ]
SQL: SELECT COUNT(*) AS tp_count FROM `acc_account` LIMIT 1   [ RunTime:0.0002s ]

[ 2018-03-23T11:18:31+08:00 ] ::1 /accounting/Home-Index-jsonDataBill.html?page=1&limit=20
INFO: [ app_begin ] --START--
INFO: Run Behavior\ReadHtmlCacheBehavior [ RunTime:0.000552s ]
INFO: [ app_begin ] --END-- [ RunTime:0.000878s ]
SQL: SHOW COLUMNS FROM `acc_account` [ RunTime:0.0045s ]
SQL: SELECT * FROM `acc_account` LIMIT 0,20   [ RunTime:0.0003s ]
SQL: SELECT COUNT(*) AS tp_count FROM `acc_account` LIMIT 1   [ RunTime:0.0002s ]

[ 2018-03-23T11:28:46+08:00 ] ::1 /accounting/Home-Index-jsonDataBill.html?page=1&limit=10
INFO: [ app_begin ] --START--
INFO: Run Behavior\ReadHtmlCacheBehavior [ RunTime:0.000456s ]
INFO: [ app_begin ] --END-- [ RunTime:0.000827s ]
SQL: SHOW COLUMNS FROM `acc_account` [ RunTime:0.0050s ]
SQL: SELECT * FROM `acc_account` LIMIT 0,10   [ RunTime:0.0002s ]
SQL: SELECT COUNT(*) AS tp_count FROM `acc_account` LIMIT 1   [ RunTime:0.0002s ]

[ 2018-03-23T11:28:47+08:00 ] ::1 /accounting/Home-Index-jsonDataCol.html?page=1&limit=10
INFO: [ app_begin ] --START--
INFO: Run Behavior\ReadHtmlCacheBehavior [ RunTime:0.000556s ]
INFO: [ app_begin ] --END-- [ RunTime:0.000883s ]
SQL: SHOW COLUMNS FROM `acc_classify` [ RunTime:0.0044s ]
SQL: SELECT COUNT(*) AS tp_count FROM `acc_classify` LIMIT 1   [ RunTime:0.0002s ]
SQL: SELECT * FROM `acc_classify` LIMIT 0,10   [ RunTime:0.0002s ]

[ 2018-03-23T11:32:16+08:00 ] ::1 /accounting/Home-Index-jsonDataCol.html?page=1&limit=10
INFO: [ app_begin ] --START--
INFO: Run Behavior\ReadHtmlCacheBehavior [ RunTime:0.000438s ]
INFO: [ app_begin ] --END-- [ RunTime:0.000770s ]
SQL: SHOW COLUMNS FROM `acc_classify` [ RunTime:0.0049s ]
SQL: SELECT COUNT(*) AS tp_count FROM `acc_classify` LIMIT 1   [ RunTime:0.0002s ]
SQL: SELECT * FROM `acc_classify` LIMIT 0,10   [ RunTime:0.0002s ]

[ 2018-03-23T11:57:10+08:00 ] ::1 /accounting/Home-Index-jsonDataCol.html?page=1&limit=10
INFO: [ app_begin ] --START--
INFO: Run Behavior\ReadHtmlCacheBehavior [ RunTime:0.000716s ]
INFO: [ app_begin ] --END-- [ RunTime:0.001153s ]
SQL: SHOW COLUMNS FROM `acc_classify` [ RunTime:0.0046s ]
SQL: SELECT COUNT(*) AS tp_count FROM `acc_classify` LIMIT 1   [ RunTime:0.0002s ]
SQL: SELECT * FROM `acc_classify` LIMIT 0,10   [ RunTime:0.0002s ]

[ 2018-03-23T12:10:38+08:00 ] ::1 /accounting/Home-Index-jsonDataCol.html?page=1&limit=10
INFO: [ app_begin ] --START--
INFO: Run Behavior\ReadHtmlCacheBehavior [ RunTime:0.000436s ]
INFO: [ app_begin ] --END-- [ RunTime:0.000773s ]
SQL: SHOW COLUMNS FROM `acc_classify` [ RunTime:0.0048s ]
SQL: SELECT COUNT(*) AS tp_count FROM `acc_classify` LIMIT 1   [ RunTime:0.0002s ]
SQL: SELECT * FROM `acc_classify` LIMIT 0,10   [ RunTime:0.0002s ]

[ 2018-03-23T12:14:40+08:00 ] ::1 /accounting/Home-Index-jsonDataCol.html?page=1&limit=10
INFO: [ app_begin ] --START--
INFO: Run Behavior\ReadHtmlCacheBehavior [ RunTime:0.000622s ]
INFO: [ app_begin ] --END-- [ RunTime:0.001127s ]
SQL: SHOW COLUMNS FROM `acc_classify` [ RunTime:0.0171s ]
SQL: SELECT COUNT(*) AS tp_count FROM `acc_classify` LIMIT 1   [ RunTime:0.0002s ]
SQL: SELECT * FROM `acc_classify` LIMIT 0,10   [ RunTime:0.0002s ]

[ 2018-03-23T12:14:41+08:00 ] ::1 /accounting/Home-Index-jsonDataBill.html?page=1&limit=10
INFO: [ app_begin ] --START--
INFO: Run Behavior\ReadHtmlCacheBehavior [ RunTime:0.000667s ]
INFO: [ app_begin ] --END-- [ RunTime:0.001177s ]
SQL: SHOW COLUMNS FROM `acc_account` [ RunTime:0.0049s ]
SQL: SELECT * FROM `acc_account` LIMIT 0,10   [ RunTime:0.0003s ]
SQL: SELECT COUNT(*) AS tp_count FROM `acc_account` LIMIT 1   [ RunTime:0.0002s ]

[ 2018-03-23T12:16:39+08:00 ] ::1 /accounting/Home-Index-jsonDataCol.html?page=1&limit=10
INFO: [ app_begin ] --START--
INFO: Run Behavior\ReadHtmlCacheBehavior [ RunTime:0.000528s ]
INFO: [ app_begin ] --END-- [ RunTime:0.000964s ]
SQL: SHOW COLUMNS FROM `acc_classify` [ RunTime:0.0067s ]
SQL: SELECT COUNT(*) AS tp_count FROM `acc_classify` LIMIT 1   [ RunTime:0.0004s ]
SQL: SELECT * FROM `acc_classify` LIMIT 0,10   [ RunTime:0.0004s ]

[ 2018-03-23T12:18:24+08:00 ] ::1 /accounting/Home-Index-jsonDataCol.html?page=1&limit=10
INFO: [ app_begin ] --START--
INFO: Run Behavior\ReadHtmlCacheBehavior [ RunTime:0.000445s ]
INFO: [ app_begin ] --END-- [ RunTime:0.000780s ]
SQL: SHOW COLUMNS FROM `acc_classify` [ RunTime:0.0048s ]
SQL: SELECT COUNT(*) AS tp_count FROM `acc_classify` LIMIT 1   [ RunTime:0.0002s ]
SQL: SELECT * FROM `acc_classify` LIMIT 0,10   [ RunTime:0.0002s ]

[ 2018-03-23T12:18:27+08:00 ] ::1 /accounting/Home-Index-jsonDataCol.html?page=2&limit=10
INFO: [ app_begin ] --START--
INFO: Run Behavior\ReadHtmlCacheBehavior [ RunTime:0.000437s ]
INFO: [ app_begin ] --END-- [ RunTime:0.000781s ]
SQL: SHOW COLUMNS FROM `acc_classify` [ RunTime:0.0059s ]
SQL: SELECT COUNT(*) AS tp_count FROM `acc_classify` LIMIT 1   [ RunTime:0.0002s ]
SQL: SELECT * FROM `acc_classify` LIMIT 10,10   [ RunTime:0.0002s ]

[ 2018-03-23T12:18:29+08:00 ] ::1 /accounting/Home-Index-jsonDataCol.html?page=1&limit=10
INFO: [ app_begin ] --START--
INFO: Run Behavior\ReadHtmlCacheBehavior [ RunTime:0.000435s ]
INFO: [ app_begin ] --END-- [ RunTime:0.000769s ]
SQL: SHOW COLUMNS FROM `acc_classify` [ RunTime:0.0060s ]
SQL: SELECT COUNT(*) AS tp_count FROM `acc_classify` LIMIT 1   [ RunTime:0.0002s ]
SQL: SELECT * FROM `acc_classify` LIMIT 0,10   [ RunTime:0.0002s ]

[ 2018-03-23T12:18:34+08:00 ] ::1 /accounting/Home-Index-jsonDataCol.html?page=1&limit=20
INFO: [ app_begin ] --START--
INFO: Run Behavior\ReadHtmlCacheBehavior [ RunTime:0.000438s ]
INFO: [ app_begin ] --END-- [ RunTime:0.000775s ]
SQL: SHOW COLUMNS FROM `acc_classify` [ RunTime:0.0050s ]
SQL: SELECT COUNT(*) AS tp_count FROM `acc_classify` LIMIT 1   [ RunTime:0.0002s ]
SQL: SELECT * FROM `acc_classify` LIMIT 0,20   [ RunTime:0.0003s ]

[ 2018-03-23T12:18:55+08:00 ] ::1 /accounting/Home-Index-jsonDataCol.html?page=1&limit=10
INFO: [ app_begin ] --START--
INFO: Run Behavior\ReadHtmlCacheBehavior [ RunTime:0.000651s ]
INFO: [ app_begin ] --END-- [ RunTime:0.001126s ]
SQL: SHOW COLUMNS FROM `acc_classify` [ RunTime:0.0048s ]
SQL: SELECT COUNT(*) AS tp_count FROM `acc_classify` LIMIT 1   [ RunTime:0.0003s ]
SQL: SELECT * FROM `acc_classify` LIMIT 0,10   [ RunTime:0.0004s ]

[ 2018-03-23T12:19:03+08:00 ] ::1 /accounting/Home-Index-jsonDataCol.html?page=1&limit=20
INFO: [ app_begin ] --START--
INFO: Run Behavior\ReadHtmlCacheBehavior [ RunTime:0.000516s ]
INFO: [ app_begin ] --END-- [ RunTime:0.000895s ]
SQL: SHOW COLUMNS FROM `acc_classify` [ RunTime:0.0052s ]
SQL: SELECT COUNT(*) AS tp_count FROM `acc_classify` LIMIT 1   [ RunTime:0.0002s ]
SQL: SELECT * FROM `acc_classify` LIMIT 0,20   [ RunTime:0.0003s ]

[ 2018-03-23T12:19:43+08:00 ] ::1 /accounting/Home-Index-jsonDataCol.html?page=1&limit=10
INFO: [ app_begin ] --START--
INFO: Run Behavior\ReadHtmlCacheBehavior [ RunTime:0.000489s ]
INFO: [ app_begin ] --END-- [ RunTime:0.000774s ]
SQL: SHOW COLUMNS FROM `acc_classify` [ RunTime:0.0068s ]
SQL: SELECT COUNT(*) AS tp_count FROM `acc_classify` LIMIT 1   [ RunTime:0.0002s ]
SQL: SELECT * FROM `acc_classify` LIMIT 0,10   [ RunTime:0.0002s ]

[ 2018-03-23T12:19:50+08:00 ] ::1 /accounting/Home-Index-jsonDataCol.html?page=2&limit=10
INFO: [ app_begin ] --START--
INFO: Run Behavior\ReadHtmlCacheBehavior [ RunTime:0.000488s ]
INFO: [ app_begin ] --END-- [ RunTime:0.000774s ]
SQL: SHOW COLUMNS FROM `acc_classify` [ RunTime:0.0059s ]
SQL: SELECT COUNT(*) AS tp_count FROM `acc_classify` LIMIT 1   [ RunTime:0.0004s ]
SQL: SELECT * FROM `acc_classify` LIMIT 10,10   [ RunTime:0.0004s ]

[ 2018-03-23T12:19:55+08:00 ] ::1 /accounting/Home-Index-jsonDataCol.html?page=1&limit=10
INFO: [ app_begin ] --START--
INFO: Run Behavior\ReadHtmlCacheBehavior [ RunTime:0.000486s ]
INFO: [ app_begin ] --END-- [ RunTime:0.000768s ]
SQL: SHOW COLUMNS FROM `acc_classify` [ RunTime:0.0059s ]
SQL: SELECT COUNT(*) AS tp_count FROM `acc_classify` LIMIT 1   [ RunTime:0.0002s ]
SQL: SELECT * FROM `acc_classify` LIMIT 0,10   [ RunTime:0.0003s ]

[ 2018-03-23T12:20:00+08:00 ] ::1 /accounting/Home-Index-jsonDataCol.html?page=1&limit=20
INFO: [ app_begin ] --START--
INFO: Run Behavior\ReadHtmlCacheBehavior [ RunTime:0.001359s ]
INFO: [ app_begin ] --END-- [ RunTime:0.001689s ]
SQL: SHOW COLUMNS FROM `acc_classify` [ RunTime:0.0058s ]
SQL: SELECT COUNT(*) AS tp_count FROM `acc_classify` LIMIT 1   [ RunTime:0.0002s ]
SQL: SELECT * FROM `acc_classify` LIMIT 0,20   [ RunTime:0.0003s ]

[ 2018-03-23T13:31:48+08:00 ] ::1 /accounting/Home-Index-jsonDataBill.html?page=1&limit=10
INFO: [ app_begin ] --START--
INFO: Run Behavior\ReadHtmlCacheBehavior [ RunTime:0.000567s ]
INFO: [ app_begin ] --END-- [ RunTime:0.000902s ]
SQL: SHOW COLUMNS FROM `acc_account` [ RunTime:0.1815s ]
SQL: SELECT * FROM `acc_account` LIMIT 0,10   [ RunTime:0.0003s ]
SQL: SELECT COUNT(*) AS tp_count FROM `acc_account` LIMIT 1   [ RunTime:0.0002s ]

[ 2018-03-23T13:31:49+08:00 ] ::1 /accounting/Home-Index-jsonDataCol.html?page=1&limit=10
INFO: [ app_begin ] --START--
INFO: Run Behavior\ReadHtmlCacheBehavior [ RunTime:0.000617s ]
INFO: [ app_begin ] --END-- [ RunTime:0.000962s ]
SQL: SHOW COLUMNS FROM `acc_classify` [ RunTime:0.0046s ]
SQL: SELECT COUNT(*) AS tp_count FROM `acc_classify` LIMIT 1   [ RunTime:0.0002s ]
SQL: SELECT * FROM `acc_classify` LIMIT 0,10   [ RunTime:0.0002s ]

[ 2018-03-23T13:32:06+08:00 ] ::1 /accounting/Home-Index-jsonDataBill.html?page=1&limit=10
INFO: [ app_begin ] --START--
INFO: Run Behavior\ReadHtmlCacheBehavior [ RunTime:0.000436s ]
INFO: [ app_begin ] --END-- [ RunTime:0.000723s ]
SQL: SHOW COLUMNS FROM `acc_account` [ RunTime:0.0048s ]
SQL: SELECT * FROM `acc_account` LIMIT 0,10   [ RunTime:0.0003s ]
SQL: SELECT COUNT(*) AS tp_count FROM `acc_account` LIMIT 1   [ RunTime:0.0002s ]

[ 2018-03-23T13:32:07+08:00 ] ::1 /accounting/Home-Index-jsonDataCol.html?page=1&limit=10
INFO: [ app_begin ] --START--
INFO: Run Behavior\ReadHtmlCacheBehavior [ RunTime:0.000447s ]
INFO: [ app_begin ] --END-- [ RunTime:0.000863s ]
SQL: SHOW COLUMNS FROM `acc_classify` [ RunTime:0.0052s ]
SQL: SELECT COUNT(*) AS tp_count FROM `acc_classify` LIMIT 1   [ RunTime:0.0002s ]
SQL: SELECT * FROM `acc_classify` LIMIT 0,10   [ RunTime:0.0003s ]

[ 2018-03-23T14:52:31+08:00 ] ::1 /accounting/Home-Index-jsonDataBill.html?page=1&limit=10
INFO: [ app_begin ] --START--
INFO: Run Behavior\ReadHtmlCacheBehavior [ RunTime:0.000585s ]
INFO: [ app_begin ] --END-- [ RunTime:0.000911s ]
SQL: SHOW COLUMNS FROM `acc_account` [ RunTime:0.0054s ]
SQL: SELECT * FROM `acc_account` LIMIT 0,10   [ RunTime:0.0002s ]
SQL: SELECT COUNT(*) AS tp_count FROM `acc_account` LIMIT 1   [ RunTime:0.0002s ]

[ 2018-03-23T14:52:32+08:00 ] ::1 /accounting/Home-Index-jsonDataCol.html?page=1&limit=10
INFO: [ app_begin ] --START--
INFO: Run Behavior\ReadHtmlCacheBehavior [ RunTime:0.000519s ]
INFO: [ app_begin ] --END-- [ RunTime:0.000965s ]
SQL: SHOW COLUMNS FROM `acc_classify` [ RunTime:0.0052s ]
SQL: SELECT COUNT(*) AS tp_count FROM `acc_classify` LIMIT 1   [ RunTime:0.0003s ]
SQL: SELECT * FROM `acc_classify` LIMIT 0,10   [ RunTime:0.0002s ]

[ 2018-03-23T14:52:41+08:00 ] ::1 /accounting/Home-Index-jsonDataCol.html?page=2&limit=10
INFO: [ app_begin ] --START--
INFO: Run Behavior\ReadHtmlCacheBehavior [ RunTime:0.000431s ]
INFO: [ app_begin ] --END-- [ RunTime:0.000759s ]
SQL: SHOW COLUMNS FROM `acc_classify` [ RunTime:0.0050s ]
SQL: SELECT COUNT(*) AS tp_count FROM `acc_classify` LIMIT 1   [ RunTime:0.0002s ]
SQL: SELECT * FROM `acc_classify` LIMIT 10,10   [ RunTime:0.0002s ]

[ 2018-03-23T14:54:28+08:00 ] ::1 /accounting/Home-Index-jsonDataBill.html?page=1&limit=10
INFO: [ app_begin ] --START--
INFO: Run Behavior\ReadHtmlCacheBehavior [ RunTime:0.000437s ]
INFO: [ app_begin ] --END-- [ RunTime:0.000781s ]
SQL: SHOW COLUMNS FROM `acc_account` [ RunTime:0.0105s ]
SQL: SELECT * FROM `acc_account` LIMIT 0,10   [ RunTime:0.0002s ]
SQL: SELECT COUNT(*) AS tp_count FROM `acc_account` LIMIT 1   [ RunTime:0.0002s ]

[ 2018-03-23T14:54:29+08:00 ] ::1 /accounting/Home-Index-jsonDataCol.html?page=1&limit=10
INFO: [ app_begin ] --START--
INFO: Run Behavior\ReadHtmlCacheBehavior [ RunTime:0.000431s ]
INFO: [ app_begin ] --END-- [ RunTime:0.000757s ]
SQL: SHOW COLUMNS FROM `acc_classify` [ RunTime:0.0125s ]
SQL: SELECT COUNT(*) AS tp_count FROM `acc_classify` LIMIT 1   [ RunTime:0.0003s ]
SQL: SELECT * FROM `acc_classify` LIMIT 0,10   [ RunTime:0.0002s ]

[ 2018-03-23T20:33:08+08:00 ] ::1 /accounting/Home-Index-jsonDataBill.html?page=1&limit=10
INFO: [ app_begin ] --START--
INFO: Run Behavior\ReadHtmlCacheBehavior [ RunTime:0.000677s ]
INFO: [ app_begin ] --END-- [ RunTime:0.001273s ]
SQL: SHOW COLUMNS FROM `acc_account` [ RunTime:0.0141s ]
SQL: SELECT * FROM `acc_account` LIMIT 0,10   [ RunTime:0.0002s ]
SQL: SELECT COUNT(*) AS tp_count FROM `acc_account` LIMIT 1   [ RunTime:0.0003s ]

[ 2018-03-23T20:33:09+08:00 ] ::1 /accounting/Home-Index-jsonDataCol.html?page=1&limit=10
INFO: [ app_begin ] --START--
INFO: Run Behavior\ReadHtmlCacheBehavior [ RunTime:0.000675s ]
INFO: [ app_begin ] --END-- [ RunTime:0.001138s ]
SQL: SHOW COLUMNS FROM `acc_classify` [ RunTime:0.0065s ]
SQL: SELECT COUNT(*) AS tp_count FROM `acc_classify` LIMIT 1   [ RunTime:0.0003s ]
SQL: SELECT * FROM `acc_classify` LIMIT 0,10   [ RunTime:0.0003s ]

[ 2018-03-23T20:33:48+08:00 ] ::1 /accounting/Home-Index-jsonDataCol.html?page=2&limit=10
INFO: [ app_begin ] --START--
INFO: Run Behavior\ReadHtmlCacheBehavior [ RunTime:0.000434s ]
INFO: [ app_begin ] --END-- [ RunTime:0.000718s ]
SQL: SHOW COLUMNS FROM `acc_classify` [ RunTime:0.0047s ]
SQL: SELECT COUNT(*) AS tp_count FROM `acc_classify` LIMIT 1   [ RunTime:0.0002s ]
SQL: SELECT * FROM `acc_classify` LIMIT 10,10   [ RunTime:0.0002s ]

[ 2018-03-23T20:33:51+08:00 ] ::1 /accounting/Home-Index-jsonDataCol.html?page=1&limit=10
INFO: [ app_begin ] --START--
INFO: Run Behavior\ReadHtmlCacheBehavior [ RunTime:0.000437s ]
INFO: [ app_begin ] --END-- [ RunTime:0.000723s ]
SQL: SHOW COLUMNS FROM `acc_classify` [ RunTime:0.0047s ]
SQL: SELECT COUNT(*) AS tp_count FROM `acc_classify` LIMIT 1   [ RunTime:0.0003s ]
SQL: SELECT * FROM `acc_classify` LIMIT 0,10   [ RunTime:0.0003s ]

[ 2018-03-23T20:33:54+08:00 ] ::1 /accounting/Home-Index-jsonDataCol.html?page=2&limit=10
INFO: [ app_begin ] --START--
INFO: Run Behavior\ReadHtmlCacheBehavior [ RunTime:0.000454s ]
INFO: [ app_begin ] --END-- [ RunTime:0.000760s ]
SQL: SHOW COLUMNS FROM `acc_classify` [ RunTime:0.0046s ]
SQL: SELECT COUNT(*) AS tp_count FROM `acc_classify` LIMIT 1   [ RunTime:0.0003s ]
SQL: SELECT * FROM `acc_classify` LIMIT 10,10   [ RunTime:0.0002s ]

[ 2018-03-23T21:29:35+08:00 ] ::1 /accounting/Home-Index-jsonDataBill.html?page=1&limit=10
INFO: [ app_begin ] --START--
INFO: Run Behavior\ReadHtmlCacheBehavior [ RunTime:0.000439s ]
INFO: [ app_begin ] --END-- [ RunTime:0.000734s ]
SQL: SHOW COLUMNS FROM `acc_account` [ RunTime:0.0048s ]
SQL: SELECT * FROM `acc_account` LIMIT 0,10   [ RunTime:0.0003s ]
SQL: SELECT COUNT(*) AS tp_count FROM `acc_account` LIMIT 1   [ RunTime:0.0002s ]

[ 2018-03-23T21:29:36+08:00 ] ::1 /accounting/Home-Index-jsonDataCol.html?page=1&limit=10
INFO: [ app_begin ] --START--
INFO: Run Behavior\ReadHtmlCacheBehavior [ RunTime:0.000450s ]
INFO: [ app_begin ] --END-- [ RunTime:0.000780s ]
SQL: SHOW COLUMNS FROM `acc_classify` [ RunTime:0.0036s ]
SQL: SELECT COUNT(*) AS tp_count FROM `acc_classify` LIMIT 1   [ RunTime:0.0003s ]
SQL: SELECT * FROM `acc_classify` LIMIT 0,10   [ RunTime:0.0002s ]

[ 2018-03-23T21:30:42+08:00 ] ::1 /accounting/Home-Index-jsonDataBill.html?page=1&limit=10
INFO: [ app_begin ] --START--
INFO: Run Behavior\ReadHtmlCacheBehavior [ RunTime:0.000445s ]
INFO: [ app_begin ] --END-- [ RunTime:0.000778s ]
SQL: SHOW COLUMNS FROM `acc_account` [ RunTime:0.0093s ]
SQL: SELECT * FROM `acc_account` LIMIT 0,10   [ RunTime:0.0003s ]
SQL: SELECT COUNT(*) AS tp_count FROM `acc_account` LIMIT 1   [ RunTime:0.0002s ]

[ 2018-03-23T21:30:43+08:00 ] ::1 /accounting/Home-Index-jsonDataCol.html?page=1&limit=10
INFO: [ app_begin ] --START--
INFO: Run Behavior\ReadHtmlCacheBehavior [ RunTime:0.000450s ]
INFO: [ app_begin ] --END-- [ RunTime:0.000750s ]
SQL: SHOW COLUMNS FROM `acc_classify` [ RunTime:0.1216s ]
SQL: SELECT COUNT(*) AS tp_count FROM `acc_classify` LIMIT 1   [ RunTime:0.0002s ]
SQL: SELECT * FROM `acc_classify` LIMIT 0,10   [ RunTime:0.0003s ]

[ 2018-03-23T21:50:53+08:00 ] ::1 /accounting/Home-Index-jsonDataCol.html?page=1&limit=10
INFO: [ app_begin ] --START--
INFO: Run Behavior\ReadHtmlCacheBehavior [ RunTime:0.000597s ]
INFO: [ app_begin ] --END-- [ RunTime:0.000987s ]
SQL: SHOW COLUMNS FROM `acc_classify` [ RunTime:0.0099s ]
SQL: SELECT COUNT(*) AS tp_count FROM `acc_classify` LIMIT 1   [ RunTime:0.0003s ]
SQL: SELECT * FROM `acc_classify` LIMIT 0,10   [ RunTime:0.0002s ]

[ 2018-03-23T21:50:54+08:00 ] ::1 /accounting/Home-Index-jsonDataBill.html?page=1&limit=10
INFO: [ app_begin ] --START--
INFO: Run Behavior\ReadHtmlCacheBehavior [ RunTime:0.000565s ]
INFO: [ app_begin ] --END-- [ RunTime:0.000904s ]
SQL: SHOW COLUMNS FROM `acc_account` [ RunTime:0.0036s ]
SQL: SELECT * FROM `acc_account` LIMIT 0,10   [ RunTime:0.0003s ]
SQL: SELECT COUNT(*) AS tp_count FROM `acc_account` LIMIT 1   [ RunTime:0.0002s ]

[ 2018-03-23T21:52:21+08:00 ] ::1 /accounting/Home-Index-jsonDataBill.html?page=1&limit=10
INFO: [ app_begin ] --START--
INFO: Run Behavior\ReadHtmlCacheBehavior [ RunTime:0.000786s ]
INFO: [ app_begin ] --END-- [ RunTime:0.001319s ]
SQL: SHOW COLUMNS FROM `acc_account` [ RunTime:0.0042s ]
SQL: SELECT * FROM `acc_account` LIMIT 0,10   [ RunTime:0.0003s ]
SQL: SELECT COUNT(*) AS tp_count FROM `acc_account` LIMIT 1   [ RunTime:0.0002s ]

[ 2018-03-23T21:52:22+08:00 ] ::1 /accounting/Home-Index-jsonDataCol.html?page=1&limit=10
INFO: [ app_begin ] --START--
INFO: Run Behavior\ReadHtmlCacheBehavior [ RunTime:0.000451s ]
INFO: [ app_begin ] --END-- [ RunTime:0.000744s ]
SQL: SHOW COLUMNS FROM `acc_classify` [ RunTime:0.0044s ]
SQL: SELECT COUNT(*) AS tp_count FROM `acc_classify` LIMIT 1   [ RunTime:0.0003s ]
SQL: SELECT * FROM `acc_classify` LIMIT 0,10   [ RunTime:0.0002s ]

[ 2018-03-23T21:53:13+08:00 ] ::1 /accounting/Home-Index-jsonDataBill.html?page=1&limit=10
INFO: [ app_begin ] --START--
INFO: Run Behavior\ReadHtmlCacheBehavior [ RunTime:0.000440s ]
INFO: [ app_begin ] --END-- [ RunTime:0.000734s ]
SQL: SHOW COLUMNS FROM `acc_account` [ RunTime:0.0036s ]
SQL: SELECT * FROM `acc_account` LIMIT 0,10   [ RunTime:0.0003s ]
SQL: SELECT COUNT(*) AS tp_count FROM `acc_account` LIMIT 1   [ RunTime:0.0002s ]

[ 2018-03-23T21:53:14+08:00 ] ::1 /accounting/Home-Index-jsonDataCol.html?page=1&limit=10
INFO: [ app_begin ] --START--
INFO: Run Behavior\ReadHtmlCacheBehavior [ RunTime:0.000645s ]
INFO: [ app_begin ] --END-- [ RunTime:0.001124s ]
SQL: SHOW COLUMNS FROM `acc_classify` [ RunTime:0.0042s ]
SQL: SELECT COUNT(*) AS tp_count FROM `acc_classify` LIMIT 1   [ RunTime:0.0002s ]
SQL: SELECT * FROM `acc_classify` LIMIT 0,10   [ RunTime:0.0003s ]

