[ 2018-04-01T16:44:12+08:00 ] ::1 /accounting/Home-Index-jsonDataBill.html?page=1&limit=10
INFO: [ app_begin ] --START--
INFO: Run Behavior\ReadHtmlCacheBehavior [ RunTime:0.000553s ]
INFO: [ app_begin ] --END-- [ RunTime:0.000874s ]
SQL: SHOW COLUMNS FROM `acc_account` [ RunTime:0.0165s ]
SQL: SELECT * FROM `acc_account` WHERE ( a_user='yangwendi' ) LIMIT 0,10   [ RunTime:0.0003s ]
SQL: SELECT COUNT(*) AS tp_count FROM `acc_account` WHERE ( a_user='yangwendi' ) LIMIT 1   [ RunTime:0.0003s ]

[ 2018-04-01T16:44:13+08:00 ] ::1 /accounting/Home-Index-jsonDataCol.html?page=1&limit=10
INFO: [ app_begin ] --START--
INFO: Run Behavior\ReadHtmlCacheBehavior [ RunTime:0.000437s ]
INFO: [ app_begin ] --END-- [ RunTime:0.000728s ]
SQL: SHOW COLUMNS FROM `acc_classify` [ RunTime:0.0152s ]
SQL: SELECT * FROM `acc_classify` WHERE ( cols_user='yangwendi' ) LIMIT 0,10   [ RunTime:0.0003s ]
SQL: SELECT COUNT(*) AS tp_count FROM `acc_classify` WHERE ( cols_user='yangwendi' ) LIMIT 1   [ RunTime:0.0002s ]

[ 2018-04-01T16:45:43+08:00 ] ::1 /accounting/Home-Index-jsonDataBill.html?page=1&limit=10
INFO: [ app_begin ] --START--
INFO: Run Behavior\ReadHtmlCacheBehavior [ RunTime:0.000485s ]
INFO: [ app_begin ] --END-- [ RunTime:0.000772s ]
SQL: SHOW COLUMNS FROM `acc_account` [ RunTime:0.0050s ]
SQL: SELECT * FROM `acc_account` WHERE ( a_user='yangwendi' ) LIMIT 0,10   [ RunTime:0.0003s ]
SQL: SELECT COUNT(*) AS tp_count FROM `acc_account` WHERE ( a_user='yangwendi' ) LIMIT 1   [ RunTime:0.0003s ]

[ 2018-04-01T16:45:47+08:00 ] ::1 /accounting/Home-Index-jsonDataBill.html?page=10&limit=10
INFO: [ app_begin ] --START--
INFO: Run Behavior\ReadHtmlCacheBehavior [ RunTime:0.000623s ]
INFO: [ app_begin ] --END-- [ RunTime:0.001033s ]
SQL: SHOW COLUMNS FROM `acc_account` [ RunTime:0.0050s ]
SQL: SELECT * FROM `acc_account` WHERE ( a_user='yangwendi' ) LIMIT 90,10   [ RunTime:0.0004s ]
SQL: SELECT COUNT(*) AS tp_count FROM `acc_account` WHERE ( a_user='yangwendi' ) LIMIT 1   [ RunTime:0.0002s ]

[ 2018-04-01T19:40:56+08:00 ] ::1 /accounting/Home-Index-jsonDataBill.html?page=1&limit=10
INFO: [ app_begin ] --START--
INFO: Run Behavior\ReadHtmlCacheBehavior [ RunTime:0.000437s ]
INFO: [ app_begin ] --END-- [ RunTime:0.000727s ]
SQL: SHOW COLUMNS FROM `acc_account` [ RunTime:0.0050s ]
SQL: SELECT * FROM `acc_account` WHERE ( a_user='yangwendi' ) LIMIT 0,10   [ RunTime:0.0003s ]
SQL: SELECT COUNT(*) AS tp_count FROM `acc_account` WHERE ( a_user='yangwendi' ) LIMIT 1   [ RunTime:0.0028s ]

[ 2018-04-01T19:40:57+08:00 ] ::1 /accounting/Home-Index-jsonDataCol.html?page=1&limit=10
INFO: [ app_begin ] --START--
INFO: Run Behavior\ReadHtmlCacheBehavior [ RunTime:0.000540s ]
INFO: [ app_begin ] --END-- [ RunTime:0.000993s ]
SQL: SHOW COLUMNS FROM `acc_classify` [ RunTime:0.0048s ]
SQL: SELECT * FROM `acc_classify` WHERE ( cols_user='yangwendi' ) LIMIT 0,10   [ RunTime:0.0003s ]
SQL: SELECT COUNT(*) AS tp_count FROM `acc_classify` WHERE ( cols_user='yangwendi' ) LIMIT 1   [ RunTime:0.0002s ]

[ 2018-04-01T19:42:12+08:00 ] ::1 /accounting/Home-Index-jsonDataBill.html?page=1&limit=10
INFO: [ app_begin ] --START--
INFO: Run Behavior\ReadHtmlCacheBehavior [ RunTime:0.000684s ]
INFO: [ app_begin ] --END-- [ RunTime:0.001218s ]
SQL: SHOW COLUMNS FROM `acc_account` [ RunTime:0.0054s ]
SQL: SELECT * FROM `acc_account` WHERE ( a_user='yangwendi' ) LIMIT 0,10   [ RunTime:0.0003s ]
SQL: SELECT COUNT(*) AS tp_count FROM `acc_account` WHERE ( a_user='yangwendi' ) LIMIT 1   [ RunTime:0.0002s ]

[ 2018-04-01T19:42:15+08:00 ] ::1 /accounting/Home-Index-jsonDataBill.html?page=10&limit=10
INFO: [ app_begin ] --START--
INFO: Run Behavior\ReadHtmlCacheBehavior [ RunTime:0.000436s ]
INFO: [ app_begin ] --END-- [ RunTime:0.000775s ]
SQL: SHOW COLUMNS FROM `acc_account` [ RunTime:0.0050s ]
SQL: SELECT * FROM `acc_account` WHERE ( a_user='yangwendi' ) LIMIT 90,10   [ RunTime:0.0004s ]
SQL: SELECT COUNT(*) AS tp_count FROM `acc_account` WHERE ( a_user='yangwendi' ) LIMIT 1   [ RunTime:0.0002s ]

