[ 2018-03-15T09:24:56+08:00 ] ::1 /accounting/index.php/Home/Index/Public/style/login.css
ERR: 非法操作:Public

[ 2018-03-15T09:24:56+08:00 ] ::1 /accounting/index.php/Home/Index/Public/js/layui/layui.all.js
ERR: 非法操作:Public

[ 2018-03-15T09:24:56+08:00 ] ::1 /accounting/index.php/Home/Index/Public/js/login.js
ERR: 非法操作:Public

[ 2018-03-15T09:24:56+08:00 ] ::1 /accounting/index.php/Home/Index/Public/js/layui/css/layui.css
ERR: 非法操作:Public

[ 2018-03-15T09:25:22+08:00 ] ::1 /accounting/index.php/Home/Index/Public/js/layui/css/layui.css
ERR: 非法操作:Public

[ 2018-03-15T09:25:22+08:00 ] ::1 /accounting/index.php/Home/Index/Public/js/layui/layui.all.js
ERR: 非法操作:Public

[ 2018-03-15T09:25:22+08:00 ] ::1 /accounting/index.php/Home/Index/Public/style/login.css
ERR: 非法操作:Public

[ 2018-03-15T09:25:22+08:00 ] ::1 /accounting/index.php/Home/Index/Public/js/login.js
ERR: 非法操作:Public

[ 2018-03-15T09:26:57+08:00 ] ::1 /accounting/index.php/Home/Index/login.html
ERR: Unable to load template file 'y\WWW\accounting\ThinkPHP/Tpl/dispatch_jump.tpl'

[ 2018-03-15T09:27:28+08:00 ] ::1 /accounting/index.php/Home/Index/login.html
ERR: Unable to load template file 'y\WWW\accounting\ThinkPHP/Tpl/dispatch_jump.tpl'

[ 2018-03-15T09:32:05+08:00 ] ::1 /accounting/index.php/Home/Index/Public/js/layui/css/layui.css
ERR: 非法操作:Public

[ 2018-03-15T09:32:05+08:00 ] ::1 /accounting/index.php/Home/Index/Public/style/login.css
ERR: 非法操作:Public

[ 2018-03-15T09:32:05+08:00 ] ::1 /accounting/index.php/Home/Index/Public/js/login.js
ERR: 非法操作:Public

[ 2018-03-15T09:32:05+08:00 ] ::1 /accounting/index.php/Home/Index/Public/js/layui/layui.all.js
ERR: 非法操作:Public

[ 2018-03-15T09:32:05+08:00 ] ::1 /accounting/index.php/Home/Index/Public/js/login.js
ERR: 非法操作:Public

[ 2018-03-15T09:32:45+08:00 ] ::1 /accounting/index.php/Home/Index/login.html
ERR: Unable to load template file 'y\WWW\accounting\ThinkPHP/Tpl/dispatch_jump.tpl'

[ 2018-03-15T09:33:14+08:00 ] ::1 /accounting/index.php/Home/Index/Public/js/layui/css/layui.css
ERR: 非法操作:Public

[ 2018-03-15T09:33:14+08:00 ] ::1 /accounting/index.php/Home/Index/Public/js/layui/layui.all.js
ERR: 非法操作:Public

[ 2018-03-15T09:33:14+08:00 ] ::1 /accounting/index.php/Home/Index/Public/style/login.css
ERR: 非法操作:Public

[ 2018-03-15T09:33:14+08:00 ] ::1 /accounting/index.php/Home/Index/Public/js/login.js
ERR: 非法操作:Public

[ 2018-03-15T11:07:12+08:00 ] ::1 /accounting/index.php/Home/Index/login.html
ERR: 模板不存在:./Application/Home/View/Tpl/dispatch_jump.html

[ 2018-03-15T11:08:02+08:00 ] ::1 /accounting/index.php/Home/Index/login.html
ERR: Syntax Error in template "./Application/Home/View\Tpl\dispatch_jump.html"  on line 2 "{__NOLAYOUT__}" unknown tag "__NOLAYOUT__"

[ 2018-03-15T11:08:32+08:00 ] ::1 /accounting/index.php/Home/Index/login.html
ERR: Syntax Error in template "./Application/Home/View\Tpl\dispatch_jump.html"  on line 2 "{ {__NOLAYOUT__} }" unknown tag "__NOLAYOUT__"

[ 2018-03-15T13:15:19+08:00 ] ::1 /accounting/index.php/Home/Index/6
ERR: 非法操作:6

[ 2018-03-15T13:19:28+08:00 ] ::1 /accounting/index.php/Home/Index/6
ERR: 非法操作:6

[ 2018-03-15T13:19:29+08:00 ] ::1 /accounting/index.php/Home/Index/6
ERR: 非法操作:6

[ 2018-03-15T13:19:32+08:00 ] ::1 /accounting/index.php/Home/Index/6
ERR: 非法操作:6

[ 2018-03-15T13:19:35+08:00 ] ::1 /accounting/index.php/Home/Index/6
ERR: 非法操作:6

[ 2018-03-15T13:25:10+08:00 ] ::1 /accounting/index.php/Home/Index/testData/?page=1&limit=10
INFO: [ app_begin ] --START--
INFO: Run Behavior\ReadHtmlCacheBehavior [ RunTime:0.001185s ]
INFO: [ app_begin ] --END-- [ RunTime:0.001878s ]
ERR: 非法操作:testData

[ 2018-03-15T13:25:10+08:00 ] ::1 /accounting/index.php/Home/Index/testData/?page=1&limit=10
INFO: [ app_begin ] --START--
INFO: Run Behavior\ReadHtmlCacheBehavior [ RunTime:0.000672s ]
INFO: [ app_begin ] --END-- [ RunTime:0.001798s ]
ERR: 非法操作:testData

[ 2018-03-15T13:28:14+08:00 ] ::1 /accounting/index.php/Home/Index/testData/?page=1&limit=10
INFO: [ app_begin ] --START--
INFO: Run Behavior\ReadHtmlCacheBehavior [ RunTime:0.000923s ]
INFO: [ app_begin ] --END-- [ RunTime:0.001478s ]
ERR: 非法操作:testData

[ 2018-03-15T13:28:14+08:00 ] ::1 /accounting/index.php/Home/Index/testData/?page=1&limit=10
INFO: [ app_begin ] --START--
INFO: Run Behavior\ReadHtmlCacheBehavior [ RunTime:0.000665s ]
INFO: [ app_begin ] --END-- [ RunTime:0.001071s ]
ERR: 非法操作:testData

[ 2018-03-15T13:28:59+08:00 ] ::1 /accounting/Home/Index/testData/?page=1&limit=10
INFO: [ app_begin ] --START--
INFO: Run Behavior\ReadHtmlCacheBehavior [ RunTime:0.000575s ]
INFO: [ app_begin ] --END-- [ RunTime:0.000958s ]
ERR: 非法操作:testData

[ 2018-03-15T13:28:59+08:00 ] ::1 /accounting/Home/Index/testData/?page=1&limit=10
INFO: [ app_begin ] --START--
INFO: Run Behavior\ReadHtmlCacheBehavior [ RunTime:0.000625s ]
INFO: [ app_begin ] --END-- [ RunTime:0.000989s ]
ERR: 非法操作:testData

[ 2018-03-15T13:30:50+08:00 ] ::1 /accounting/Home/Index/testData/?page=1&limit=10
INFO: [ app_begin ] --START--
INFO: Run Behavior\ReadHtmlCacheBehavior [ RunTime:0.000982s ]
INFO: [ app_begin ] --END-- [ RunTime:0.001407s ]
ERR: 非法操作:testData

[ 2018-03-15T13:30:50+08:00 ] ::1 /accounting/Home/Index/testData/?page=1&limit=10
INFO: [ app_begin ] --START--
INFO: Run Behavior\ReadHtmlCacheBehavior [ RunTime:0.000585s ]
INFO: [ app_begin ] --END-- [ RunTime:0.000955s ]
ERR: 非法操作:testData

[ 2018-03-15T13:38:55+08:00 ] ::1 /accounting/Home/Index/login.html
ERR: Think\Model:checkNM方法不存在！

[ 2018-03-15T13:44:20+08:00 ] ::1 /accounting/Home-Index/verifyImg
ERR: 无法加载控制器:Index/verifyImg

[ 2018-03-15T15:48:27+08:00 ] ::1 /accounting/Home-Index/verifyImg/3297.2505369320215
ERR: 无法加载控制器:Index/verifyImg/3297.2505369320215

[ 2018-03-15T17:33:44+08:00 ] ::1 /accounting/Home-Index-verifyImg.html/3138.3124400550364
ERR: 非法操作:verifyImg.html/3138.3124400550364

[ 2018-03-15T17:33:47+08:00 ] ::1 /accounting/Home-Index-verifyImg.html/3603.9451301086146
ERR: 非法操作:verifyImg.html/3603.9451301086146

[ 2018-03-15T17:33:47+08:00 ] ::1 /accounting/Home-Index-verifyImg.html/5106.122926226858
ERR: 非法操作:verifyImg.html/5106.122926226858

[ 2018-03-15T17:33:47+08:00 ] ::1 /accounting/Home-Index-verifyImg.html/8024.116750155738
ERR: 非法操作:verifyImg.html/8024.116750155738

[ 2018-03-15T17:34:34+08:00 ] ::1 /accounting/Home-Index-verifyImg.html/801.3146953256556
ERR: 非法操作:verifyImg.html/801.3146953256556

[ 2018-03-15T17:44:52+08:00 ] ::1 /accounting/
ERR: Syntax Error in template "./Application/Home/View\Index\login.html"  on line 61 "document.getElementById('yzm').src = &quot;{U('Index/verifyImg',array('random'=&gt;&quot;+Math.random()*10000+&quot;))}/&quot;;"  - Unexpected "=>", expected one of: "","" , ")"

[ 2018-03-15T17:46:23+08:00 ] ::1 /accounting/
ERR: Syntax Error in template "./Application/Home/View\Index\login.html"  on line 61 "document.getElementById('yzm').src = &quot;{U('Index/verifyImg',array('random'=&gt;mt_rand(1,1000)))}&quot;;"  - Unexpected "=>", expected one of: "","" , ")"

[ 2018-03-15T17:46:37+08:00 ] ::1 /accounting/
ERR: Syntax Error in template "./Application/Home/View\Index\login.html"  on line 61 "document.getElementById('yzm').src = &quot;{U('Index/verifyImg',array('random'=&gt;mt_rand(1,1000)))}&quot;;"  - Unexpected "=>", expected one of: "","" , ")"

