[ 2018-03-18T10:06:42+08:00 ] ::1 /accounting/Home-Index-sortManagement.html
ERR: Syntax Error in template "./Application/Home/View\Index\sortManagement.html"  on line 56 "&lt;table class=&quot;layui-hide&quot; id=&quot;colData&quot; lay-filter=&quot;colData&quot; lay-data=&quot;{url:'test'}&quot;&gt;&lt;/table&gt;"  - Unexpected ":", expected one of: "}" , " "

[ 2018-03-18T10:26:07+08:00 ] ::1 /accounting/Home-Index-sortManagement.html?page=1&limit=10
INFO: [ app_begin ] --START--
INFO: Run Behavior\ReadHtmlCacheBehavior [ RunTime:0.000948s ]
INFO: [ app_begin ] --END-- [ RunTime:0.001695s ]
INFO: [ view_parse ] --START--
INFO: Run Behavior\ParseTemplateBehavior [ RunTime:0.009001s ]
INFO: [ view_parse ] --END-- [ RunTime:0.009048s ]
INFO: [ view_filter ] --START--
INFO: Run Behavior\WriteHtmlCacheBehavior [ RunTime:0.000257s ]
INFO: [ view_filter ] --END-- [ RunTime:0.000285s ]
INFO: [ app_end ] --START--
INFO: Run Behavior\ShowPageTraceBehavior [ RunTime:0.000491s ]
INFO: [ app_end ] --END-- [ RunTime:0.000522s ]

[ 2018-03-18T10:58:00+08:00 ] ::1 /accounting/Home-Index-sortManagement.html?page=1&limit=10
INFO: [ app_begin ] --START--
INFO: Run Behavior\ReadHtmlCacheBehavior [ RunTime:0.000564s ]
INFO: [ app_begin ] --END-- [ RunTime:0.000923s ]
SQL: SHOW COLUMNS FROM `acc_classify` [ RunTime:0.0049s ]
SQL: SELECT * FROM `acc_classify`  [ RunTime:0.0003s ]
INFO: [ view_parse ] --START--
INFO: Run Behavior\ParseTemplateBehavior [ RunTime:0.011255s ]
INFO: [ view_parse ] --END-- [ RunTime:0.011297s ]
INFO: [ view_filter ] --START--
INFO: Run Behavior\WriteHtmlCacheBehavior [ RunTime:0.000317s ]
INFO: [ view_filter ] --END-- [ RunTime:0.000346s ]
INFO: [ app_end ] --START--
INFO: Run Behavior\ShowPageTraceBehavior [ RunTime:0.000577s ]
INFO: [ app_end ] --END-- [ RunTime:0.000607s ]

[ 2018-03-18T10:58:08+08:00 ] ::1 /accounting/Home-Index-sortManagement.html?page=1&limit=10
INFO: [ app_begin ] --START--
INFO: Run Behavior\ReadHtmlCacheBehavior [ RunTime:0.000559s ]
INFO: [ app_begin ] --END-- [ RunTime:0.000895s ]
SQL: SHOW COLUMNS FROM `acc_classify` [ RunTime:0.0047s ]
SQL: SELECT * FROM `acc_classify`  [ RunTime:0.0003s ]
INFO: [ view_parse ] --START--
INFO: Run Behavior\ParseTemplateBehavior [ RunTime:0.009157s ]
INFO: [ view_parse ] --END-- [ RunTime:0.009199s ]
INFO: [ view_filter ] --START--
INFO: Run Behavior\WriteHtmlCacheBehavior [ RunTime:0.000286s ]
INFO: [ view_filter ] --END-- [ RunTime:0.000314s ]
INFO: [ app_end ] --START--
INFO: Run Behavior\ShowPageTraceBehavior [ RunTime:0.000579s ]
INFO: [ app_end ] --END-- [ RunTime:0.000609s ]

[ 2018-03-18T10:58:27+08:00 ] ::1 /accounting/Home-Index-sortManagement.html?page=1&limit=10
INFO: [ app_begin ] --START--
INFO: Run Behavior\ReadHtmlCacheBehavior [ RunTime:0.000620s ]
INFO: [ app_begin ] --END-- [ RunTime:0.001016s ]
SQL: SHOW COLUMNS FROM `acc_classify` [ RunTime:0.0047s ]
INFO: [ view_parse ] --START--
INFO: Run Behavior\ParseTemplateBehavior [ RunTime:0.010161s ]
INFO: [ view_parse ] --END-- [ RunTime:0.010199s ]
INFO: [ view_filter ] --START--
INFO: Run Behavior\WriteHtmlCacheBehavior [ RunTime:0.000285s ]
INFO: [ view_filter ] --END-- [ RunTime:0.000313s ]
INFO: [ app_end ] --START--
INFO: Run Behavior\ShowPageTraceBehavior [ RunTime:0.000517s ]
INFO: [ app_end ] --END-- [ RunTime:0.000545s ]

[ 2018-03-18T11:53:44+08:00 ] ::1 /accounting/Home-Tpl-classify.html?page=1&limit=10
INFO: [ app_begin ] --START--
INFO: Run Behavior\ReadHtmlCacheBehavior [ RunTime:0.000558s ]
INFO: [ app_begin ] --END-- [ RunTime:0.000898s ]
ERR: 无法加载控制器:Tpl

[ 2018-03-18T13:01:39+08:00 ] ::1 /accounting/Home-Index-sortManagement.html?page=1&limit=1
INFO: [ app_begin ] --START--
INFO: Run Behavior\ReadHtmlCacheBehavior [ RunTime:0.002759s ]
INFO: [ app_begin ] --END-- [ RunTime:0.004465s ]
SQL: SHOW COLUMNS FROM `acc_classify` [ RunTime:0.0064s ]
SQL: SELECT * FROM `acc_classify`  [ RunTime:0.0007s ]
INFO: [ view_parse ] --START--
INFO: Run Behavior\ParseTemplateBehavior [ RunTime:0.035096s ]
INFO: [ view_parse ] --END-- [ RunTime:0.035240s ]
INFO: [ view_filter ] --START--
INFO: Run Behavior\WriteHtmlCacheBehavior [ RunTime:0.001161s ]
INFO: [ view_filter ] --END-- [ RunTime:0.001268s ]
INFO: [ app_end ] --START--
INFO: Run Behavior\ShowPageTraceBehavior [ RunTime:0.002528s ]
INFO: [ app_end ] --END-- [ RunTime:0.002686s ]

[ 2018-03-18T20:32:28+08:00 ] ::1 /accounting/Home-Index-colDel.html?id=11
INFO: [ app_begin ] --START--
INFO: Run Behavior\ReadHtmlCacheBehavior [ RunTime:0.000568s ]
INFO: [ app_begin ] --END-- [ RunTime:0.000929s ]
NOTIC: [2048] Declaration of Home\Model\ClassifyModel::_before_delete() should be compatible with Think\Model::_before_delete($options) D:\phpStudy\WWW\accounting\Application\Home\Model\ClassifyModel.class.php 第 8 行.
SQL: SHOW COLUMNS FROM `acc_classify` [ RunTime:0.0043s ]
NOTIC: [2] Missing argument 2 for Home\Model\ClassifyModel::_before_delete(), called in D:\phpStudy\WWW\accounting\ThinkPHP\Library\Think\Model.class.php on line 515 and defined D:\phpStudy\WWW\accounting\Application\Home\Model\ClassifyModel.class.php 第 24 行.
SQL: DELETE FROM `acc_classify` WHERE `Id` = 11 [ RunTime:0.1234s ]

[ 2018-03-18T20:33:26+08:00 ] ::1 /accounting/Home-Index-colDel.html?id=12
INFO: [ app_begin ] --START--
INFO: Run Behavior\ReadHtmlCacheBehavior [ RunTime:0.000549s ]
INFO: [ app_begin ] --END-- [ RunTime:0.000873s ]
NOTIC: [2048] Declaration of Home\Model\ClassifyModel::_before_delete() should be compatible with Think\Model::_before_delete($options) D:\phpStudy\WWW\accounting\Application\Home\Model\ClassifyModel.class.php 第 8 行.
SQL: SHOW COLUMNS FROM `acc_classify` [ RunTime:0.0051s ]
NOTIC: [2] Missing argument 2 for Home\Model\ClassifyModel::_before_delete(), called in D:\phpStudy\WWW\accounting\ThinkPHP\Library\Think\Model.class.php on line 515 and defined D:\phpStudy\WWW\accounting\Application\Home\Model\ClassifyModel.class.php 第 24 行.
SQL: DELETE FROM `acc_classify` WHERE `Id` = 12 [ RunTime:0.1675s ]

[ 2018-03-18T20:56:17+08:00 ] ::1 /accounting/Home-Index-colDel.html
INFO: [ app_begin ] --START--
INFO: Run Behavior\ReadHtmlCacheBehavior [ RunTime:0.000635s ]
INFO: [ app_begin ] --END-- [ RunTime:0.001901s ]
SQL: SHOW COLUMNS FROM `acc_classify` [ RunTime:0.0046s ]

[ 2018-03-18T20:58:20+08:00 ] ::1 /accounting/Home-Index-colDel.html
INFO: [ app_begin ] --START--
INFO: Run Behavior\ReadHtmlCacheBehavior [ RunTime:0.000564s ]
INFO: [ app_begin ] --END-- [ RunTime:0.000931s ]
SQL: SHOW COLUMNS FROM `acc_classify` [ RunTime:0.0040s ]

[ 2018-03-18T20:59:48+08:00 ] ::1 /accounting/Home-Index-colDel.html
INFO: [ app_begin ] --START--
INFO: Run Behavior\ReadHtmlCacheBehavior [ RunTime:0.000741s ]
INFO: [ app_begin ] --END-- [ RunTime:0.001301s ]
SQL: SHOW COLUMNS FROM `acc_classify` [ RunTime:0.0042s ]

[ 2018-03-18T21:02:15+08:00 ] ::1 /accounting/Home-Index-colDel.html
INFO: [ app_begin ] --START--
INFO: Run Behavior\ReadHtmlCacheBehavior [ RunTime:0.001696s ]
INFO: [ app_begin ] --END-- [ RunTime:0.003015s ]
SQL: SHOW COLUMNS FROM `acc_classify` [ RunTime:0.0050s ]

[ 2018-03-18T21:03:22+08:00 ] ::1 /accounting/Home-Index-colDel.html
INFO: [ app_begin ] --START--
INFO: Run Behavior\ReadHtmlCacheBehavior [ RunTime:0.000432s ]
INFO: [ app_begin ] --END-- [ RunTime:0.000766s ]
SQL: SHOW COLUMNS FROM `acc_classify` [ RunTime:0.0068s ]

[ 2018-03-18T21:07:15+08:00 ] ::1 /accounting/Home-Index-colDel.html
INFO: [ app_begin ] --START--
INFO: Run Behavior\ReadHtmlCacheBehavior [ RunTime:0.000561s ]
INFO: [ app_begin ] --END-- [ RunTime:0.000890s ]
SQL: SHOW COLUMNS FROM `acc_classify` [ RunTime:0.0053s ]

[ 2018-03-18T21:09:15+08:00 ] ::1 /accounting/Home-Index-colDel.html
INFO: [ app_begin ] --START--
INFO: Run Behavior\ReadHtmlCacheBehavior [ RunTime:0.000597s ]
INFO: [ app_begin ] --END-- [ RunTime:0.000887s ]
SQL: SHOW COLUMNS FROM `acc_classify` [ RunTime:0.0045s ]

[ 2018-03-18T21:09:22+08:00 ] ::1 /accounting/Home-Index-colDel.html
INFO: [ app_begin ] --START--
INFO: Run Behavior\ReadHtmlCacheBehavior [ RunTime:0.000560s ]
INFO: [ app_begin ] --END-- [ RunTime:0.000912s ]
SQL: SHOW COLUMNS FROM `acc_classify` [ RunTime:0.0049s ]

[ 2018-03-18T21:09:24+08:00 ] ::1 /accounting/Home-Index-colDel.html
INFO: [ app_begin ] --START--
INFO: Run Behavior\ReadHtmlCacheBehavior [ RunTime:0.000435s ]
INFO: [ app_begin ] --END-- [ RunTime:0.000723s ]
SQL: SHOW COLUMNS FROM `acc_classify` [ RunTime:0.0048s ]

[ 2018-03-18T21:10:17+08:00 ] ::1 /accounting/Home-Index-colDel.html
INFO: [ app_begin ] --START--
INFO: Run Behavior\ReadHtmlCacheBehavior [ RunTime:0.000430s ]
INFO: [ app_begin ] --END-- [ RunTime:0.000761s ]
SQL: SHOW COLUMNS FROM `acc_classify` [ RunTime:0.0483s ]

[ 2018-03-18T21:12:12+08:00 ] ::1 /accounting/Home-Index-colMod.html
ERR: 1064:You have an error in your SQL syntax; check the manual that corresponds to your MySQL server version for the right syntax to use near '' )' at line 1
 [ SQL语句 ] : UPDATE `acc_classify` SET `cols`='',`cols_info`='',`cols_account`='',`cols_finallydate`='2018-03-18 21:12:12' WHERE ( Id=' )

[ 2018-03-18T21:12:55+08:00 ] ::1 /accounting/Home-Index-colMod.html?id=13
ERR: 1064:You have an error in your SQL syntax; check the manual that corresponds to your MySQL server version for the right syntax to use near '' )' at line 1
 [ SQL语句 ] : UPDATE `acc_classify` SET `cols`='',`cols_info`='',`cols_account`='',`cols_finallydate`='2018-03-18 21:12:55' WHERE ( Id=' )

[ 2018-03-18T21:14:26+08:00 ] ::1 /accounting/Home-Index-colMod.html?id=13
ERR: 1064:You have an error in your SQL syntax; check the manual that corresponds to your MySQL server version for the right syntax to use near ''13 )' at line 1
 [ SQL语句 ] : UPDATE `acc_classify` SET `cols`='',`cols_info`='',`cols_account`='',`cols_finallydate`='2018-03-18 21:14:26' WHERE ( Id='13 )

[ 2018-03-18T21:15:08+08:00 ] ::1 /accounting/Home-Index-colDel.html?id=13&cols=test%E5%88%86%E7%B1%BB3qwe+&cols_account=%E6%94%AF%E5%87%BA
INFO: [ app_begin ] --START--
INFO: Run Behavior\ReadHtmlCacheBehavior [ RunTime:0.000557s ]
INFO: [ app_begin ] --END-- [ RunTime:0.000893s ]
SQL: SHOW COLUMNS FROM `acc_classify` [ RunTime:0.0046s ]
SQL: DELETE FROM `acc_classify` WHERE `Id` = 13 [ RunTime:0.2230s ]

[ 2018-03-18T21:15:50+08:00 ] ::1 /accounting/Home-Index-sortmanagement.html
ERR: 1048:Column 'cols_user' cannot be null
 [ SQL语句 ] : INSERT INTO `acc_classify` (`cols_user`,`cols`,`cols_account`,`cols_info`,`cols_date`) VALUES (NULL,'testqwer','收入','','2018-03-18 21:15:50')

[ 2018-03-18T21:17:24+08:00 ] ::1 /accounting/Home-Index-colDel.html?id=15&cols=test&cols_account=%E6%94%B6%E5%85%A5
INFO: [ app_begin ] --START--
INFO: Run Behavior\ReadHtmlCacheBehavior [ RunTime:0.000435s ]
INFO: [ app_begin ] --END-- [ RunTime:0.000770s ]
SQL: SHOW COLUMNS FROM `acc_classify` [ RunTime:0.0042s ]
SQL: DELETE FROM `acc_classify` WHERE `Id` = 15 [ RunTime:0.2023s ]

[ 2018-03-18T21:19:33+08:00 ] ::1 /accounting/Home-Index-colMod.html
INFO: [ app_begin ] --START--
INFO: Run Behavior\ReadHtmlCacheBehavior [ RunTime:0.001338s ]
INFO: [ app_begin ] --END-- [ RunTime:0.001930s ]
SQL: SHOW COLUMNS FROM `acc_classify` [ RunTime:0.0038s ]
NOTIC: [8] Undefined index: validate D:\phpStudy\WWW\accounting\ThinkPHP\Library\Think\Model.class.php 第 1185 行.
NOTIC: [8] Undefined index: auto D:\phpStudy\WWW\accounting\ThinkPHP\Library\Think\Model.class.php 第 1128 行.
SQL: UPDATE `acc_classify` SET `cols`='test长度ddddddd',`cols_info`='',`cols_account`='支出',`cols_finallydate`='2018-03-18 21:19:32' WHERE ( Id='14' ) [ RunTime:0.2045s ]

[ 2018-03-18T21:20:51+08:00 ] ::1 /accounting/Home-Index-colMod.html
INFO: [ app_begin ] --START--
INFO: Run Behavior\ReadHtmlCacheBehavior [ RunTime:0.000819s ]
INFO: [ app_begin ] --END-- [ RunTime:0.002008s ]
SQL: SHOW COLUMNS FROM `acc_classify` [ RunTime:0.0044s ]
NOTIC: [8] Undefined index: validate D:\phpStudy\WWW\accounting\ThinkPHP\Library\Think\Model.class.php 第 1185 行.
NOTIC: [8] Undefined index: auto D:\phpStudy\WWW\accounting\ThinkPHP\Library\Think\Model.class.php 第 1128 行.
SQL: UPDATE `acc_classify` SET `cols`='asfsfas1234',`cols_info`='',`cols_account`='支出',`cols_finallydate`='2018-03-18 21:20:50' WHERE ( Id='16' ) [ RunTime:0.2132s ]

[ 2018-03-18T21:22:18+08:00 ] ::1 /accounting/Home-Index-colMod.html
INFO: [ app_begin ] --START--
INFO: Run Behavior\ReadHtmlCacheBehavior [ RunTime:0.000437s ]
INFO: [ app_begin ] --END-- [ RunTime:0.000772s ]
SQL: SHOW COLUMNS FROM `acc_classify` [ RunTime:0.0606s ]
NOTIC: [8] Undefined index: validate D:\phpStudy\WWW\accounting\ThinkPHP\Library\Think\Model.class.php 第 1185 行.
NOTIC: [8] Undefined index: auto D:\phpStudy\WWW\accounting\ThinkPHP\Library\Think\Model.class.php 第 1128 行.
SQL: UPDATE `acc_classify` SET `cols`='asfsfas4',`cols_info`='',`cols_account`='支出',`cols_finallydate`='2018-03-18 21:22:18' WHERE ( Id='16' ) [ RunTime:0.1199s ]

[ 2018-03-18T21:24:39+08:00 ] ::1 /accounting/Home-Index-colMod.html
INFO: [ app_begin ] --START--
INFO: Run Behavior\ReadHtmlCacheBehavior [ RunTime:0.000551s ]
INFO: [ app_begin ] --END-- [ RunTime:0.000878s ]
SQL: SHOW COLUMNS FROM `acc_classify` [ RunTime:0.0040s ]
SQL: UPDATE `acc_classify` SET `cols`='safas1219999',`cols_info`='',`cols_account`='收入',`cols_finallydate`='2018-03-18 21:24:39' WHERE ( Id='17' ) [ RunTime:0.1370s ]

[ 2018-03-18T21:25:34+08:00 ] ::1 /accounting/Home-Index-colMod.html
INFO: [ app_begin ] --START--
INFO: Run Behavior\ReadHtmlCacheBehavior [ RunTime:0.000561s ]
INFO: [ app_begin ] --END-- [ RunTime:0.000902s ]
SQL: SHOW COLUMNS FROM `acc_classify` [ RunTime:0.0064s ]
SQL: UPDATE `acc_classify` SET `cols`='testsuccess',`cols_info`='',`cols_account`='支出123',`cols_finallydate`='2018-03-18 21:25:34' WHERE ( Id='16' ) [ RunTime:0.2483s ]

[ 2018-03-18T21:26:00+08:00 ] ::1 /accounting/Home-Index-colMod.html
INFO: [ app_begin ] --START--
INFO: Run Behavior\ReadHtmlCacheBehavior [ RunTime:0.000476s ]
INFO: [ app_begin ] --END-- [ RunTime:0.000863s ]
SQL: SHOW COLUMNS FROM `acc_classify` [ RunTime:0.0043s ]
SQL: UPDATE `acc_classify` SET `cols`='testsuccess',`cols_info`='',`cols_account`='收入',`cols_finallydate`='2018-03-18 21:26:00' WHERE ( Id='16' ) [ RunTime:0.1998s ]

[ 2018-03-18T21:26:21+08:00 ] ::1 /accounting/Home-Index-colMod.html
INFO: [ app_begin ] --START--
INFO: Run Behavior\ReadHtmlCacheBehavior [ RunTime:0.000507s ]
INFO: [ app_begin ] --END-- [ RunTime:0.000847s ]
SQL: SHOW COLUMNS FROM `acc_classify` [ RunTime:0.0036s ]
SQL: UPDATE `acc_classify` SET `cols`='test',`cols_info`='',`cols_account`='支出',`cols_finallydate`='2018-03-18 21:26:21' WHERE ( Id='16' ) [ RunTime:0.1117s ]

[ 2018-03-18T21:28:20+08:00 ] ::1 /accounting/Home-Index-colMod.html
INFO: [ app_begin ] --START--
INFO: Run Behavior\ReadHtmlCacheBehavior [ RunTime:0.000606s ]
INFO: [ app_begin ] --END-- [ RunTime:0.001030s ]
SQL: SHOW COLUMNS FROM `acc_classify` [ RunTime:0.0053s ]
SQL: UPDATE `acc_classify` SET `cols`='',`cols_info`='',`cols_account`='',`cols_finallydate`='2018-03-18 21:28:20' WHERE ( Id='16' ) [ RunTime:0.1382s ]

[ 2018-03-18T21:28:23+08:00 ] ::1 /accounting/Home-Index-colMod.html
INFO: [ app_begin ] --START--
INFO: Run Behavior\ReadHtmlCacheBehavior [ RunTime:0.000559s ]
INFO: [ app_begin ] --END-- [ RunTime:0.000875s ]
SQL: SHOW COLUMNS FROM `acc_classify` [ RunTime:0.0041s ]
SQL: UPDATE `acc_classify` SET `cols`='test',`cols_info`='',`cols_account`='支出',`cols_finallydate`='2018-03-18 21:28:23' WHERE ( Id='16' ) [ RunTime:0.1489s ]

[ 2018-03-18T21:30:05+08:00 ] ::1 /accounting/Home-Index-colMod.html
INFO: [ app_begin ] --START--
INFO: Run Behavior\ReadHtmlCacheBehavior [ RunTime:0.000599s ]
INFO: [ app_begin ] --END-- [ RunTime:0.001960s ]
SQL: SHOW COLUMNS FROM `acc_classify` [ RunTime:0.0047s ]
SQL: UPDATE `acc_classify` SET `cols`='',`cols_info`='',`cols_account`='',`cols_finallydate`='2018-03-18 21:30:05' WHERE ( Id='16' ) [ RunTime:0.1678s ]

[ 2018-03-18T21:31:27+08:00 ] ::1 /accounting/Home-Index-colMod.html
INFO: [ app_begin ] --START--
INFO: Run Behavior\ReadHtmlCacheBehavior [ RunTime:0.000454s ]
INFO: [ app_begin ] --END-- [ RunTime:0.000803s ]
SQL: SHOW COLUMNS FROM `acc_classify` [ RunTime:0.0039s ]
SQL: UPDATE `acc_classify` SET `cols`='阿斯顿',`cols_info`='',`cols_account`='支出',`cols_finallydate`='2018-03-18 21:31:27' WHERE ( Id='16' ) [ RunTime:0.2046s ]

[ 2018-03-18T21:31:53+08:00 ] ::1 /accounting/Home-Index-colMod.html
INFO: [ app_begin ] --START--
INFO: Run Behavior\ReadHtmlCacheBehavior [ RunTime:0.000574s ]
INFO: [ app_begin ] --END-- [ RunTime:0.000915s ]
SQL: SHOW COLUMNS FROM `acc_classify` [ RunTime:0.0053s ]
SQL: UPDATE `acc_classify` SET `cols`='',`cols_info`='',`cols_account`='',`cols_finallydate`='2018-03-18 21:31:53' WHERE ( Id='16' ) [ RunTime:0.1989s ]

[ 2018-03-18T21:34:47+08:00 ] ::1 /accounting/Home-Index-colMod.html
INFO: [ app_begin ] --START--
INFO: Run Behavior\ReadHtmlCacheBehavior [ RunTime:0.000580s ]
INFO: [ app_begin ] --END-- [ RunTime:0.000921s ]
SQL: SHOW COLUMNS FROM `acc_classify` [ RunTime:0.0710s ]
SQL: UPDATE `acc_classify` SET `cols`='',`cols_info`='',`cols_account`='',`cols_finallydate`='2018-03-18 21:34:47' WHERE ( Id='16' ) [ RunTime:0.1309s ]

[ 2018-03-18T21:34:49+08:00 ] ::1 /accounting/Home-Index-colMod.html
INFO: [ app_begin ] --START--
INFO: Run Behavior\ReadHtmlCacheBehavior [ RunTime:0.000436s ]
INFO: [ app_begin ] --END-- [ RunTime:0.000769s ]
SQL: SHOW COLUMNS FROM `acc_classify` [ RunTime:0.0275s ]
SQL: UPDATE `acc_classify` SET `cols`='',`cols_info`='',`cols_account`='',`cols_finallydate`='2018-03-18 21:34:49' WHERE ( Id='16' ) [ RunTime:0.1403s ]

[ 2018-03-18T21:39:32+08:00 ] ::1 /accounting/Home-Index-colDel.html?id=16
INFO: [ app_begin ] --START--
INFO: Run Behavior\ReadHtmlCacheBehavior [ RunTime:0.000564s ]
INFO: [ app_begin ] --END-- [ RunTime:0.000898s ]
SQL: SHOW COLUMNS FROM `acc_classify` [ RunTime:0.0050s ]
SQL: DELETE FROM `acc_classify` WHERE `Id` = 16 [ RunTime:0.2077s ]

[ 2018-03-18T21:41:07+08:00 ] ::1 /accounting/Home-Index-colMod.html
INFO: [ app_begin ] --START--
INFO: Run Behavior\ReadHtmlCacheBehavior [ RunTime:0.000558s ]
INFO: [ app_begin ] --END-- [ RunTime:0.000908s ]
SQL: SHOW COLUMNS FROM `acc_classify` [ RunTime:0.0047s ]
SQL: UPDATE `acc_classify` SET `cols`='safas1219999',`cols_info`='',`cols_account`='收入1',`cols_finallydate`='2018-03-18 21:41:07' WHERE ( Id='17' ) [ RunTime:0.2188s ]

[ 2018-03-18T21:41:11+08:00 ] ::1 /accounting/Home-Index-colMod.html
INFO: [ app_begin ] --START--
INFO: Run Behavior\ReadHtmlCacheBehavior [ RunTime:0.000483s ]
INFO: [ app_begin ] --END-- [ RunTime:0.000769s ]
SQL: SHOW COLUMNS FROM `acc_classify` [ RunTime:0.0043s ]
SQL: UPDATE `acc_classify` SET `cols`='safas1219999',`cols_info`='',`cols_account`='收入1',`cols_finallydate`='2018-03-18 21:41:11' WHERE ( Id='17' ) [ RunTime:0.2050s ]

[ 2018-03-18T21:41:13+08:00 ] ::1 /accounting/Home-Index-colMod.html
INFO: [ app_begin ] --START--
INFO: Run Behavior\ReadHtmlCacheBehavior [ RunTime:0.000605s ]
INFO: [ app_begin ] --END-- [ RunTime:0.000897s ]
SQL: SHOW COLUMNS FROM `acc_classify` [ RunTime:0.0466s ]
SQL: UPDATE `acc_classify` SET `cols`='safas1219999',`cols_info`='',`cols_account`='收入1',`cols_finallydate`='2018-03-18 21:41:13' WHERE ( Id='17' ) [ RunTime:0.1109s ]

[ 2018-03-18T21:41:14+08:00 ] ::1 /accounting/Home-Index-colMod.html
INFO: [ app_begin ] --START--
INFO: Run Behavior\ReadHtmlCacheBehavior [ RunTime:0.000456s ]
INFO: [ app_begin ] --END-- [ RunTime:0.000945s ]
SQL: SHOW COLUMNS FROM `acc_classify` [ RunTime:0.2132s ]
SQL: UPDATE `acc_classify` SET `cols`='safas1219999',`cols_info`='',`cols_account`='收入1',`cols_finallydate`='2018-03-18 21:41:14' WHERE ( Id='17' ) [ RunTime:0.2255s ]

[ 2018-03-18T21:41:15+08:00 ] ::1 /accounting/Home-Index-colMod.html
INFO: [ app_begin ] --START--
INFO: Run Behavior\ReadHtmlCacheBehavior [ RunTime:0.000652s ]
INFO: [ app_begin ] --END-- [ RunTime:0.001193s ]
SQL: SHOW COLUMNS FROM `acc_classify` [ RunTime:0.0042s ]
SQL: UPDATE `acc_classify` SET `cols`='safas1219999',`cols_info`='',`cols_account`='收入1',`cols_finallydate`='2018-03-18 21:41:15' WHERE ( Id='17' ) [ RunTime:0.1555s ]

[ 2018-03-18T21:42:05+08:00 ] ::1 /accounting/Home-Index-colMod.html
INFO: [ app_begin ] --START--
INFO: Run Behavior\ReadHtmlCacheBehavior [ RunTime:0.000778s ]
INFO: [ app_begin ] --END-- [ RunTime:0.001118s ]
SQL: SHOW COLUMNS FROM `acc_classify` [ RunTime:0.0053s ]
SQL: UPDATE `acc_classify` SET `cols`='safas1219999',`cols_info`='',`cols_account`='阿斯顿',`cols_finallydate`='2018-03-18 21:42:05' WHERE ( Id='17' ) [ RunTime:0.2327s ]

[ 2018-03-18T21:42:08+08:00 ] ::1 /accounting/Home-Index-colMod.html
INFO: [ app_begin ] --START--
INFO: Run Behavior\ReadHtmlCacheBehavior [ RunTime:0.000434s ]
INFO: [ app_begin ] --END-- [ RunTime:0.000719s ]
SQL: SHOW COLUMNS FROM `acc_classify` [ RunTime:0.0044s ]
SQL: UPDATE `acc_classify` SET `cols`='safas1219999',`cols_info`='',`cols_account`='阿斯顿',`cols_finallydate`='2018-03-18 21:42:08' WHERE ( Id='17' ) [ RunTime:0.2029s ]

[ 2018-03-18T21:42:09+08:00 ] ::1 /accounting/Home-Index-colMod.html
INFO: [ app_begin ] --START--
INFO: Run Behavior\ReadHtmlCacheBehavior [ RunTime:0.000562s ]
INFO: [ app_begin ] --END-- [ RunTime:0.000908s ]
SQL: SHOW COLUMNS FROM `acc_classify` [ RunTime:0.2627s ]
SQL: UPDATE `acc_classify` SET `cols`='safas1219999',`cols_info`='',`cols_account`='阿斯顿',`cols_finallydate`='2018-03-18 21:42:09' WHERE ( Id='17' ) [ RunTime:0.2828s ]

[ 2018-03-18T21:42:11+08:00 ] ::1 /accounting/Home-Index-colMod.html
INFO: [ app_begin ] --START--
INFO: Run Behavior\ReadHtmlCacheBehavior [ RunTime:0.000436s ]
INFO: [ app_begin ] --END-- [ RunTime:0.000768s ]
SQL: SHOW COLUMNS FROM `acc_classify` [ RunTime:0.2347s ]
SQL: UPDATE `acc_classify` SET `cols`='safas1219999',`cols_info`='',`cols_account`='阿斯顿',`cols_finallydate`='2018-03-18 21:42:11' WHERE ( Id='17' ) [ RunTime:0.2705s ]

[ 2018-03-18T21:42:12+08:00 ] ::1 /accounting/Home-Index-colMod.html
INFO: [ app_begin ] --START--
INFO: Run Behavior\ReadHtmlCacheBehavior [ RunTime:0.000499s ]
INFO: [ app_begin ] --END-- [ RunTime:0.000809s ]
SQL: SHOW COLUMNS FROM `acc_classify` [ RunTime:0.0039s ]
SQL: UPDATE `acc_classify` SET `cols`='safas1219999',`cols_info`='',`cols_account`='阿斯顿',`cols_finallydate`='2018-03-18 21:42:12' WHERE ( Id='17' ) [ RunTime:0.1295s ]

[ 2018-03-18T21:42:13+08:00 ] ::1 /accounting/Home-Index-colMod.html
INFO: [ app_begin ] --START--
INFO: Run Behavior\ReadHtmlCacheBehavior [ RunTime:0.000446s ]
INFO: [ app_begin ] --END-- [ RunTime:0.000770s ]
SQL: SHOW COLUMNS FROM `acc_classify` [ RunTime:0.0036s ]
SQL: UPDATE `acc_classify` SET `cols`='safas1219999',`cols_info`='',`cols_account`='阿斯顿',`cols_finallydate`='2018-03-18 21:42:13' WHERE ( Id='17' ) [ RunTime:0.1921s ]

[ 2018-03-18T21:42:15+08:00 ] ::1 /accounting/Home-Index-colMod.html
INFO: [ app_begin ] --START--
INFO: Run Behavior\ReadHtmlCacheBehavior [ RunTime:0.000484s ]
INFO: [ app_begin ] --END-- [ RunTime:0.000778s ]
SQL: SHOW COLUMNS FROM `acc_classify` [ RunTime:0.0047s ]
SQL: UPDATE `acc_classify` SET `cols`='safas1219999',`cols_info`='',`cols_account`='阿斯顿',`cols_finallydate`='2018-03-18 21:42:14' WHERE ( Id='17' ) [ RunTime:0.2068s ]

[ 2018-03-18T21:42:16+08:00 ] ::1 /accounting/Home-Index-colMod.html
INFO: [ app_begin ] --START--
INFO: Run Behavior\ReadHtmlCacheBehavior [ RunTime:0.000563s ]
INFO: [ app_begin ] --END-- [ RunTime:0.000890s ]
SQL: SHOW COLUMNS FROM `acc_classify` [ RunTime:0.0042s ]
SQL: UPDATE `acc_classify` SET `cols`='safas1219999',`cols_info`='',`cols_account`='阿斯顿',`cols_finallydate`='2018-03-18 21:42:16' WHERE ( Id='17' ) [ RunTime:0.2064s ]

[ 2018-03-18T21:42:17+08:00 ] ::1 /accounting/Home-Index-colMod.html
INFO: [ app_begin ] --START--
INFO: Run Behavior\ReadHtmlCacheBehavior [ RunTime:0.000655s ]
INFO: [ app_begin ] --END-- [ RunTime:0.001812s ]
SQL: SHOW COLUMNS FROM `acc_classify` [ RunTime:0.0042s ]
SQL: UPDATE `acc_classify` SET `cols`='safas1219999',`cols_info`='',`cols_account`='阿斯顿',`cols_finallydate`='2018-03-18 21:42:17' WHERE ( Id='17' ) [ RunTime:0.2105s ]

[ 2018-03-18T21:42:18+08:00 ] ::1 /accounting/Home-Index-colMod.html
INFO: [ app_begin ] --START--
INFO: Run Behavior\ReadHtmlCacheBehavior [ RunTime:0.000550s ]
INFO: [ app_begin ] --END-- [ RunTime:0.000878s ]
SQL: SHOW COLUMNS FROM `acc_classify` [ RunTime:0.0038s ]
SQL: UPDATE `acc_classify` SET `cols`='safas1219999',`cols_info`='',`cols_account`='阿斯顿',`cols_finallydate`='2018-03-18 21:42:18' WHERE ( Id='17' ) [ RunTime:0.2243s ]

[ 2018-03-18T21:42:20+08:00 ] ::1 /accounting/Home-Index-colMod.html
INFO: [ app_begin ] --START--
INFO: Run Behavior\ReadHtmlCacheBehavior [ RunTime:0.000585s ]
INFO: [ app_begin ] --END-- [ RunTime:0.000948s ]
SQL: SHOW COLUMNS FROM `acc_classify` [ RunTime:0.0041s ]
SQL: UPDATE `acc_classify` SET `cols`='safas1219999',`cols_info`='',`cols_account`='阿斯顿',`cols_finallydate`='2018-03-18 21:42:19' WHERE ( Id='17' ) [ RunTime:0.2466s ]

[ 2018-03-18T21:42:21+08:00 ] ::1 /accounting/Home-Index-colMod.html
INFO: [ app_begin ] --START--
INFO: Run Behavior\ReadHtmlCacheBehavior [ RunTime:0.000540s ]
INFO: [ app_begin ] --END-- [ RunTime:0.000890s ]
SQL: SHOW COLUMNS FROM `acc_classify` [ RunTime:0.0043s ]
SQL: UPDATE `acc_classify` SET `cols`='safas1219999',`cols_info`='',`cols_account`='阿斯顿',`cols_finallydate`='2018-03-18 21:42:21' WHERE ( Id='17' ) [ RunTime:0.1394s ]

[ 2018-03-18T21:42:22+08:00 ] ::1 /accounting/Home-Index-colMod.html
INFO: [ app_begin ] --START--
INFO: Run Behavior\ReadHtmlCacheBehavior [ RunTime:0.000557s ]
INFO: [ app_begin ] --END-- [ RunTime:0.000890s ]
SQL: SHOW COLUMNS FROM `acc_classify` [ RunTime:0.0043s ]
SQL: UPDATE `acc_classify` SET `cols`='safas1219999',`cols_info`='',`cols_account`='阿斯顿',`cols_finallydate`='2018-03-18 21:42:22' WHERE ( Id='17' ) [ RunTime:0.2002s ]

[ 2018-03-18T21:43:37+08:00 ] ::1 /accounting/Home-Index-colMod.html
INFO: [ app_begin ] --START--
INFO: Run Behavior\ReadHtmlCacheBehavior [ RunTime:0.000485s ]
INFO: [ app_begin ] --END-- [ RunTime:0.000830s ]
SQL: SHOW COLUMNS FROM `acc_classify` [ RunTime:0.0042s ]
NOTIC: [8] Undefined index: validate D:\phpStudy\WWW\accounting\ThinkPHP\Library\Think\Model.class.php 第 1185 行.
NOTIC: [8] Undefined index: auto D:\phpStudy\WWW\accounting\ThinkPHP\Library\Think\Model.class.php 第 1128 行.
SQL: UPDATE `acc_classify` SET `cols`='safas1219999',`cols_info`='',`cols_account`='收入',`cols_finallydate`='2018-03-18 21:43:37' WHERE ( Id='17' ) [ RunTime:0.2061s ]

[ 2018-03-18T21:43:40+08:00 ] ::1 /accounting/Home-Index-colMod.html
INFO: [ app_begin ] --START--
INFO: Run Behavior\ReadHtmlCacheBehavior [ RunTime:0.000434s ]
INFO: [ app_begin ] --END-- [ RunTime:0.000772s ]
SQL: SHOW COLUMNS FROM `acc_classify` [ RunTime:0.0057s ]
NOTIC: [8] Undefined index: validate D:\phpStudy\WWW\accounting\ThinkPHP\Library\Think\Model.class.php 第 1185 行.
NOTIC: [8] Undefined index: auto D:\phpStudy\WWW\accounting\ThinkPHP\Library\Think\Model.class.php 第 1128 行.
SQL: UPDATE `acc_classify` SET `cols`='safas1219999',`cols_info`='',`cols_account`='收入',`cols_finallydate`='2018-03-18 21:43:40' WHERE ( Id='17' ) [ RunTime:0.1579s ]

[ 2018-03-18T21:43:42+08:00 ] ::1 /accounting/Home-Index-colMod.html
INFO: [ app_begin ] --START--
INFO: Run Behavior\ReadHtmlCacheBehavior [ RunTime:0.000438s ]
INFO: [ app_begin ] --END-- [ RunTime:0.000731s ]
SQL: SHOW COLUMNS FROM `acc_classify` [ RunTime:0.2509s ]
NOTIC: [8] Undefined index: validate D:\phpStudy\WWW\accounting\ThinkPHP\Library\Think\Model.class.php 第 1185 行.
NOTIC: [8] Undefined index: auto D:\phpStudy\WWW\accounting\ThinkPHP\Library\Think\Model.class.php 第 1128 行.
SQL: UPDATE `acc_classify` SET `cols`='safas1219999',`cols_info`='',`cols_account`='收入',`cols_finallydate`='2018-03-18 21:43:41' WHERE ( Id='17' ) [ RunTime:0.2368s ]

[ 2018-03-18T21:43:43+08:00 ] ::1 /accounting/Home-Index-colMod.html
INFO: [ app_begin ] --START--
INFO: Run Behavior\ReadHtmlCacheBehavior [ RunTime:0.000440s ]
INFO: [ app_begin ] --END-- [ RunTime:0.000739s ]
SQL: SHOW COLUMNS FROM `acc_classify` [ RunTime:0.0055s ]
NOTIC: [8] Undefined index: validate D:\phpStudy\WWW\accounting\ThinkPHP\Library\Think\Model.class.php 第 1185 行.
NOTIC: [8] Undefined index: auto D:\phpStudy\WWW\accounting\ThinkPHP\Library\Think\Model.class.php 第 1128 行.
SQL: UPDATE `acc_classify` SET `cols`='safas1219999',`cols_info`='',`cols_account`='收入',`cols_finallydate`='2018-03-18 21:43:43' WHERE ( Id='17' ) [ RunTime:0.2122s ]

[ 2018-03-18T21:43:44+08:00 ] ::1 /accounting/Home-Index-colMod.html
INFO: [ app_begin ] --START--
INFO: Run Behavior\ReadHtmlCacheBehavior [ RunTime:0.000435s ]
INFO: [ app_begin ] --END-- [ RunTime:0.000721s ]
SQL: SHOW COLUMNS FROM `acc_classify` [ RunTime:0.0039s ]
NOTIC: [8] Undefined index: validate D:\phpStudy\WWW\accounting\ThinkPHP\Library\Think\Model.class.php 第 1185 行.
NOTIC: [8] Undefined index: auto D:\phpStudy\WWW\accounting\ThinkPHP\Library\Think\Model.class.php 第 1128 行.
SQL: UPDATE `acc_classify` SET `cols`='safas1219999',`cols_info`='',`cols_account`='收入',`cols_finallydate`='2018-03-18 21:43:44' WHERE ( Id='17' ) [ RunTime:0.2140s ]

[ 2018-03-18T21:43:45+08:00 ] ::1 /accounting/Home-Index-colMod.html
INFO: [ app_begin ] --START--
INFO: Run Behavior\ReadHtmlCacheBehavior [ RunTime:0.000438s ]
INFO: [ app_begin ] --END-- [ RunTime:0.000753s ]
SQL: SHOW COLUMNS FROM `acc_classify` [ RunTime:0.0058s ]
NOTIC: [8] Undefined index: validate D:\phpStudy\WWW\accounting\ThinkPHP\Library\Think\Model.class.php 第 1185 行.
NOTIC: [8] Undefined index: auto D:\phpStudy\WWW\accounting\ThinkPHP\Library\Think\Model.class.php 第 1128 行.
SQL: UPDATE `acc_classify` SET `cols`='safas1219999',`cols_info`='',`cols_account`='收入',`cols_finallydate`='2018-03-18 21:43:45' WHERE ( Id='17' ) [ RunTime:0.1395s ]

[ 2018-03-18T21:43:46+08:00 ] ::1 /accounting/Home-Index-colMod.html
INFO: [ app_begin ] --START--
INFO: Run Behavior\ReadHtmlCacheBehavior [ RunTime:0.000432s ]
INFO: [ app_begin ] --END-- [ RunTime:0.000766s ]
SQL: SHOW COLUMNS FROM `acc_classify` [ RunTime:0.0037s ]
NOTIC: [8] Undefined index: validate D:\phpStudy\WWW\accounting\ThinkPHP\Library\Think\Model.class.php 第 1185 行.
NOTIC: [8] Undefined index: auto D:\phpStudy\WWW\accounting\ThinkPHP\Library\Think\Model.class.php 第 1128 行.
SQL: UPDATE `acc_classify` SET `cols`='safas1219999',`cols_info`='',`cols_account`='收入',`cols_finallydate`='2018-03-18 21:43:46' WHERE ( Id='17' ) [ RunTime:0.1194s ]

[ 2018-03-18T21:43:47+08:00 ] ::1 /accounting/Home-Index-colMod.html
INFO: [ app_begin ] --START--
INFO: Run Behavior\ReadHtmlCacheBehavior [ RunTime:0.000443s ]
INFO: [ app_begin ] --END-- [ RunTime:0.000730s ]
SQL: SHOW COLUMNS FROM `acc_classify` [ RunTime:0.0041s ]
NOTIC: [8] Undefined index: validate D:\phpStudy\WWW\accounting\ThinkPHP\Library\Think\Model.class.php 第 1185 行.
NOTIC: [8] Undefined index: auto D:\phpStudy\WWW\accounting\ThinkPHP\Library\Think\Model.class.php 第 1128 行.
SQL: UPDATE `acc_classify` SET `cols`='safas1219999',`cols_info`='',`cols_account`='收入',`cols_finallydate`='2018-03-18 21:43:47' WHERE ( Id='17' ) [ RunTime:0.1210s ]

[ 2018-03-18T21:43:49+08:00 ] ::1 /accounting/Home-Index-colMod.html
INFO: [ app_begin ] --START--
INFO: Run Behavior\ReadHtmlCacheBehavior [ RunTime:0.000487s ]
INFO: [ app_begin ] --END-- [ RunTime:0.000781s ]
SQL: SHOW COLUMNS FROM `acc_classify` [ RunTime:0.0050s ]
NOTIC: [8] Undefined index: validate D:\phpStudy\WWW\accounting\ThinkPHP\Library\Think\Model.class.php 第 1185 行.
NOTIC: [8] Undefined index: auto D:\phpStudy\WWW\accounting\ThinkPHP\Library\Think\Model.class.php 第 1128 行.
SQL: UPDATE `acc_classify` SET `cols`='safas1219999',`cols_info`='',`cols_account`='收入',`cols_finallydate`='2018-03-18 21:43:49' WHERE ( Id='17' ) [ RunTime:0.2085s ]

[ 2018-03-18T21:44:57+08:00 ] ::1 /accounting/Home-Index-colMod.html
INFO: [ app_begin ] --START--
INFO: Run Behavior\ReadHtmlCacheBehavior [ RunTime:0.000551s ]
INFO: [ app_begin ] --END-- [ RunTime:0.000913s ]
SQL: SHOW COLUMNS FROM `acc_classify` [ RunTime:0.0049s ]
NOTIC: [8] Undefined index: validate D:\phpStudy\WWW\accounting\ThinkPHP\Library\Think\Model.class.php 第 1185 行.
NOTIC: [8] Undefined index: auto D:\phpStudy\WWW\accounting\ThinkPHP\Library\Think\Model.class.php 第 1128 行.
SQL: UPDATE `acc_classify` SET `cols`='safas1299',`cols_info`='',`cols_account`='收入',`cols_finallydate`='2018-03-18 21:44:57' WHERE ( Id='17' ) [ RunTime:0.2109s ]

[ 2018-03-18T21:45:00+08:00 ] ::1 /accounting/Home-Index-colMod.html
INFO: [ app_begin ] --START--
INFO: Run Behavior\ReadHtmlCacheBehavior [ RunTime:0.000483s ]
INFO: [ app_begin ] --END-- [ RunTime:0.000773s ]
SQL: SHOW COLUMNS FROM `acc_classify` [ RunTime:0.0044s ]
NOTIC: [8] Undefined index: validate D:\phpStudy\WWW\accounting\ThinkPHP\Library\Think\Model.class.php 第 1185 行.
NOTIC: [8] Undefined index: auto D:\phpStudy\WWW\accounting\ThinkPHP\Library\Think\Model.class.php 第 1128 行.
SQL: UPDATE `acc_classify` SET `cols`='safas1299',`cols_info`='',`cols_account`='收入',`cols_finallydate`='2018-03-18 21:45:00' WHERE ( Id='17' ) [ RunTime:0.2000s ]

[ 2018-03-18T21:45:02+08:00 ] ::1 /accounting/Home-Index-colMod.html
INFO: [ app_begin ] --START--
INFO: Run Behavior\ReadHtmlCacheBehavior [ RunTime:0.000554s ]
INFO: [ app_begin ] --END-- [ RunTime:0.000888s ]
SQL: SHOW COLUMNS FROM `acc_classify` [ RunTime:0.1705s ]
NOTIC: [8] Undefined index: validate D:\phpStudy\WWW\accounting\ThinkPHP\Library\Think\Model.class.php 第 1185 行.
NOTIC: [8] Undefined index: auto D:\phpStudy\WWW\accounting\ThinkPHP\Library\Think\Model.class.php 第 1128 行.
SQL: UPDATE `acc_classify` SET `cols`='safas1299',`cols_info`='',`cols_account`='收入',`cols_finallydate`='2018-03-18 21:45:01' WHERE ( Id='17' ) [ RunTime:0.1926s ]

[ 2018-03-18T21:45:03+08:00 ] ::1 /accounting/Home-Index-colMod.html
INFO: [ app_begin ] --START--
INFO: Run Behavior\ReadHtmlCacheBehavior [ RunTime:0.000555s ]
INFO: [ app_begin ] --END-- [ RunTime:0.000892s ]
SQL: SHOW COLUMNS FROM `acc_classify` [ RunTime:0.0046s ]
NOTIC: [8] Undefined index: validate D:\phpStudy\WWW\accounting\ThinkPHP\Library\Think\Model.class.php 第 1185 行.
NOTIC: [8] Undefined index: auto D:\phpStudy\WWW\accounting\ThinkPHP\Library\Think\Model.class.php 第 1128 行.
SQL: UPDATE `acc_classify` SET `cols`='safas1299',`cols_info`='',`cols_account`='收入',`cols_finallydate`='2018-03-18 21:45:03' WHERE ( Id='17' ) [ RunTime:0.1839s ]

[ 2018-03-18T21:45:04+08:00 ] ::1 /accounting/Home-Index-colMod.html
INFO: [ app_begin ] --START--
INFO: Run Behavior\ReadHtmlCacheBehavior [ RunTime:0.000435s ]
INFO: [ app_begin ] --END-- [ RunTime:0.000768s ]
SQL: SHOW COLUMNS FROM `acc_classify` [ RunTime:0.0042s ]
NOTIC: [8] Undefined index: validate D:\phpStudy\WWW\accounting\ThinkPHP\Library\Think\Model.class.php 第 1185 行.
NOTIC: [8] Undefined index: auto D:\phpStudy\WWW\accounting\ThinkPHP\Library\Think\Model.class.php 第 1128 行.
SQL: UPDATE `acc_classify` SET `cols`='safas1299',`cols_info`='',`cols_account`='收入',`cols_finallydate`='2018-03-18 21:45:04' WHERE ( Id='17' ) [ RunTime:0.0987s ]

[ 2018-03-18T21:45:05+08:00 ] ::1 /accounting/Home-Index-colMod.html
INFO: [ app_begin ] --START--
INFO: Run Behavior\ReadHtmlCacheBehavior [ RunTime:0.000744s ]
INFO: [ app_begin ] --END-- [ RunTime:0.001339s ]
SQL: SHOW COLUMNS FROM `acc_classify` [ RunTime:0.0044s ]
NOTIC: [8] Undefined index: validate D:\phpStudy\WWW\accounting\ThinkPHP\Library\Think\Model.class.php 第 1185 行.
NOTIC: [8] Undefined index: auto D:\phpStudy\WWW\accounting\ThinkPHP\Library\Think\Model.class.php 第 1128 行.
SQL: UPDATE `acc_classify` SET `cols`='safas1299',`cols_info`='',`cols_account`='收入',`cols_finallydate`='2018-03-18 21:45:05' WHERE ( Id='17' ) [ RunTime:0.1066s ]

[ 2018-03-18T21:45:06+08:00 ] ::1 /accounting/Home-Index-colMod.html
INFO: [ app_begin ] --START--
INFO: Run Behavior\ReadHtmlCacheBehavior [ RunTime:0.000554s ]
INFO: [ app_begin ] --END-- [ RunTime:0.000881s ]
SQL: SHOW COLUMNS FROM `acc_classify` [ RunTime:0.0036s ]
NOTIC: [8] Undefined index: validate D:\phpStudy\WWW\accounting\ThinkPHP\Library\Think\Model.class.php 第 1185 行.
NOTIC: [8] Undefined index: auto D:\phpStudy\WWW\accounting\ThinkPHP\Library\Think\Model.class.php 第 1128 行.
SQL: UPDATE `acc_classify` SET `cols`='safas1299',`cols_info`='',`cols_account`='收入',`cols_finallydate`='2018-03-18 21:45:06' WHERE ( Id='17' ) [ RunTime:0.1772s ]

[ 2018-03-18T21:45:46+08:00 ] ::1 /accounting/Home-Index-colMod.html
INFO: [ app_begin ] --START--
INFO: Run Behavior\ReadHtmlCacheBehavior [ RunTime:0.000441s ]
INFO: [ app_begin ] --END-- [ RunTime:0.000728s ]
SQL: SHOW COLUMNS FROM `acc_classify` [ RunTime:0.0040s ]
SQL: UPDATE `acc_classify` SET `cols`='test',`cols_info`='',`cols_account`='收入',`cols_finallydate`='2018-03-18 21:45:46' WHERE ( Id='17' ) [ RunTime:0.0960s ]

[ 2018-03-18T21:45:50+08:00 ] ::1 /accounting/Home-Index-colMod.html
INFO: [ app_begin ] --START--
INFO: Run Behavior\ReadHtmlCacheBehavior [ RunTime:0.000488s ]
INFO: [ app_begin ] --END-- [ RunTime:0.000895s ]
SQL: SHOW COLUMNS FROM `acc_classify` [ RunTime:0.0049s ]
SQL: UPDATE `acc_classify` SET `cols`='test长度ddddddd',`cols_info`='',`cols_account`='支出',`cols_finallydate`='2018-03-18 21:45:49' WHERE ( Id='14' ) [ RunTime:0.1888s ]

[ 2018-03-18T21:45:51+08:00 ] ::1 /accounting/Home-Index-colMod.html
INFO: [ app_begin ] --START--
INFO: Run Behavior\ReadHtmlCacheBehavior [ RunTime:0.000441s ]
INFO: [ app_begin ] --END-- [ RunTime:0.000740s ]
SQL: SHOW COLUMNS FROM `acc_classify` [ RunTime:0.0037s ]
SQL: UPDATE `acc_classify` SET `cols`='test',`cols_info`='',`cols_account`='收入',`cols_finallydate`='2018-03-18 21:45:51' WHERE ( Id='17' ) [ RunTime:0.1458s ]

[ 2018-03-18T21:46:48+08:00 ] ::1 /accounting/Home-Index-colMod.html
INFO: [ app_begin ] --START--
INFO: Run Behavior\ReadHtmlCacheBehavior [ RunTime:0.000631s ]
INFO: [ app_begin ] --END-- [ RunTime:0.000983s ]
SQL: SHOW COLUMNS FROM `acc_classify` [ RunTime:0.0038s ]
NOTIC: [8] Undefined index: validate D:\phpStudy\WWW\accounting\ThinkPHP\Library\Think\Model.class.php 第 1185 行.
NOTIC: [8] Undefined index: auto D:\phpStudy\WWW\accounting\ThinkPHP\Library\Think\Model.class.php 第 1128 行.
SQL: UPDATE `acc_classify` SET `cols`='test长度ddddddd',`cols_info`='',`cols_account`='支出宿舍',`cols_finallydate`='2018-03-18 21:46:48' WHERE ( Id='14' ) [ RunTime:0.2240s ]

[ 2018-03-18T21:47:46+08:00 ] ::1 /accounting/Home-Index-colMod.html
INFO: [ app_begin ] --START--
INFO: Run Behavior\ReadHtmlCacheBehavior [ RunTime:0.000555s ]
INFO: [ app_begin ] --END-- [ RunTime:0.000890s ]
SQL: SHOW COLUMNS FROM `acc_classify` [ RunTime:0.0042s ]
NOTIC: [8] Undefined index: validate D:\phpStudy\WWW\accounting\ThinkPHP\Library\Think\Model.class.php 第 1185 行.
NOTIC: [8] Undefined index: auto D:\phpStudy\WWW\accounting\ThinkPHP\Library\Think\Model.class.php 第 1128 行.
SQL: UPDATE `acc_classify` SET `cols`='',`cols_info`='',`cols_account`='',`cols_finallydate`='2018-03-18 21:47:46' WHERE ( Id='14' ) [ RunTime:0.1552s ]

[ 2018-03-18T21:48:30+08:00 ] ::1 /accounting/Home-Index-colMod.html
INFO: [ app_begin ] --START--
INFO: Run Behavior\ReadHtmlCacheBehavior [ RunTime:0.000441s ]
INFO: [ app_begin ] --END-- [ RunTime:0.000785s ]
SQL: SHOW COLUMNS FROM `acc_classify` [ RunTime:0.0041s ]
NOTIC: [8] Undefined index: validate D:\phpStudy\WWW\accounting\ThinkPHP\Library\Think\Model.class.php 第 1185 行.
NOTIC: [8] Undefined index: auto D:\phpStudy\WWW\accounting\ThinkPHP\Library\Think\Model.class.php 第 1128 行.
SQL: UPDATE `acc_classify` SET `cols`='',`cols_info`='Asdfghjkl',`cols_account`='',`cols_finallydate`='2018-03-18 21:48:30' WHERE ( Id='14' ) [ RunTime:0.1349s ]

[ 2018-03-18T21:48:55+08:00 ] ::1 /accounting/Home-Index-colMod.html
INFO: [ app_begin ] --START--
INFO: Run Behavior\ReadHtmlCacheBehavior [ RunTime:0.000754s ]
INFO: [ app_begin ] --END-- [ RunTime:0.003133s ]
SQL: SHOW COLUMNS FROM `acc_classify` [ RunTime:0.0041s ]
NOTIC: [8] Undefined index: validate D:\phpStudy\WWW\accounting\ThinkPHP\Library\Think\Model.class.php 第 1185 行.
NOTIC: [8] Undefined index: auto D:\phpStudy\WWW\accounting\ThinkPHP\Library\Think\Model.class.php 第 1128 行.
SQL: UPDATE `acc_classify` SET `cols`='',`cols_info`='Asdfghjkl电饭锅和健康',`cols_account`='',`cols_finallydate`='2018-03-18 21:48:54' WHERE ( Id='14' ) [ RunTime:0.2170s ]

[ 2018-03-18T21:49:55+08:00 ] ::1 /accounting/Home-Index-colMod.html
INFO: [ app_begin ] --START--
INFO: Run Behavior\ReadHtmlCacheBehavior [ RunTime:0.000610s ]
INFO: [ app_begin ] --END-- [ RunTime:0.001081s ]
SQL: SHOW COLUMNS FROM `acc_classify` [ RunTime:0.0051s ]
NOTIC: [8] Undefined index: validate D:\phpStudy\WWW\accounting\ThinkPHP\Library\Think\Model.class.php 第 1185 行.
NOTIC: [8] Undefined index: auto D:\phpStudy\WWW\accounting\ThinkPHP\Library\Think\Model.class.php 第 1128 行.
SQL: UPDATE `acc_classify` SET `cols`='敖德萨多',`cols_info`='',`cols_account`='支出',`cols_finallydate`='2018-03-18 21:49:55' WHERE ( Id='14' ) [ RunTime:0.2102s ]

[ 2018-03-18T21:50:55+08:00 ] ::1 /accounting/Home-Index-colMod.html
INFO: [ app_begin ] --START--
INFO: Run Behavior\ReadHtmlCacheBehavior [ RunTime:0.000595s ]
INFO: [ app_begin ] --END-- [ RunTime:0.000998s ]
SQL: SHOW COLUMNS FROM `acc_classify` [ RunTime:0.0052s ]
NOTIC: [8] Undefined index: validate D:\phpStudy\WWW\accounting\ThinkPHP\Library\Think\Model.class.php 第 1185 行.
NOTIC: [8] Undefined index: auto D:\phpStudy\WWW\accounting\ThinkPHP\Library\Think\Model.class.php 第 1128 行.
SQL: UPDATE `acc_classify` SET `cols`='敖德萨多',`cols_info`='',`cols_account`='支出',`cols_finallydate`='2018-03-18 21:50:55' WHERE ( Id='14' ) [ RunTime:0.1982s ]

[ 2018-03-18T21:51:09+08:00 ] ::1 /accounting/Home-Index-colMod.html
INFO: [ app_begin ] --START--
INFO: Run Behavior\ReadHtmlCacheBehavior [ RunTime:0.000444s ]
INFO: [ app_begin ] --END-- [ RunTime:0.000738s ]
SQL: SHOW COLUMNS FROM `acc_classify` [ RunTime:0.0072s ]
NOTIC: [8] Undefined index: validate D:\phpStudy\WWW\accounting\ThinkPHP\Library\Think\Model.class.php 第 1185 行.
NOTIC: [8] Undefined index: auto D:\phpStudy\WWW\accounting\ThinkPHP\Library\Think\Model.class.php 第 1128 行.
SQL: UPDATE `acc_classify` SET `cols`='敖德萨多',`cols_info`='',`cols_account`='支出',`cols_finallydate`='2018-03-18 21:51:09' WHERE ( Id='14' ) [ RunTime:0.2136s ]

[ 2018-03-18T21:52:30+08:00 ] ::1 /accounting/Home-Index-colMod.html
INFO: [ app_begin ] --START--
INFO: Run Behavior\ReadHtmlCacheBehavior [ RunTime:0.002935s ]
INFO: [ app_begin ] --END-- [ RunTime:0.003582s ]
SQL: SHOW COLUMNS FROM `acc_classify` [ RunTime:0.0047s ]
NOTIC: [8] Undefined index: validate D:\phpStudy\WWW\accounting\ThinkPHP\Library\Think\Model.class.php 第 1185 行.
NOTIC: [8] Undefined index: auto D:\phpStudy\WWW\accounting\ThinkPHP\Library\Think\Model.class.php 第 1128 行.
SQL: UPDATE `acc_classify` SET `cols`='敖德萨多',`cols_info`='',`cols_account`='支出',`cols_finallydate`='2018-03-18 21:52:30' WHERE ( Id='14' ) [ RunTime:0.1541s ]

[ 2018-03-18T21:52:48+08:00 ] ::1 /accounting/Home-Index-colMod.html
INFO: [ app_begin ] --START--
INFO: Run Behavior\ReadHtmlCacheBehavior [ RunTime:0.000645s ]
INFO: [ app_begin ] --END-- [ RunTime:0.001099s ]
SQL: SHOW COLUMNS FROM `acc_classify` [ RunTime:0.0042s ]
NOTIC: [8] Undefined index: validate D:\phpStudy\WWW\accounting\ThinkPHP\Library\Think\Model.class.php 第 1185 行.
NOTIC: [8] Undefined index: auto D:\phpStudy\WWW\accounting\ThinkPHP\Library\Think\Model.class.php 第 1128 行.
SQL: UPDATE `acc_classify` SET `cols`='敖德萨多Yui',`cols_info`='',`cols_account`='支出',`cols_finallydate`='2018-03-18 21:52:48' WHERE ( Id='14' ) [ RunTime:0.2143s ]

[ 2018-03-18T21:53:43+08:00 ] ::1 /accounting/Home-Index-colMod.html
INFO: [ app_begin ] --START--
INFO: Run Behavior\ReadHtmlCacheBehavior [ RunTime:0.000624s ]
INFO: [ app_begin ] --END-- [ RunTime:0.001012s ]
SQL: SHOW COLUMNS FROM `acc_classify` [ RunTime:0.0048s ]

[ 2018-03-18T21:54:22+08:00 ] ::1 /accounting/Home-Index-colMod.html
INFO: [ app_begin ] --START--
INFO: Run Behavior\ReadHtmlCacheBehavior [ RunTime:0.000435s ]
INFO: [ app_begin ] --END-- [ RunTime:0.000768s ]
SQL: SHOW COLUMNS FROM `acc_classify` [ RunTime:0.0042s ]
SQL: UPDATE `acc_classify` SET `cols`='敖德',`cols_info`='',`cols_account`='收入',`cols_finallydate`='2018-03-18 21:54:22' WHERE ( Id='14' ) [ RunTime:0.1632s ]

[ 2018-03-18T21:54:33+08:00 ] ::1 /accounting/Home-Index-colMod.html
INFO: [ app_begin ] --START--
INFO: Run Behavior\ReadHtmlCacheBehavior [ RunTime:0.000548s ]
INFO: [ app_begin ] --END-- [ RunTime:0.000872s ]
SQL: SHOW COLUMNS FROM `acc_classify` [ RunTime:0.1817s ]
SQL: UPDATE `acc_classify` SET `cols`='敖德',`cols_info`='',`cols_account`='收入',`cols_finallydate`='2018-03-18 21:54:32' WHERE ( Id='14' ) [ RunTime:0.2864s ]

[ 2018-03-18T21:55:06+08:00 ] ::1 /accounting/Home-Index-colMod.html
INFO: [ app_begin ] --START--
INFO: Run Behavior\ReadHtmlCacheBehavior [ RunTime:0.000553s ]
INFO: [ app_begin ] --END-- [ RunTime:0.000884s ]
SQL: SHOW COLUMNS FROM `acc_classify` [ RunTime:0.0049s ]
SQL: UPDATE `acc_classify` SET `cols`='敖德',`cols_info`='',`cols_account`='收入',`cols_finallydate`='2018-03-18 21:55:05' WHERE ( Id='14' ) [ RunTime:0.2818s ]

[ 2018-03-18T21:55:23+08:00 ] ::1 /accounting/Home-Index-colMod.html
INFO: [ app_begin ] --START--
INFO: Run Behavior\ReadHtmlCacheBehavior [ RunTime:0.000520s ]
INFO: [ app_begin ] --END-- [ RunTime:0.000928s ]
SQL: SHOW COLUMNS FROM `acc_classify` [ RunTime:0.0226s ]
SQL: UPDATE `acc_classify` SET `cols`='敖德',`cols_info`='',`cols_account`='收入',`cols_finallydate`='2018-03-18 21:55:22' WHERE ( Id='14' ) [ RunTime:0.1466s ]

[ 2018-03-18T21:55:25+08:00 ] ::1 /accounting/Home-Index-colMod.html
INFO: [ app_begin ] --START--
INFO: Run Behavior\ReadHtmlCacheBehavior [ RunTime:0.000639s ]
INFO: [ app_begin ] --END-- [ RunTime:0.001055s ]
SQL: SHOW COLUMNS FROM `acc_classify` [ RunTime:0.0036s ]
SQL: UPDATE `acc_classify` SET `cols`='test',`cols_info`='',`cols_account`='收入',`cols_finallydate`='2018-03-18 21:55:25' WHERE ( Id='17' ) [ RunTime:0.1489s ]

[ 2018-03-18T21:56:24+08:00 ] ::1 /accounting/Home-Index-colMod.html
INFO: [ app_begin ] --START--
INFO: Run Behavior\ReadHtmlCacheBehavior [ RunTime:0.000437s ]
INFO: [ app_begin ] --END-- [ RunTime:0.000727s ]
SQL: SHOW COLUMNS FROM `acc_classify` [ RunTime:0.0039s ]
SQL: UPDATE `acc_classify` SET `cols`='敖德',`cols_info`='啊实打实打撒',`cols_account`='收入',`cols_finallydate`='2018-03-18 21:56:24' WHERE ( Id='14' ) [ RunTime:0.1566s ]

[ 2018-03-18T21:56:49+08:00 ] ::1 /accounting/Home-Index-colMod.html
INFO: [ app_begin ] --START--
INFO: Run Behavior\ReadHtmlCacheBehavior [ RunTime:0.000551s ]
INFO: [ app_begin ] --END-- [ RunTime:0.000883s ]
SQL: SHOW COLUMNS FROM `acc_classify` [ RunTime:0.1432s ]
SQL: UPDATE `acc_classify` SET `cols`='敖德阿斯达所多',`cols_info`='啊实打实打撒啊实打实打撒',`cols_account`='支出',`cols_finallydate`='2018-03-18 21:56:49' WHERE ( Id='14' ) [ RunTime:0.2860s ]

[ 2018-03-18T22:02:57+08:00 ] ::1 /accounting/Home-Index-colMod.html
INFO: [ app_begin ] --START--
INFO: Run Behavior\ReadHtmlCacheBehavior [ RunTime:0.000871s ]
INFO: [ app_begin ] --END-- [ RunTime:0.001447s ]
SQL: SHOW COLUMNS FROM `acc_classify` [ RunTime:0.0036s ]
SQL: UPDATE `acc_classify` SET `cols`='test1',`cols_info`='阿斯达所多',`cols_account`='支出',`cols_finallydate`='2018-03-18 22:02:57' WHERE ( Id='18' ) [ RunTime:0.1529s ]

[ 2018-03-18T22:04:15+08:00 ] ::1 /accounting/Home-Index-colMod.html
INFO: [ app_begin ] --START--
INFO: Run Behavior\ReadHtmlCacheBehavior [ RunTime:0.000442s ]
INFO: [ app_begin ] --END-- [ RunTime:0.000787s ]
SQL: SHOW COLUMNS FROM `acc_classify` [ RunTime:0.0038s ]
SQL: UPDATE `acc_classify` SET `cols`='test',`cols_info`='',`cols_account`='收入',`cols_finallydate`='2018-03-18 22:04:14' WHERE ( Id='17' ) [ RunTime:0.2034s ]

[ 2018-03-18T22:04:25+08:00 ] ::1 /accounting/Home-Index-colMod.html
INFO: [ app_begin ] --START--
INFO: Run Behavior\ReadHtmlCacheBehavior [ RunTime:0.000435s ]
INFO: [ app_begin ] --END-- [ RunTime:0.000765s ]
SQL: SHOW COLUMNS FROM `acc_classify` [ RunTime:0.0037s ]
SQL: UPDATE `acc_classify` SET `cols`='test',`cols_info`='阿斯蒂芬规划局',`cols_account`='收入',`cols_finallydate`='2018-03-18 22:04:25' WHERE ( Id='17' ) [ RunTime:0.1940s ]

[ 2018-03-18T22:06:24+08:00 ] ::1 /accounting/Home-Index-colMod.html
INFO: [ app_begin ] --START--
INFO: Run Behavior\ReadHtmlCacheBehavior [ RunTime:0.000576s ]
INFO: [ app_begin ] --END-- [ RunTime:0.001023s ]
SQL: SHOW COLUMNS FROM `acc_classify` [ RunTime:0.0041s ]
SQL: UPDATE `acc_classify` SET `cols`='test',`cols_info`='阿斯蒂芬规划局阿萨德撒大撒',`cols_account`='收入',`cols_finallydate`='2018-03-18 22:06:24' WHERE ( Id='17' ) [ RunTime:0.2161s ]

[ 2018-03-18T22:06:26+08:00 ] ::1 /accounting/Home-Index-sortManagement.html?page=1&limit=10
INFO: [ app_begin ] --START--
INFO: Run Behavior\ReadHtmlCacheBehavior [ RunTime:0.000690s ]
INFO: [ app_begin ] --END-- [ RunTime:0.001148s ]
SQL: SHOW COLUMNS FROM `acc_classify` [ RunTime:0.1572s ]
SQL: SELECT * FROM `acc_classify`  [ RunTime:0.0004s ]
INFO: [ view_parse ] --START--
INFO: Run Behavior\ParseTemplateBehavior [ RunTime:0.008947s ]
INFO: [ view_parse ] --END-- [ RunTime:0.009001s ]
INFO: [ view_filter ] --START--
INFO: Run Behavior\WriteHtmlCacheBehavior [ RunTime:0.000298s ]
INFO: [ view_filter ] --END-- [ RunTime:0.000326s ]
INFO: [ app_end ] --START--
INFO: Run Behavior\ShowPageTraceBehavior [ RunTime:0.000514s ]
INFO: [ app_end ] --END-- [ RunTime:0.000541s ]

[ 2018-03-18T22:07:23+08:00 ] ::1 /accounting/Home-Index-colMod.html
INFO: [ app_begin ] --START--
INFO: Run Behavior\ReadHtmlCacheBehavior [ RunTime:0.000758s ]
INFO: [ app_begin ] --END-- [ RunTime:0.001189s ]
SQL: SHOW COLUMNS FROM `acc_classify` [ RunTime:0.0047s ]
SQL: UPDATE `acc_classify` SET `cols`='test1',`cols_info`='阿斯达所多阿斯达所多',`cols_account`='支出',`cols_finallydate`='2018-03-18 22:07:22' WHERE ( Id='18' ) [ RunTime:0.1770s ]

[ 2018-03-18T22:08:24+08:00 ] ::1 /accounting/Home-Index-colMod.html
INFO: [ app_begin ] --START--
INFO: Run Behavior\ReadHtmlCacheBehavior [ RunTime:0.000652s ]
INFO: [ app_begin ] --END-- [ RunTime:0.000951s ]
SQL: SHOW COLUMNS FROM `acc_classify` [ RunTime:0.0042s ]
SQL: UPDATE `acc_classify` SET `cols`='test1',`cols_info`='',`cols_account`='支出',`cols_finallydate`='2018-03-18 22:08:23' WHERE ( Id='18' ) [ RunTime:0.2122s ]

[ 2018-03-18T22:09:45+08:00 ] ::1 /accounting/Home-Index-colDel.html?id=14
INFO: [ app_begin ] --START--
INFO: Run Behavior\ReadHtmlCacheBehavior [ RunTime:0.000525s ]
INFO: [ app_begin ] --END-- [ RunTime:0.000896s ]
SQL: SHOW COLUMNS FROM `acc_classify` [ RunTime:0.0063s ]
SQL: DELETE FROM `acc_classify` WHERE `Id` = 14 [ RunTime:0.1605s ]

[ 2018-03-18T22:09:49+08:00 ] ::1 /accounting/Home-Index-colDel.html?id=17
INFO: [ app_begin ] --START--
INFO: Run Behavior\ReadHtmlCacheBehavior [ RunTime:0.000524s ]
INFO: [ app_begin ] --END-- [ RunTime:0.000871s ]
SQL: SHOW COLUMNS FROM `acc_classify` [ RunTime:0.0094s ]
SQL: DELETE FROM `acc_classify` WHERE `Id` = 17 [ RunTime:0.1821s ]

[ 2018-03-18T22:09:52+08:00 ] ::1 /accounting/Home-Index-colDel.html?id=18
INFO: [ app_begin ] --START--
INFO: Run Behavior\ReadHtmlCacheBehavior [ RunTime:0.000537s ]
INFO: [ app_begin ] --END-- [ RunTime:0.001091s ]
SQL: SHOW COLUMNS FROM `acc_classify` [ RunTime:0.0232s ]
SQL: DELETE FROM `acc_classify` WHERE `Id` = 18 [ RunTime:0.1895s ]

