[ 2018-04-13T23:05:57+08:00 ] 127.0.0.1 /accounting/Home-Index-jsonDataBill.html?page=1&limit=10
INFO: [ app_begin ] --START--
INFO: Run Behavior\ReadHtmlCacheBehavior [ RunTime:0.010872s ]
INFO: [ app_begin ] --END-- [ RunTime:0.012663s ]
SQL: SHOW COLUMNS FROM `acc_account` [ RunTime:0.0339s ]
SQL: SELECT * FROM `acc_account` WHERE ( a_user='yangwendi' ) LIMIT 0,10   [ RunTime:0.0010s ]
SQL: SELECT COUNT(*) AS tp_count FROM `acc_account` WHERE ( a_user='yangwendi' ) LIMIT 1   [ RunTime:0.0008s ]

[ 2018-04-13T23:05:57+08:00 ] 127.0.0.1 /accounting/Home-Index-jsonDataCol.html?page=1&limit=10
INFO: [ app_begin ] --START--
INFO: Run Behavior\ReadHtmlCacheBehavior [ RunTime:0.000501s ]
INFO: [ app_begin ] --END-- [ RunTime:0.000856s ]
SQL: SHOW COLUMNS FROM `acc_classify` [ RunTime:0.0031s ]
SQL: SELECT * FROM `acc_classify` WHERE ( cols_user='yangwendi' ) LIMIT 0,10   [ RunTime:0.0003s ]
SQL: SELECT COUNT(*) AS tp_count FROM `acc_classify` WHERE ( cols_user='yangwendi' ) LIMIT 1   [ RunTime:0.0002s ]

[ 2018-04-13T23:10:12+08:00 ] 127.0.0.1 /accounting/Home-Index-jsonDataCol.html?page=1&limit=10
INFO: [ app_begin ] --START--
INFO: Run Behavior\ReadHtmlCacheBehavior [ RunTime:0.001126s ]
INFO: [ app_begin ] --END-- [ RunTime:0.001856s ]
SQL: SHOW COLUMNS FROM `acc_classify` [ RunTime:0.0343s ]
SQL: SELECT * FROM `acc_classify` WHERE ( cols_user='yangwendi' ) LIMIT 0,10   [ RunTime:0.0009s ]
SQL: SELECT COUNT(*) AS tp_count FROM `acc_classify` WHERE ( cols_user='yangwendi' ) LIMIT 1   [ RunTime:0.0006s ]

