[ 2018-03-20T13:07:03+08:00 ] ::1 /accounting/Home-Index-jsonDataCol.html?page=1&limit=1
INFO: [ app_begin ] --START--
INFO: Run Behavior\ReadHtmlCacheBehavior [ RunTime:0.000555s ]
INFO: [ app_begin ] --END-- [ RunTime:0.000852s ]
SQL: SHOW COLUMNS FROM `acc_classify` [ RunTime:0.0047s ]
SQL: SELECT COUNT(*) AS tp_count FROM `acc_classify` LIMIT 1   [ RunTime:0.0003s ]
SQL: SELECT * FROM `acc_classify` LIMIT 0,1   [ RunTime:0.0002s ]

[ 2018-03-20T13:07:07+08:00 ] ::1 /accounting/Home-Index-jsonDataCol.html?page=2&limit=1
INFO: [ app_begin ] --START--
INFO: Run Behavior\ReadHtmlCacheBehavior [ RunTime:0.000476s ]
INFO: [ app_begin ] --END-- [ RunTime:0.000764s ]
SQL: SHOW COLUMNS FROM `acc_classify` [ RunTime:0.0054s ]
SQL: SELECT COUNT(*) AS tp_count FROM `acc_classify` LIMIT 1   [ RunTime:0.0002s ]
SQL: SELECT * FROM `acc_classify` LIMIT 1,1   [ RunTime:0.0002s ]

[ 2018-03-20T13:07:09+08:00 ] ::1 /accounting/Home-Index-jsonDataCol.html?page=3&limit=1
INFO: [ app_begin ] --START--
INFO: Run Behavior\ReadHtmlCacheBehavior [ RunTime:0.000430s ]
INFO: [ app_begin ] --END-- [ RunTime:0.000713s ]
SQL: SHOW COLUMNS FROM `acc_classify` [ RunTime:0.0203s ]
SQL: SELECT COUNT(*) AS tp_count FROM `acc_classify` LIMIT 1   [ RunTime:0.0002s ]
SQL: SELECT * FROM `acc_classify` LIMIT 2,1   [ RunTime:0.0002s ]

[ 2018-03-20T13:08:08+08:00 ] ::1 /accounting/Home-Index-jsonDataCol.html?page=1&limit=1
INFO: [ app_begin ] --START--
INFO: Run Behavior\ReadHtmlCacheBehavior [ RunTime:0.000717s ]
INFO: [ app_begin ] --END-- [ RunTime:0.001243s ]
SQL: SHOW COLUMNS FROM `acc_classify` [ RunTime:0.0086s ]
SQL: SELECT COUNT(*) AS tp_count FROM `acc_classify` LIMIT 1   [ RunTime:0.0003s ]
SQL: SELECT * FROM `acc_classify` LIMIT 0,1   [ RunTime:0.0002s ]

[ 2018-03-20T13:08:24+08:00 ] ::1 /accounting/Home-Index-jsonDataCol.html?page=1&limit=1
INFO: [ app_begin ] --START--
INFO: Run Behavior\ReadHtmlCacheBehavior [ RunTime:0.000443s ]
INFO: [ app_begin ] --END-- [ RunTime:0.000732s ]
SQL: SHOW COLUMNS FROM `acc_classify` [ RunTime:0.0058s ]
SQL: SELECT COUNT(*) AS tp_count FROM `acc_classify` LIMIT 1   [ RunTime:0.0003s ]
SQL: SELECT * FROM `acc_classify` LIMIT 0,1   [ RunTime:0.0003s ]

[ 2018-03-20T13:08:28+08:00 ] ::1 /accounting/Home-Index-jsonDataCol.html?page=1&limit=10
INFO: [ app_begin ] --START--
INFO: Run Behavior\ReadHtmlCacheBehavior [ RunTime:0.001297s ]
INFO: [ app_begin ] --END-- [ RunTime:0.001649s ]
SQL: SHOW COLUMNS FROM `acc_classify` [ RunTime:0.0048s ]
SQL: SELECT COUNT(*) AS tp_count FROM `acc_classify` LIMIT 1   [ RunTime:0.0002s ]
SQL: SELECT * FROM `acc_classify` LIMIT 0,10   [ RunTime:0.0002s ]

[ 2018-03-20T13:08:47+08:00 ] ::1 /accounting/Home-Index-jsonDataCol.html?page=1&limit=1
INFO: [ app_begin ] --START--
INFO: Run Behavior\ReadHtmlCacheBehavior [ RunTime:0.000438s ]
INFO: [ app_begin ] --END-- [ RunTime:0.000729s ]
SQL: SHOW COLUMNS FROM `acc_classify` [ RunTime:0.0048s ]
SQL: SELECT COUNT(*) AS tp_count FROM `acc_classify` LIMIT 1   [ RunTime:0.0002s ]
SQL: SELECT * FROM `acc_classify` LIMIT 0,1   [ RunTime:0.0002s ]

[ 2018-03-20T13:09:05+08:00 ] ::1 /accounting/Home-Index-jsonDataCol.html?page=1&limit=1
INFO: [ app_begin ] --START--
INFO: Run Behavior\ReadHtmlCacheBehavior [ RunTime:0.000771s ]
INFO: [ app_begin ] --END-- [ RunTime:0.002027s ]
SQL: SHOW COLUMNS FROM `acc_classify` [ RunTime:0.0048s ]
SQL: SELECT COUNT(*) AS tp_count FROM `acc_classify` LIMIT 1   [ RunTime:0.0003s ]
SQL: SELECT * FROM `acc_classify` LIMIT 0,1   [ RunTime:0.0002s ]

[ 2018-03-20T13:09:15+08:00 ] ::1 /accounting/Home-Index-jsonDataCol.html?page=1&limit=1
INFO: [ app_begin ] --START--
INFO: Run Behavior\ReadHtmlCacheBehavior [ RunTime:0.001131s ]
INFO: [ app_begin ] --END-- [ RunTime:0.001659s ]
SQL: SHOW COLUMNS FROM `acc_classify` [ RunTime:0.0064s ]
SQL: SELECT COUNT(*) AS tp_count FROM `acc_classify` LIMIT 1   [ RunTime:0.0002s ]
SQL: SELECT * FROM `acc_classify` LIMIT 0,1   [ RunTime:0.0002s ]

[ 2018-03-20T13:09:23+08:00 ] ::1 /accounting/Home-Index-jsonDataCol.html?page=1&limit=10
INFO: [ app_begin ] --START--
INFO: Run Behavior\ReadHtmlCacheBehavior [ RunTime:0.001313s ]
INFO: [ app_begin ] --END-- [ RunTime:0.001679s ]
SQL: SHOW COLUMNS FROM `acc_classify` [ RunTime:0.0047s ]
SQL: SELECT COUNT(*) AS tp_count FROM `acc_classify` LIMIT 1   [ RunTime:0.0002s ]
SQL: SELECT * FROM `acc_classify` LIMIT 0,10   [ RunTime:0.0003s ]

[ 2018-03-20T13:09:29+08:00 ] ::1 /accounting/Home-Index-jsonDataCol.html?page=1&limit=10
INFO: [ app_begin ] --START--
INFO: Run Behavior\ReadHtmlCacheBehavior [ RunTime:0.000436s ]
INFO: [ app_begin ] --END-- [ RunTime:0.000743s ]
SQL: SHOW COLUMNS FROM `acc_classify` [ RunTime:0.0045s ]
SQL: SELECT COUNT(*) AS tp_count FROM `acc_classify` LIMIT 1   [ RunTime:0.0003s ]
SQL: SELECT * FROM `acc_classify` LIMIT 0,10   [ RunTime:0.0002s ]

[ 2018-03-20T13:10:07+08:00 ] ::1 /accounting/Home-Index-jsonDataCol.html?page=1&limit=10
INFO: [ app_begin ] --START--
INFO: Run Behavior\ReadHtmlCacheBehavior [ RunTime:0.000537s ]
INFO: [ app_begin ] --END-- [ RunTime:0.000945s ]
SQL: SHOW COLUMNS FROM `acc_classify` [ RunTime:0.0044s ]
SQL: SELECT COUNT(*) AS tp_count FROM `acc_classify` LIMIT 1   [ RunTime:0.0002s ]
SQL: SELECT * FROM `acc_classify` LIMIT 0,10   [ RunTime:0.0002s ]

[ 2018-03-20T13:23:41+08:00 ] ::1 /accounting/Home-Index-jsonDataCol.html?page=1&limit=10
INFO: [ app_begin ] --START--
INFO: Run Behavior\ReadHtmlCacheBehavior [ RunTime:0.000625s ]
INFO: [ app_begin ] --END-- [ RunTime:0.001048s ]
SQL: SHOW COLUMNS FROM `acc_classify` [ RunTime:0.0056s ]
SQL: SELECT COUNT(*) AS tp_count FROM `acc_classify` LIMIT 1   [ RunTime:0.0003s ]
SQL: SELECT * FROM `acc_classify` LIMIT 0,10   [ RunTime:0.0002s ]

[ 2018-03-20T13:23:55+08:00 ] ::1 /accounting/Home-Index-jsonDataCol.html?page=1&limit=10
INFO: [ app_begin ] --START--
INFO: Run Behavior\ReadHtmlCacheBehavior [ RunTime:0.000554s ]
INFO: [ app_begin ] --END-- [ RunTime:0.000963s ]
SQL: SHOW COLUMNS FROM `acc_classify` [ RunTime:0.0050s ]
SQL: SELECT COUNT(*) AS tp_count FROM `acc_classify` LIMIT 1   [ RunTime:0.0003s ]
SQL: SELECT * FROM `acc_classify` LIMIT 0,10   [ RunTime:0.0002s ]

[ 2018-03-20T13:27:25+08:00 ] ::1 /accounting/Home-Index-jsonDataCol.html?page=1&limit=10
INFO: [ app_begin ] --START--
INFO: Run Behavior\ReadHtmlCacheBehavior [ RunTime:0.000569s ]
INFO: [ app_begin ] --END-- [ RunTime:0.000933s ]
SQL: SHOW COLUMNS FROM `acc_classify` [ RunTime:0.0049s ]
SQL: SELECT COUNT(*) AS tp_count FROM `acc_classify` LIMIT 1   [ RunTime:0.0003s ]
SQL: SELECT * FROM `acc_classify` LIMIT 0,10   [ RunTime:0.0003s ]

[ 2018-03-20T13:27:30+08:00 ] ::1 /accounting/Home-Index-jsonDataCol.html?page=1&limit=10
INFO: [ app_begin ] --START--
INFO: Run Behavior\ReadHtmlCacheBehavior [ RunTime:0.000509s ]
INFO: [ app_begin ] --END-- [ RunTime:0.000878s ]
SQL: SHOW COLUMNS FROM `acc_classify` [ RunTime:0.0056s ]
SQL: SELECT COUNT(*) AS tp_count FROM `acc_classify` LIMIT 1   [ RunTime:0.0003s ]
SQL: SELECT * FROM `acc_classify` LIMIT 0,10   [ RunTime:0.0002s ]

[ 2018-03-20T13:31:00+08:00 ] ::1 /accounting/Home-Index-jsonDataCol.html?page=1&limit=10
INFO: [ app_begin ] --START--
INFO: Run Behavior\ReadHtmlCacheBehavior [ RunTime:0.000450s ]
INFO: [ app_begin ] --END-- [ RunTime:0.000859s ]
SQL: SHOW COLUMNS FROM `acc_classify` [ RunTime:0.0040s ]
SQL: SELECT COUNT(*) AS tp_count FROM `acc_classify` LIMIT 1   [ RunTime:0.0002s ]
NOTIC: [8] Undefined variable: first D:\phpStudy\WWW\accounting\Application\Home\Controller\IndexController.class.php 第 117 行.
SQL: SELECT * FROM `acc_classify`  [ RunTime:0.0005s ]

[ 2018-03-20T13:31:24+08:00 ] ::1 /accounting/Home-Index-jsonDataCol.html?page=1&limit=10
INFO: [ app_begin ] --START--
INFO: Run Behavior\ReadHtmlCacheBehavior [ RunTime:0.000492s ]
INFO: [ app_begin ] --END-- [ RunTime:0.000843s ]
SQL: SHOW COLUMNS FROM `acc_classify` [ RunTime:0.0050s ]
SQL: SELECT COUNT(*) AS tp_count FROM `acc_classify` LIMIT 1   [ RunTime:0.0002s ]
NOTIC: [8] Undefined variable: first D:\phpStudy\WWW\accounting\Application\Home\Controller\IndexController.class.php 第 117 行.
SQL: SELECT * FROM `acc_classify`  [ RunTime:0.0002s ]

[ 2018-03-20T13:31:36+08:00 ] ::1 /accounting/Home-Index-jsonDataCol.html?page=1&limit=10
INFO: [ app_begin ] --START--
INFO: Run Behavior\ReadHtmlCacheBehavior [ RunTime:0.000442s ]
INFO: [ app_begin ] --END-- [ RunTime:0.000779s ]
SQL: SHOW COLUMNS FROM `acc_classify` [ RunTime:0.0663s ]
SQL: SELECT COUNT(*) AS tp_count FROM `acc_classify` LIMIT 1   [ RunTime:0.0002s ]
NOTIC: [8] Undefined variable: first D:\phpStudy\WWW\accounting\Application\Home\Controller\IndexController.class.php 第 117 行.
SQL: SELECT * FROM `acc_classify`  [ RunTime:0.0002s ]

[ 2018-03-20T13:32:47+08:00 ] ::1 /accounting/Home-Index-jsonDataCol.html?page=1&limit=1
INFO: [ app_begin ] --START--
INFO: Run Behavior\ReadHtmlCacheBehavior [ RunTime:0.000521s ]
INFO: [ app_begin ] --END-- [ RunTime:0.000864s ]
SQL: SHOW COLUMNS FROM `acc_classify` [ RunTime:0.0075s ]
SQL: SELECT COUNT(*) AS tp_count FROM `acc_classify` LIMIT 1   [ RunTime:0.0002s ]
NOTIC: [8] Undefined variable: first D:\phpStudy\WWW\accounting\Application\Home\Controller\IndexController.class.php 第 117 行.
SQL: SELECT * FROM `acc_classify`  [ RunTime:0.0002s ]

[ 2018-03-20T13:33:07+08:00 ] ::1 /accounting/Home-Index-jsonDataCol.html?page=1&limit=1
INFO: [ app_begin ] --START--
INFO: Run Behavior\ReadHtmlCacheBehavior [ RunTime:0.000723s ]
INFO: [ app_begin ] --END-- [ RunTime:0.001139s ]
SQL: SHOW COLUMNS FROM `acc_classify` [ RunTime:0.0064s ]
SQL: SELECT COUNT(*) AS tp_count FROM `acc_classify` LIMIT 1   [ RunTime:0.0003s ]
SQL: SELECT * FROM `acc_classify` LIMIT 0,1   [ RunTime:0.0002s ]

[ 2018-03-20T13:33:26+08:00 ] ::1 /accounting/Home-Index-jsonDataCol.html?page=1&limit=1
INFO: [ app_begin ] --START--
INFO: Run Behavior\ReadHtmlCacheBehavior [ RunTime:0.000794s ]
INFO: [ app_begin ] --END-- [ RunTime:0.001326s ]
SQL: SHOW COLUMNS FROM `acc_classify` [ RunTime:0.0065s ]
SQL: SELECT COUNT(*) AS tp_count FROM `acc_classify` LIMIT 1   [ RunTime:0.0002s ]
NOTIC: [8] Undefined variable: first D:\phpStudy\WWW\accounting\Application\Home\Controller\IndexController.class.php 第 118 行.
SQL: SELECT * FROM `acc_classify`  [ RunTime:0.0002s ]

[ 2018-03-20T13:34:36+08:00 ] ::1 /accounting/Home-Index-jsonDataCol.html?page=1&limit=1
INFO: [ app_begin ] --START--
INFO: Run Behavior\ReadHtmlCacheBehavior [ RunTime:0.000621s ]
INFO: [ app_begin ] --END-- [ RunTime:0.001122s ]
SQL: SHOW COLUMNS FROM `acc_classify` [ RunTime:0.0894s ]
SQL: SELECT COUNT(*) AS tp_count FROM `acc_classify` LIMIT 1   [ RunTime:0.0002s ]
SQL: SELECT * FROM `acc_classify` LIMIT 0,1   [ RunTime:0.0002s ]

[ 2018-03-20T13:34:50+08:00 ] ::1 /accounting/Home-Index-jsonDataCol.html?page=1&limit=10
INFO: [ app_begin ] --START--
INFO: Run Behavior\ReadHtmlCacheBehavior [ RunTime:0.000568s ]
INFO: [ app_begin ] --END-- [ RunTime:0.000955s ]
SQL: SHOW COLUMNS FROM `acc_classify` [ RunTime:0.0040s ]
SQL: SELECT COUNT(*) AS tp_count FROM `acc_classify` LIMIT 1   [ RunTime:0.0002s ]
SQL: SELECT * FROM `acc_classify` LIMIT 0,10   [ RunTime:0.0002s ]

[ 2018-03-20T13:34:55+08:00 ] ::1 /accounting/Home-Index-jsonDataCol.html?page=1&limit=10
INFO: [ app_begin ] --START--
INFO: Run Behavior\ReadHtmlCacheBehavior [ RunTime:0.000652s ]
INFO: [ app_begin ] --END-- [ RunTime:0.000988s ]
SQL: SHOW COLUMNS FROM `acc_classify` [ RunTime:0.0060s ]
SQL: SELECT COUNT(*) AS tp_count FROM `acc_classify` LIMIT 1   [ RunTime:0.0002s ]
SQL: SELECT * FROM `acc_classify` LIMIT 0,10   [ RunTime:0.0002s ]

[ 2018-03-20T13:35:00+08:00 ] ::1 /accounting/Home-Index-jsonDataCol.html?page=1&limit=10
INFO: [ app_begin ] --START--
INFO: Run Behavior\ReadHtmlCacheBehavior [ RunTime:0.000490s ]
INFO: [ app_begin ] --END-- [ RunTime:0.000778s ]
SQL: SHOW COLUMNS FROM `acc_classify` [ RunTime:0.0124s ]
SQL: SELECT COUNT(*) AS tp_count FROM `acc_classify` LIMIT 1   [ RunTime:0.0002s ]
SQL: SELECT * FROM `acc_classify` LIMIT 0,10   [ RunTime:0.0002s ]

[ 2018-03-20T13:35:07+08:00 ] ::1 /accounting/Home-Index-jsonDataCol.html?page=1&limit=10
INFO: [ app_begin ] --START--
INFO: Run Behavior\ReadHtmlCacheBehavior [ RunTime:0.001128s ]
INFO: [ app_begin ] --END-- [ RunTime:0.001765s ]
SQL: SHOW COLUMNS FROM `acc_classify` [ RunTime:0.0049s ]
SQL: SELECT COUNT(*) AS tp_count FROM `acc_classify` LIMIT 1   [ RunTime:0.0003s ]
SQL: SELECT * FROM `acc_classify` LIMIT 0,10   [ RunTime:0.0002s ]

[ 2018-03-20T13:36:28+08:00 ] ::1 /accounting/Home-Index-jsonDataCol.html?page=1&limit=10
INFO: [ app_begin ] --START--
INFO: Run Behavior\ReadHtmlCacheBehavior [ RunTime:0.000473s ]
INFO: [ app_begin ] --END-- [ RunTime:0.000775s ]
SQL: SHOW COLUMNS FROM `acc_classify` [ RunTime:0.0056s ]
SQL: SELECT COUNT(*) AS tp_count FROM `acc_classify` LIMIT 1   [ RunTime:0.0002s ]
SQL: SELECT * FROM `acc_classify` LIMIT 0,10   [ RunTime:0.0002s ]

[ 2018-03-20T13:39:43+08:00 ] ::1 /accounting/Home-Index-jsonDataBill.html?page=1&limit=10
INFO: [ app_begin ] --START--
INFO: Run Behavior\ReadHtmlCacheBehavior [ RunTime:0.000657s ]
INFO: [ app_begin ] --END-- [ RunTime:0.001036s ]
SQL: SHOW COLUMNS FROM `acc_account` [ RunTime:0.0491s ]
SQL: SELECT COUNT(*) AS tp_count FROM `acc_account` LIMIT 1   [ RunTime:0.0005s ]
SQL: SELECT * FROM `acc_account` LIMIT 0,10   [ RunTime:0.0002s ]

[ 2018-03-20T13:40:22+08:00 ] ::1 /accounting/Home-Index-jsonDataBill.html?page=1&limit=10
INFO: [ app_begin ] --START--
INFO: Run Behavior\ReadHtmlCacheBehavior [ RunTime:0.000656s ]
INFO: [ app_begin ] --END-- [ RunTime:0.001228s ]
SQL: SHOW COLUMNS FROM `acc_account` [ RunTime:0.0050s ]
SQL: SELECT COUNT(*) AS tp_count FROM `acc_account` LIMIT 1   [ RunTime:0.0002s ]
SQL: SELECT * FROM `acc_account` LIMIT 0,10   [ RunTime:0.0002s ]

[ 2018-03-20T13:44:41+08:00 ] ::1 /accounting/Home-Index-jsonDataBill.html?page=1&limit=10
INFO: [ app_begin ] --START--
INFO: Run Behavior\ReadHtmlCacheBehavior [ RunTime:0.000619s ]
INFO: [ app_begin ] --END-- [ RunTime:0.000960s ]

[ 2018-03-20T13:44:41+08:00 ] ::1 /accounting/Home-Index-jsonDataCol.html?page=1&limit=10
INFO: [ app_begin ] --START--
INFO: Run Behavior\ReadHtmlCacheBehavior [ RunTime:0.001393s ]
INFO: [ app_begin ] --END-- [ RunTime:0.002076s ]

[ 2018-03-20T13:45:02+08:00 ] ::1 /accounting/Home-Index-jsonDataBill.html?page=1&limit=10
INFO: [ app_begin ] --START--
INFO: Run Behavior\ReadHtmlCacheBehavior [ RunTime:0.000542s ]
INFO: [ app_begin ] --END-- [ RunTime:0.000910s ]
SQL: SHOW COLUMNS FROM `acc_account` [ RunTime:0.0049s ]
SQL: SELECT COUNT(*) AS tp_count FROM `acc_account` LIMIT 1   [ RunTime:0.0003s ]
SQL: SELECT * FROM `acc_account` LIMIT 0,10   [ RunTime:0.0002s ]

[ 2018-03-20T13:45:03+08:00 ] ::1 /accounting/Home-Index-jsonDataCol.html?page=1&limit=10
INFO: [ app_begin ] --START--
INFO: Run Behavior\ReadHtmlCacheBehavior [ RunTime:0.000463s ]
INFO: [ app_begin ] --END-- [ RunTime:0.000820s ]
SQL: SHOW COLUMNS FROM `acc_classify` [ RunTime:0.0051s ]
SQL: SELECT COUNT(*) AS tp_count FROM `acc_classify` LIMIT 1   [ RunTime:0.0003s ]
SQL: SELECT * FROM `acc_classify` LIMIT 0,10   [ RunTime:0.0003s ]

[ 2018-03-20T13:45:08+08:00 ] ::1 /accounting/Home-Index-jsonDataCol.html?page=1&limit=10
INFO: [ app_begin ] --START--
INFO: Run Behavior\ReadHtmlCacheBehavior [ RunTime:0.000744s ]
INFO: [ app_begin ] --END-- [ RunTime:0.001208s ]
SQL: SHOW COLUMNS FROM `acc_classify` [ RunTime:0.0087s ]
SQL: SELECT COUNT(*) AS tp_count FROM `acc_classify` LIMIT 1   [ RunTime:0.0003s ]
SQL: SELECT * FROM `acc_classify` LIMIT 0,10   [ RunTime:0.0002s ]

[ 2018-03-20T13:45:09+08:00 ] ::1 /accounting/Home-Index-jsonDataBill.html?page=1&limit=10
INFO: [ app_begin ] --START--
INFO: Run Behavior\ReadHtmlCacheBehavior [ RunTime:0.000472s ]
INFO: [ app_begin ] --END-- [ RunTime:0.000847s ]
SQL: SHOW COLUMNS FROM `acc_account` [ RunTime:0.0107s ]
SQL: SELECT COUNT(*) AS tp_count FROM `acc_account` LIMIT 1   [ RunTime:0.0002s ]
SQL: SELECT * FROM `acc_account` LIMIT 0,10   [ RunTime:0.0002s ]

[ 2018-03-20T13:45:29+08:00 ] ::1 /accounting/Home-Index-jsonDataBill.html?page=1&limit=10
INFO: [ app_begin ] --START--
INFO: Run Behavior\ReadHtmlCacheBehavior [ RunTime:0.000440s ]
INFO: [ app_begin ] --END-- [ RunTime:0.000783s ]
SQL: SHOW COLUMNS FROM `acc_account` [ RunTime:0.0053s ]
SQL: SELECT COUNT(*) AS tp_count FROM `acc_account` LIMIT 1   [ RunTime:0.0002s ]
SQL: SELECT * FROM `acc_account` LIMIT 0,10   [ RunTime:0.0002s ]

[ 2018-03-20T13:45:30+08:00 ] ::1 /accounting/Home-Index-jsonDataCol.html?page=1&limit=10
INFO: [ app_begin ] --START--
INFO: Run Behavior\ReadHtmlCacheBehavior [ RunTime:0.000555s ]
INFO: [ app_begin ] --END-- [ RunTime:0.001026s ]
SQL: SHOW COLUMNS FROM `acc_classify` [ RunTime:0.0050s ]
SQL: SELECT COUNT(*) AS tp_count FROM `acc_classify` LIMIT 1   [ RunTime:0.0002s ]
SQL: SELECT * FROM `acc_classify` LIMIT 0,10   [ RunTime:0.0002s ]

[ 2018-03-20T13:46:01+08:00 ] ::1 /accounting/Home-Index-jsonDataBill.html?page=1&limit=10
INFO: [ app_begin ] --START--
INFO: Run Behavior\ReadHtmlCacheBehavior [ RunTime:0.000533s ]
INFO: [ app_begin ] --END-- [ RunTime:0.000910s ]
SQL: SHOW COLUMNS FROM `acc_account` [ RunTime:0.0051s ]
SQL: SELECT COUNT(*) AS tp_count FROM `acc_account` LIMIT 1   [ RunTime:0.0002s ]
SQL: SELECT * FROM `acc_account` LIMIT 0,10   [ RunTime:0.0002s ]

[ 2018-03-20T13:46:02+08:00 ] ::1 /accounting/Home-Index-jsonDataCol.html?page=1&limit=10
INFO: [ app_begin ] --START--
INFO: Run Behavior\ReadHtmlCacheBehavior [ RunTime:0.000848s ]
INFO: [ app_begin ] --END-- [ RunTime:0.001654s ]
SQL: SHOW COLUMNS FROM `acc_classify` [ RunTime:0.0041s ]
SQL: SELECT COUNT(*) AS tp_count FROM `acc_classify` LIMIT 1   [ RunTime:0.0002s ]
SQL: SELECT * FROM `acc_classify` LIMIT 0,10   [ RunTime:0.0002s ]

[ 2018-03-20T13:46:11+08:00 ] ::1 /accounting/Home-Index-jsonDataBill.html?page=1&limit=10
INFO: [ app_begin ] --START--
INFO: Run Behavior\ReadHtmlCacheBehavior [ RunTime:0.000437s ]
INFO: [ app_begin ] --END-- [ RunTime:0.000728s ]
SQL: SHOW COLUMNS FROM `acc_account` [ RunTime:0.0041s ]
SQL: SELECT COUNT(*) AS tp_count FROM `acc_account` LIMIT 1   [ RunTime:0.0002s ]
SQL: SELECT * FROM `acc_account` LIMIT 0,10   [ RunTime:0.0002s ]

[ 2018-03-20T13:46:12+08:00 ] ::1 /accounting/Home-Index-jsonDataCol.html?page=1&limit=10
INFO: [ app_begin ] --START--
INFO: Run Behavior\ReadHtmlCacheBehavior [ RunTime:0.000443s ]
INFO: [ app_begin ] --END-- [ RunTime:0.000761s ]
SQL: SHOW COLUMNS FROM `acc_classify` [ RunTime:0.0043s ]
SQL: SELECT COUNT(*) AS tp_count FROM `acc_classify` LIMIT 1   [ RunTime:0.0002s ]
SQL: SELECT * FROM `acc_classify` LIMIT 0,10   [ RunTime:0.0002s ]

[ 2018-03-20T13:48:05+08:00 ] ::1 /accounting/Home-Index-jsonDataCol.html?page=1&limit=10
INFO: [ app_begin ] --START--
INFO: Run Behavior\ReadHtmlCacheBehavior [ RunTime:0.001298s ]
INFO: [ app_begin ] --END-- [ RunTime:0.001814s ]
SQL: SHOW COLUMNS FROM `acc_classify` [ RunTime:0.0041s ]
SQL: SELECT COUNT(*) AS tp_count FROM `acc_classify` LIMIT 1   [ RunTime:0.0002s ]
SQL: SELECT * FROM `acc_classify` LIMIT 0,10   [ RunTime:0.0002s ]

[ 2018-03-20T13:48:06+08:00 ] ::1 /accounting/Home-Index-jsonDataBill.html?page=1&limit=10
INFO: [ app_begin ] --START--
INFO: Run Behavior\ReadHtmlCacheBehavior [ RunTime:0.000736s ]
INFO: [ app_begin ] --END-- [ RunTime:0.001260s ]
SQL: SHOW COLUMNS FROM `acc_account` [ RunTime:0.1211s ]
SQL: SELECT COUNT(*) AS tp_count FROM `acc_account` LIMIT 1   [ RunTime:0.0002s ]
SQL: SELECT * FROM `acc_account` LIMIT 0,10   [ RunTime:0.0002s ]

[ 2018-03-20T13:48:14+08:00 ] ::1 /accounting/Home-Index-billDel.html?id=3
INFO: [ app_begin ] --START--
INFO: Run Behavior\ReadHtmlCacheBehavior [ RunTime:0.000439s ]
INFO: [ app_begin ] --END-- [ RunTime:0.000786s ]
SQL: SHOW COLUMNS FROM `acc_account` [ RunTime:0.0046s ]
SQL: DELETE FROM `acc_account` WHERE `Id` = 3 [ RunTime:0.2487s ]

[ 2018-03-20T13:48:17+08:00 ] ::1 /accounting/Home-Index-jsonDataBill.html?page=1&limit=10
INFO: [ app_begin ] --START--
INFO: Run Behavior\ReadHtmlCacheBehavior [ RunTime:0.000462s ]
INFO: [ app_begin ] --END-- [ RunTime:0.000770s ]
SQL: SHOW COLUMNS FROM `acc_account` [ RunTime:0.0046s ]
SQL: SELECT COUNT(*) AS tp_count FROM `acc_account` LIMIT 1   [ RunTime:0.0002s ]
SQL: SELECT * FROM `acc_account` LIMIT 0,10   [ RunTime:0.0003s ]

[ 2018-03-20T13:48:18+08:00 ] ::1 /accounting/Home-Index-jsonDataCol.html?page=1&limit=10
INFO: [ app_begin ] --START--
INFO: Run Behavior\ReadHtmlCacheBehavior [ RunTime:0.000802s ]
INFO: [ app_begin ] --END-- [ RunTime:0.001191s ]
SQL: SHOW COLUMNS FROM `acc_classify` [ RunTime:0.0049s ]
SQL: SELECT COUNT(*) AS tp_count FROM `acc_classify` LIMIT 1   [ RunTime:0.0002s ]
SQL: SELECT * FROM `acc_classify` LIMIT 0,10   [ RunTime:0.0002s ]

[ 2018-03-20T13:48:52+08:00 ] ::1 /accounting/Home-Index-jsonDataCol.html?page=1&limit=10
INFO: [ app_begin ] --START--
INFO: Run Behavior\ReadHtmlCacheBehavior [ RunTime:0.000561s ]
INFO: [ app_begin ] --END-- [ RunTime:0.001012s ]
SQL: SHOW COLUMNS FROM `acc_classify` [ RunTime:0.0071s ]
SQL: SELECT COUNT(*) AS tp_count FROM `acc_classify` LIMIT 1   [ RunTime:0.0010s ]
SQL: SELECT * FROM `acc_classify` LIMIT 0,10   [ RunTime:0.0009s ]

[ 2018-03-20T13:48:53+08:00 ] ::1 /accounting/Home-Index-jsonDataBill.html?page=1&limit=10
INFO: [ app_begin ] --START--
INFO: Run Behavior\ReadHtmlCacheBehavior [ RunTime:0.000437s ]
INFO: [ app_begin ] --END-- [ RunTime:0.000731s ]
SQL: SHOW COLUMNS FROM `acc_account` [ RunTime:0.0044s ]
SQL: SELECT COUNT(*) AS tp_count FROM `acc_account` LIMIT 1   [ RunTime:0.0002s ]
SQL: SELECT * FROM `acc_account` LIMIT 0,10   [ RunTime:0.0002s ]

[ 2018-03-20T13:49:58+08:00 ] ::1 /accounting/Home-Index-jsonDataBill.html?page=1&limit=10
INFO: [ app_begin ] --START--
INFO: Run Behavior\ReadHtmlCacheBehavior [ RunTime:0.000442s ]
INFO: [ app_begin ] --END-- [ RunTime:0.000741s ]
SQL: SHOW COLUMNS FROM `acc_account` [ RunTime:0.0541s ]
SQL: SELECT COUNT(*) AS tp_count FROM `acc_account` LIMIT 1   [ RunTime:0.0003s ]
SQL: SELECT * FROM `acc_account` LIMIT 0,10   [ RunTime:0.0002s ]

[ 2018-03-20T13:49:59+08:00 ] ::1 /accounting/Home-Index-jsonDataCol.html?page=1&limit=10
INFO: [ app_begin ] --START--
INFO: Run Behavior\ReadHtmlCacheBehavior [ RunTime:0.000434s ]
INFO: [ app_begin ] --END-- [ RunTime:0.000773s ]
SQL: SHOW COLUMNS FROM `acc_classify` [ RunTime:0.0054s ]
SQL: SELECT COUNT(*) AS tp_count FROM `acc_classify` LIMIT 1   [ RunTime:0.0002s ]
SQL: SELECT * FROM `acc_classify` LIMIT 0,10   [ RunTime:0.0002s ]

[ 2018-03-20T13:50:05+08:00 ] ::1 /accounting/Home-Index-jsonDataBill.html?page=1&limit=10
INFO: [ app_begin ] --START--
INFO: Run Behavior\ReadHtmlCacheBehavior [ RunTime:0.000447s ]
INFO: [ app_begin ] --END-- [ RunTime:0.000791s ]
SQL: SHOW COLUMNS FROM `acc_account` [ RunTime:0.0039s ]
SQL: SELECT COUNT(*) AS tp_count FROM `acc_account` LIMIT 1   [ RunTime:0.0002s ]
SQL: SELECT * FROM `acc_account` LIMIT 0,10   [ RunTime:0.0002s ]

[ 2018-03-20T13:50:14+08:00 ] ::1 /accounting/Home-Index-jsonDataBill.html?page=1&limit=10
INFO: [ app_begin ] --START--
INFO: Run Behavior\ReadHtmlCacheBehavior [ RunTime:0.000590s ]
INFO: [ app_begin ] --END-- [ RunTime:0.001105s ]
SQL: SHOW COLUMNS FROM `acc_account` [ RunTime:0.0060s ]
SQL: SELECT COUNT(*) AS tp_count FROM `acc_account` LIMIT 1   [ RunTime:0.0002s ]
SQL: SELECT * FROM `acc_account` LIMIT 0,10   [ RunTime:0.0002s ]

[ 2018-03-20T13:50:15+08:00 ] ::1 /accounting/Home-Index-jsonDataCol.html?page=1&limit=10
INFO: [ app_begin ] --START--
INFO: Run Behavior\ReadHtmlCacheBehavior [ RunTime:0.000446s ]
INFO: [ app_begin ] --END-- [ RunTime:0.000739s ]
SQL: SHOW COLUMNS FROM `acc_classify` [ RunTime:0.0047s ]
SQL: SELECT COUNT(*) AS tp_count FROM `acc_classify` LIMIT 1   [ RunTime:0.0002s ]
SQL: SELECT * FROM `acc_classify` LIMIT 0,10   [ RunTime:0.0002s ]

[ 2018-03-20T13:51:04+08:00 ] ::1 /accounting/Home-Index-jsonDataBill.html?page=1&limit=10
INFO: [ app_begin ] --START--
INFO: Run Behavior\ReadHtmlCacheBehavior [ RunTime:0.000440s ]
INFO: [ app_begin ] --END-- [ RunTime:0.000791s ]
SQL: SHOW COLUMNS FROM `acc_account` [ RunTime:0.0045s ]
SQL: SELECT COUNT(*) AS tp_count FROM `acc_account` LIMIT 1   [ RunTime:0.0002s ]
SQL: SELECT * FROM `acc_account` LIMIT 0,10   [ RunTime:0.0002s ]

[ 2018-03-20T13:51:43+08:00 ] ::1 /accounting/Home-Index-jsonDataBill.html?page=1&limit=10
INFO: [ app_begin ] --START--
INFO: Run Behavior\ReadHtmlCacheBehavior [ RunTime:0.000822s ]
INFO: [ app_begin ] --END-- [ RunTime:0.001305s ]
SQL: SHOW COLUMNS FROM `acc_account` [ RunTime:0.0049s ]
SQL: SELECT COUNT(*) AS tp_count FROM `acc_account` LIMIT 1   [ RunTime:0.0002s ]
SQL: SELECT * FROM `acc_account` LIMIT 0,10   [ RunTime:0.0002s ]

[ 2018-03-20T13:52:39+08:00 ] ::1 /accounting/Home-Index-jsonDataCol.html?page=1&limit=10
INFO: [ app_begin ] --START--
INFO: Run Behavior\ReadHtmlCacheBehavior [ RunTime:0.000547s ]
INFO: [ app_begin ] --END-- [ RunTime:0.001039s ]
SQL: SHOW COLUMNS FROM `acc_classify` [ RunTime:0.0051s ]
SQL: SELECT COUNT(*) AS tp_count FROM `acc_classify` LIMIT 1   [ RunTime:0.0003s ]
SQL: SELECT * FROM `acc_classify` LIMIT 0,10   [ RunTime:0.0003s ]

[ 2018-03-20T13:52:40+08:00 ] ::1 /accounting/Home-Index-jsonDataBill.html?page=1&limit=10
INFO: [ app_begin ] --START--
INFO: Run Behavior\ReadHtmlCacheBehavior [ RunTime:0.000434s ]
INFO: [ app_begin ] --END-- [ RunTime:0.000772s ]
SQL: SHOW COLUMNS FROM `acc_account` [ RunTime:0.0059s ]
SQL: SELECT COUNT(*) AS tp_count FROM `acc_account` LIMIT 1   [ RunTime:0.0002s ]
SQL: SELECT * FROM `acc_account` LIMIT 0,10   [ RunTime:0.0002s ]

[ 2018-03-20T13:52:45+08:00 ] ::1 /accounting/Home-Index-jsonDataBill.html?page=1&limit=10
INFO: [ app_begin ] --START--
INFO: Run Behavior\ReadHtmlCacheBehavior [ RunTime:0.000642s ]
INFO: [ app_begin ] --END-- [ RunTime:0.001213s ]
SQL: SHOW COLUMNS FROM `acc_account` [ RunTime:0.0198s ]
SQL: SELECT COUNT(*) AS tp_count FROM `acc_account` LIMIT 1   [ RunTime:0.0002s ]
SQL: SELECT * FROM `acc_account` LIMIT 0,10   [ RunTime:0.0002s ]

[ 2018-03-20T13:52:46+08:00 ] ::1 /accounting/Home-Index-jsonDataCol.html?page=1&limit=10
INFO: [ app_begin ] --START--
INFO: Run Behavior\ReadHtmlCacheBehavior [ RunTime:0.000452s ]
INFO: [ app_begin ] --END-- [ RunTime:0.000776s ]
SQL: SHOW COLUMNS FROM `acc_classify` [ RunTime:0.0049s ]
SQL: SELECT COUNT(*) AS tp_count FROM `acc_classify` LIMIT 1   [ RunTime:0.0002s ]
SQL: SELECT * FROM `acc_classify` LIMIT 0,10   [ RunTime:0.0002s ]

[ 2018-03-20T13:53:00+08:00 ] ::1 /accounting/Home-Index-jsonDataBill.html?page=1&limit=10
INFO: [ app_begin ] --START--
INFO: Run Behavior\ReadHtmlCacheBehavior [ RunTime:0.000441s ]
INFO: [ app_begin ] --END-- [ RunTime:0.000781s ]
SQL: SHOW COLUMNS FROM `acc_account` [ RunTime:0.0049s ]
SQL: SELECT COUNT(*) AS tp_count FROM `acc_account` LIMIT 1   [ RunTime:0.0003s ]
SQL: SELECT * FROM `acc_account` LIMIT 0,10   [ RunTime:0.0002s ]

[ 2018-03-20T13:53:01+08:00 ] ::1 /accounting/Home-Index-jsonDataCol.html?page=1&limit=10
INFO: [ app_begin ] --START--
INFO: Run Behavior\ReadHtmlCacheBehavior [ RunTime:0.000626s ]
INFO: [ app_begin ] --END-- [ RunTime:0.000973s ]
SQL: SHOW COLUMNS FROM `acc_classify` [ RunTime:0.0048s ]
SQL: SELECT COUNT(*) AS tp_count FROM `acc_classify` LIMIT 1   [ RunTime:0.0002s ]
SQL: SELECT * FROM `acc_classify` LIMIT 0,10   [ RunTime:0.0002s ]

[ 2018-03-20T13:53:57+08:00 ] ::1 /accounting/Home-Index-jsonDataBill.html?page=1&limit=10
INFO: [ app_begin ] --START--
INFO: Run Behavior\ReadHtmlCacheBehavior [ RunTime:0.000757s ]
INFO: [ app_begin ] --END-- [ RunTime:0.001351s ]
SQL: SHOW COLUMNS FROM `acc_account` [ RunTime:0.0070s ]
SQL: SELECT COUNT(*) AS tp_count FROM `acc_account` LIMIT 1   [ RunTime:0.0002s ]
SQL: SELECT * FROM `acc_account` LIMIT 0,10   [ RunTime:0.0002s ]

[ 2018-03-20T13:54:30+08:00 ] ::1 /accounting/Home-Index-jsonDataBill.html?page=1&limit=10
INFO: [ app_begin ] --START--
INFO: Run Behavior\ReadHtmlCacheBehavior [ RunTime:0.000714s ]
INFO: [ app_begin ] --END-- [ RunTime:0.001272s ]
SQL: SHOW COLUMNS FROM `acc_account` [ RunTime:0.0056s ]
SQL: SELECT COUNT(*) AS tp_count FROM `acc_account` LIMIT 1   [ RunTime:0.0002s ]
SQL: SELECT * FROM `acc_account` LIMIT 0,10   [ RunTime:0.0002s ]

[ 2018-03-20T13:54:31+08:00 ] ::1 /accounting/Home-Index-jsonDataCol.html?page=1&limit=10
INFO: [ app_begin ] --START--
INFO: Run Behavior\ReadHtmlCacheBehavior [ RunTime:0.000836s ]
INFO: [ app_begin ] --END-- [ RunTime:0.001697s ]
SQL: SHOW COLUMNS FROM `acc_classify` [ RunTime:0.0810s ]
SQL: SELECT COUNT(*) AS tp_count FROM `acc_classify` LIMIT 1   [ RunTime:0.0002s ]
SQL: SELECT * FROM `acc_classify` LIMIT 0,10   [ RunTime:0.0002s ]

[ 2018-03-20T13:54:47+08:00 ] ::1 /accounting/Home-Index-jsonDataBill.html?page=1&limit=10
INFO: [ app_begin ] --START--
INFO: Run Behavior\ReadHtmlCacheBehavior [ RunTime:0.000749s ]
INFO: [ app_begin ] --END-- [ RunTime:0.001339s ]
SQL: SHOW COLUMNS FROM `acc_account` [ RunTime:0.0042s ]
SQL: SELECT COUNT(*) AS tp_count FROM `acc_account` LIMIT 1   [ RunTime:0.0002s ]
SQL: SELECT * FROM `acc_account` LIMIT 0,10   [ RunTime:0.0002s ]

[ 2018-03-20T13:54:48+08:00 ] ::1 /accounting/Home-Index-jsonDataCol.html?page=1&limit=10
INFO: [ app_begin ] --START--
INFO: Run Behavior\ReadHtmlCacheBehavior [ RunTime:0.000523s ]
INFO: [ app_begin ] --END-- [ RunTime:0.000880s ]
SQL: SHOW COLUMNS FROM `acc_classify` [ RunTime:0.0039s ]
SQL: SELECT COUNT(*) AS tp_count FROM `acc_classify` LIMIT 1   [ RunTime:0.0002s ]
SQL: SELECT * FROM `acc_classify` LIMIT 0,10   [ RunTime:0.0002s ]

[ 2018-03-20T13:55:09+08:00 ] ::1 /accounting/Home-Index-jsonDataBill.html?page=1&limit=10
INFO: [ app_begin ] --START--
INFO: Run Behavior\ReadHtmlCacheBehavior [ RunTime:0.000927s ]
INFO: [ app_begin ] --END-- [ RunTime:0.002339s ]
SQL: SHOW COLUMNS FROM `acc_account` [ RunTime:0.0049s ]
SQL: SELECT COUNT(*) AS tp_count FROM `acc_account` LIMIT 1   [ RunTime:0.0002s ]
SQL: SELECT * FROM `acc_account` LIMIT 0,10   [ RunTime:0.0002s ]

[ 2018-03-20T13:55:10+08:00 ] ::1 /accounting/Home-Index-jsonDataCol.html?page=1&limit=10
INFO: [ app_begin ] --START--
INFO: Run Behavior\ReadHtmlCacheBehavior [ RunTime:0.000613s ]
INFO: [ app_begin ] --END-- [ RunTime:0.001090s ]
SQL: SHOW COLUMNS FROM `acc_classify` [ RunTime:0.0048s ]
SQL: SELECT COUNT(*) AS tp_count FROM `acc_classify` LIMIT 1   [ RunTime:0.0002s ]
SQL: SELECT * FROM `acc_classify` LIMIT 0,10   [ RunTime:0.0002s ]

[ 2018-03-20T13:55:16+08:00 ] ::1 /accounting/Home-Index-jsonDataBill.html?page=1&limit=10
INFO: [ app_begin ] --START--
INFO: Run Behavior\ReadHtmlCacheBehavior [ RunTime:0.000444s ]
INFO: [ app_begin ] --END-- [ RunTime:0.000779s ]
SQL: SHOW COLUMNS FROM `acc_account` [ RunTime:0.0041s ]
SQL: SELECT COUNT(*) AS tp_count FROM `acc_account` LIMIT 1   [ RunTime:0.0002s ]
SQL: SELECT * FROM `acc_account` LIMIT 0,10   [ RunTime:0.0002s ]

[ 2018-03-20T13:55:17+08:00 ] ::1 /accounting/Home-Index-jsonDataCol.html?page=1&limit=10
INFO: [ app_begin ] --START--
INFO: Run Behavior\ReadHtmlCacheBehavior [ RunTime:0.000711s ]
INFO: [ app_begin ] --END-- [ RunTime:0.001339s ]
SQL: SHOW COLUMNS FROM `acc_classify` [ RunTime:0.0046s ]
SQL: SELECT COUNT(*) AS tp_count FROM `acc_classify` LIMIT 1   [ RunTime:0.0002s ]
SQL: SELECT * FROM `acc_classify` LIMIT 0,10   [ RunTime:0.0002s ]

[ 2018-03-20T13:55:47+08:00 ] ::1 /accounting/Home-Index-jsonDataBill.html?page=1&limit=10
INFO: [ app_begin ] --START--
INFO: Run Behavior\ReadHtmlCacheBehavior [ RunTime:0.000442s ]
INFO: [ app_begin ] --END-- [ RunTime:0.000774s ]
SQL: SHOW COLUMNS FROM `acc_account` [ RunTime:0.0618s ]
SQL: SELECT COUNT(*) AS tp_count FROM `acc_account` LIMIT 1   [ RunTime:0.0002s ]
SQL: SELECT * FROM `acc_account` LIMIT 0,10   [ RunTime:0.0002s ]

[ 2018-03-20T13:55:48+08:00 ] ::1 /accounting/Home-Index-jsonDataCol.html?page=1&limit=10
INFO: [ app_begin ] --START--
INFO: Run Behavior\ReadHtmlCacheBehavior [ RunTime:0.000459s ]
INFO: [ app_begin ] --END-- [ RunTime:0.000852s ]
SQL: SHOW COLUMNS FROM `acc_classify` [ RunTime:0.0048s ]
SQL: SELECT COUNT(*) AS tp_count FROM `acc_classify` LIMIT 1   [ RunTime:0.0003s ]
SQL: SELECT * FROM `acc_classify` LIMIT 0,10   [ RunTime:0.0002s ]

[ 2018-03-20T13:55:53+08:00 ] ::1 /accounting/Home-Index-jsonDataBill.html?page=1&limit=10
INFO: [ app_begin ] --START--
INFO: Run Behavior\ReadHtmlCacheBehavior [ RunTime:0.000474s ]
INFO: [ app_begin ] --END-- [ RunTime:0.000780s ]
SQL: SHOW COLUMNS FROM `acc_account` [ RunTime:0.0056s ]
SQL: SELECT COUNT(*) AS tp_count FROM `acc_account` LIMIT 1   [ RunTime:0.0003s ]
SQL: SELECT * FROM `acc_account` LIMIT 0,10   [ RunTime:0.0003s ]

[ 2018-03-20T13:55:54+08:00 ] ::1 /accounting/Home-Index-jsonDataCol.html?page=1&limit=10
INFO: [ app_begin ] --START--
INFO: Run Behavior\ReadHtmlCacheBehavior [ RunTime:0.000440s ]
INFO: [ app_begin ] --END-- [ RunTime:0.000790s ]
SQL: SHOW COLUMNS FROM `acc_classify` [ RunTime:0.1021s ]
SQL: SELECT COUNT(*) AS tp_count FROM `acc_classify` LIMIT 1   [ RunTime:0.0003s ]
SQL: SELECT * FROM `acc_classify` LIMIT 0,10   [ RunTime:0.0002s ]

[ 2018-03-20T13:56:01+08:00 ] ::1 /accounting/Home-Index-jsonDataBill.html?page=1&limit=10
INFO: [ app_begin ] --START--
INFO: Run Behavior\ReadHtmlCacheBehavior [ RunTime:0.000458s ]
INFO: [ app_begin ] --END-- [ RunTime:0.000804s ]
SQL: SHOW COLUMNS FROM `acc_account` [ RunTime:0.0040s ]
SQL: SELECT COUNT(*) AS tp_count FROM `acc_account` LIMIT 1   [ RunTime:0.0002s ]
SQL: SELECT * FROM `acc_account` LIMIT 0,10   [ RunTime:0.0002s ]

[ 2018-03-20T13:59:31+08:00 ] ::1 /accounting/Home-Index-jsonDataBill.html?page=1&limit=10
INFO: [ app_begin ] --START--
INFO: Run Behavior\ReadHtmlCacheBehavior [ RunTime:0.000716s ]
INFO: [ app_begin ] --END-- [ RunTime:0.001311s ]
SQL: SHOW COLUMNS FROM `acc_account` [ RunTime:0.0039s ]
SQL: SELECT COUNT(*) AS tp_count FROM `acc_account` LIMIT 1   [ RunTime:0.0002s ]
SQL: SELECT * FROM `acc_account` LIMIT 0,10   [ RunTime:0.0002s ]

[ 2018-03-20T13:59:32+08:00 ] ::1 /accounting/Home-Index-jsonDataCol.html?page=1&limit=10
INFO: [ app_begin ] --START--
INFO: Run Behavior\ReadHtmlCacheBehavior [ RunTime:0.000593s ]
INFO: [ app_begin ] --END-- [ RunTime:0.000988s ]
SQL: SHOW COLUMNS FROM `acc_classify` [ RunTime:0.0049s ]
SQL: SELECT COUNT(*) AS tp_count FROM `acc_classify` LIMIT 1   [ RunTime:0.0002s ]
SQL: SELECT * FROM `acc_classify` LIMIT 0,10   [ RunTime:0.0002s ]

[ 2018-03-20T13:59:50+08:00 ] ::1 /accounting/Home-Index-jsonDataBill.html?page=1&limit=10
INFO: [ app_begin ] --START--
INFO: Run Behavior\ReadHtmlCacheBehavior [ RunTime:0.000439s ]
INFO: [ app_begin ] --END-- [ RunTime:0.000784s ]
SQL: SHOW COLUMNS FROM `acc_account` [ RunTime:0.0048s ]
SQL: SELECT COUNT(*) AS tp_count FROM `acc_account` LIMIT 1   [ RunTime:0.0002s ]
SQL: SELECT * FROM `acc_account` LIMIT 0,10   [ RunTime:0.0002s ]

[ 2018-03-20T14:01:56+08:00 ] ::1 /accounting/Home-Index-jsonDataCol.html?page=1&limit=10
INFO: [ app_begin ] --START--
INFO: Run Behavior\ReadHtmlCacheBehavior [ RunTime:0.001136s ]
INFO: [ app_begin ] --END-- [ RunTime:0.002322s ]
SQL: SHOW COLUMNS FROM `acc_classify` [ RunTime:0.0068s ]
SQL: SELECT COUNT(*) AS tp_count FROM `acc_classify` LIMIT 1   [ RunTime:0.0003s ]
SQL: SELECT * FROM `acc_classify` LIMIT 0,10   [ RunTime:0.0002s ]

[ 2018-03-20T14:01:57+08:00 ] ::1 /accounting/Home-Index-jsonDataBill.html?page=1&limit=10
INFO: [ app_begin ] --START--
INFO: Run Behavior\ReadHtmlCacheBehavior [ RunTime:0.000626s ]
INFO: [ app_begin ] --END-- [ RunTime:0.001099s ]
SQL: SHOW COLUMNS FROM `acc_account` [ RunTime:0.0069s ]
SQL: SELECT COUNT(*) AS tp_count FROM `acc_account` LIMIT 1   [ RunTime:0.0003s ]
SQL: SELECT * FROM `acc_account` LIMIT 0,10   [ RunTime:0.0002s ]

[ 2018-03-20T14:02:02+08:00 ] ::1 /accounting/Home-Index-jsonDataBill.html?page=1&limit=10
INFO: [ app_begin ] --START--
INFO: Run Behavior\ReadHtmlCacheBehavior [ RunTime:0.000732s ]
INFO: [ app_begin ] --END-- [ RunTime:0.001412s ]
SQL: SHOW COLUMNS FROM `acc_account` [ RunTime:0.0053s ]
SQL: SELECT COUNT(*) AS tp_count FROM `acc_account` LIMIT 1   [ RunTime:0.0002s ]
SQL: SELECT * FROM `acc_account` LIMIT 0,10   [ RunTime:0.0002s ]

[ 2018-03-20T14:02:04+08:00 ] ::1 /accounting/Home-Index-jsonDataCol.html?page=1&limit=10
INFO: [ app_begin ] --START--
INFO: Run Behavior\ReadHtmlCacheBehavior [ RunTime:0.000711s ]
INFO: [ app_begin ] --END-- [ RunTime:0.001281s ]
SQL: SHOW COLUMNS FROM `acc_classify` [ RunTime:0.0053s ]
SQL: SELECT COUNT(*) AS tp_count FROM `acc_classify` LIMIT 1   [ RunTime:0.0003s ]
SQL: SELECT * FROM `acc_classify` LIMIT 0,10   [ RunTime:0.0002s ]

[ 2018-03-20T14:02:44+08:00 ] ::1 /accounting/Home-Index-jsonDataCol.html?page=1&limit=10
INFO: [ app_begin ] --START--
INFO: Run Behavior\ReadHtmlCacheBehavior [ RunTime:0.000515s ]
INFO: [ app_begin ] --END-- [ RunTime:0.000881s ]
SQL: SHOW COLUMNS FROM `acc_classify` [ RunTime:0.0050s ]
SQL: SELECT COUNT(*) AS tp_count FROM `acc_classify` LIMIT 1   [ RunTime:0.0002s ]
SQL: SELECT * FROM `acc_classify` LIMIT 0,10   [ RunTime:0.0002s ]

[ 2018-03-20T14:02:45+08:00 ] ::1 /accounting/Home-Index-jsonDataBill.html?page=1&limit=10
INFO: [ app_begin ] --START--
INFO: Run Behavior\ReadHtmlCacheBehavior [ RunTime:0.000438s ]
INFO: [ app_begin ] --END-- [ RunTime:0.000772s ]
SQL: SHOW COLUMNS FROM `acc_account` [ RunTime:0.0051s ]
SQL: SELECT COUNT(*) AS tp_count FROM `acc_account` LIMIT 1   [ RunTime:0.0003s ]
SQL: SELECT * FROM `acc_account` LIMIT 0,10   [ RunTime:0.0002s ]

[ 2018-03-20T14:02:51+08:00 ] ::1 /accounting/Home-Index-jsonDataBill.html?page=1&limit=10
INFO: [ app_begin ] --START--
INFO: Run Behavior\ReadHtmlCacheBehavior [ RunTime:0.000508s ]
INFO: [ app_begin ] --END-- [ RunTime:0.000859s ]
SQL: SHOW COLUMNS FROM `acc_account` [ RunTime:0.0055s ]
SQL: SELECT COUNT(*) AS tp_count FROM `acc_account` LIMIT 1   [ RunTime:0.0002s ]
SQL: SELECT * FROM `acc_account` LIMIT 0,10   [ RunTime:0.0002s ]

[ 2018-03-20T14:02:52+08:00 ] ::1 /accounting/Home-Index-jsonDataCol.html?page=1&limit=10
INFO: [ app_begin ] --START--
INFO: Run Behavior\ReadHtmlCacheBehavior [ RunTime:0.000794s ]
INFO: [ app_begin ] --END-- [ RunTime:0.001477s ]
SQL: SHOW COLUMNS FROM `acc_classify` [ RunTime:0.0048s ]
SQL: SELECT COUNT(*) AS tp_count FROM `acc_classify` LIMIT 1   [ RunTime:0.0002s ]
SQL: SELECT * FROM `acc_classify` LIMIT 0,10   [ RunTime:0.0002s ]

[ 2018-03-20T14:02:56+08:00 ] ::1 /accounting/Home-Index-jsonDataBill.html?page=1&limit=10
INFO: [ app_begin ] --START--
INFO: Run Behavior\ReadHtmlCacheBehavior [ RunTime:0.000665s ]
INFO: [ app_begin ] --END-- [ RunTime:0.001314s ]
SQL: SHOW COLUMNS FROM `acc_account` [ RunTime:0.0058s ]
SQL: SELECT COUNT(*) AS tp_count FROM `acc_account` LIMIT 1   [ RunTime:0.0003s ]
SQL: SELECT * FROM `acc_account` LIMIT 0,10   [ RunTime:0.0002s ]

[ 2018-03-20T14:02:57+08:00 ] ::1 /accounting/Home-Index-jsonDataCol.html?page=1&limit=10
INFO: [ app_begin ] --START--
INFO: Run Behavior\ReadHtmlCacheBehavior [ RunTime:0.001258s ]
INFO: [ app_begin ] --END-- [ RunTime:0.001629s ]
SQL: SHOW COLUMNS FROM `acc_classify` [ RunTime:0.0670s ]
SQL: SELECT COUNT(*) AS tp_count FROM `acc_classify` LIMIT 1   [ RunTime:0.0003s ]
SQL: SELECT * FROM `acc_classify` LIMIT 0,10   [ RunTime:0.0002s ]

[ 2018-03-20T14:03:01+08:00 ] ::1 /accounting/Home-Index-jsonDataCol.html?page=1&limit=10
INFO: [ app_begin ] --START--
INFO: Run Behavior\ReadHtmlCacheBehavior [ RunTime:0.000468s ]
INFO: [ app_begin ] --END-- [ RunTime:0.001343s ]
SQL: SHOW COLUMNS FROM `acc_classify` [ RunTime:0.0040s ]
SQL: SELECT COUNT(*) AS tp_count FROM `acc_classify` LIMIT 1   [ RunTime:0.0002s ]
SQL: SELECT * FROM `acc_classify` LIMIT 0,10   [ RunTime:0.0002s ]

[ 2018-03-20T14:03:02+08:00 ] ::1 /accounting/Home-Index-jsonDataBill.html?page=1&limit=10
INFO: [ app_begin ] --START--
INFO: Run Behavior\ReadHtmlCacheBehavior [ RunTime:0.000474s ]
INFO: [ app_begin ] --END-- [ RunTime:0.000943s ]
SQL: SHOW COLUMNS FROM `acc_account` [ RunTime:0.0044s ]
SQL: SELECT COUNT(*) AS tp_count FROM `acc_account` LIMIT 1   [ RunTime:0.0002s ]
SQL: SELECT * FROM `acc_account` LIMIT 0,10   [ RunTime:0.0002s ]

[ 2018-03-20T14:18:58+08:00 ] ::1 /accounting/Home-Index-jsonDataBill.html?page=1&limit=10
INFO: [ app_begin ] --START--
INFO: Run Behavior\ReadHtmlCacheBehavior [ RunTime:0.000939s ]
INFO: [ app_begin ] --END-- [ RunTime:0.001394s ]
SQL: SHOW COLUMNS FROM `acc_account` [ RunTime:0.0404s ]
SQL: SELECT COUNT(*) AS tp_count FROM `acc_account` LIMIT 1   [ RunTime:0.0004s ]
SQL: SELECT * FROM `acc_account` LIMIT 0,10   [ RunTime:0.0002s ]

[ 2018-03-20T14:18:59+08:00 ] ::1 /accounting/Home-Index-jsonDataCol.html?page=1&limit=10
INFO: [ app_begin ] --START--
INFO: Run Behavior\ReadHtmlCacheBehavior [ RunTime:0.000566s ]
INFO: [ app_begin ] --END-- [ RunTime:0.000921s ]
SQL: SHOW COLUMNS FROM `acc_classify` [ RunTime:0.0040s ]
SQL: SELECT COUNT(*) AS tp_count FROM `acc_classify` LIMIT 1   [ RunTime:0.0002s ]
SQL: SELECT * FROM `acc_classify` LIMIT 0,10   [ RunTime:0.0002s ]

[ 2018-03-20T14:19:01+08:00 ] ::1 /accounting/Home-Index-jsonDataCol.html?page=1&limit=10
INFO: [ app_begin ] --START--
INFO: Run Behavior\ReadHtmlCacheBehavior [ RunTime:0.000491s ]
INFO: [ app_begin ] --END-- [ RunTime:0.000854s ]
SQL: SHOW COLUMNS FROM `acc_classify` [ RunTime:0.0054s ]
SQL: SELECT COUNT(*) AS tp_count FROM `acc_classify` LIMIT 1   [ RunTime:0.0002s ]
SQL: SELECT * FROM `acc_classify` LIMIT 0,10   [ RunTime:0.0002s ]

[ 2018-03-20T14:19:02+08:00 ] ::1 /accounting/Home-Index-jsonDataBill.html?page=1&limit=10
INFO: [ app_begin ] --START--
INFO: Run Behavior\ReadHtmlCacheBehavior [ RunTime:0.000571s ]
INFO: [ app_begin ] --END-- [ RunTime:0.000989s ]
SQL: SHOW COLUMNS FROM `acc_account` [ RunTime:0.0040s ]
SQL: SELECT COUNT(*) AS tp_count FROM `acc_account` LIMIT 1   [ RunTime:0.0006s ]
SQL: SELECT * FROM `acc_account` LIMIT 0,10   [ RunTime:0.0004s ]

[ 2018-03-20T14:20:44+08:00 ] ::1 /accounting/Home-Index-jsonDataBill.html?page=1&limit=10
INFO: [ app_begin ] --START--
INFO: Run Behavior\ReadHtmlCacheBehavior [ RunTime:0.000672s ]
INFO: [ app_begin ] --END-- [ RunTime:0.001125s ]
SQL: SHOW COLUMNS FROM `acc_account` [ RunTime:0.0745s ]
SQL: SELECT COUNT(*) AS tp_count FROM `acc_account` LIMIT 1   [ RunTime:0.0002s ]
SQL: SELECT * FROM `acc_account` LIMIT 0,10   [ RunTime:0.0002s ]

[ 2018-03-20T14:20:45+08:00 ] ::1 /accounting/Home-Index-jsonDataCol.html?page=1&limit=10
INFO: [ app_begin ] --START--
INFO: Run Behavior\ReadHtmlCacheBehavior [ RunTime:0.000622s ]
INFO: [ app_begin ] --END-- [ RunTime:0.001035s ]
SQL: SHOW COLUMNS FROM `acc_classify` [ RunTime:0.0049s ]
SQL: SELECT COUNT(*) AS tp_count FROM `acc_classify` LIMIT 1   [ RunTime:0.0011s ]
SQL: SELECT * FROM `acc_classify` LIMIT 0,10   [ RunTime:0.0004s ]

[ 2018-03-20T14:20:50+08:00 ] ::1 /accounting/Home-Index-jsonDataBill.html?page=1&limit=10
INFO: [ app_begin ] --START--
INFO: Run Behavior\ReadHtmlCacheBehavior [ RunTime:0.000436s ]
INFO: [ app_begin ] --END-- [ RunTime:0.000725s ]
SQL: SHOW COLUMNS FROM `acc_account` [ RunTime:0.0041s ]
SQL: SELECT COUNT(*) AS tp_count FROM `acc_account` LIMIT 1   [ RunTime:0.0002s ]
SQL: SELECT * FROM `acc_account` LIMIT 0,10   [ RunTime:0.0002s ]

[ 2018-03-20T14:21:09+08:00 ] ::1 /accounting/Home-Index-billMod.html
INFO: [ app_begin ] --START--
INFO: Run Behavior\ReadHtmlCacheBehavior [ RunTime:0.000558s ]
INFO: [ app_begin ] --END-- [ RunTime:0.000901s ]
SQL: SHOW COLUMNS FROM `acc_account` [ RunTime:0.0050s ]
SQL: UPDATE `acc_account` SET `money`='100.00',`account`='支出',`a_cols`='1',`a_info`='' WHERE ( Id='1' ) [ RunTime:0.1488s ]

[ 2018-03-20T14:21:13+08:00 ] ::1 /accounting/Home-Index-jsonDataBill.html?page=1&limit=10
INFO: [ app_begin ] --START--
INFO: Run Behavior\ReadHtmlCacheBehavior [ RunTime:0.000667s ]
INFO: [ app_begin ] --END-- [ RunTime:0.001095s ]
SQL: SHOW COLUMNS FROM `acc_account` [ RunTime:0.0050s ]
SQL: SELECT COUNT(*) AS tp_count FROM `acc_account` LIMIT 1   [ RunTime:0.0002s ]
SQL: SELECT * FROM `acc_account` LIMIT 0,10   [ RunTime:0.0003s ]

[ 2018-03-20T14:21:14+08:00 ] ::1 /accounting/Home-Index-jsonDataCol.html?page=1&limit=10
INFO: [ app_begin ] --START--
INFO: Run Behavior\ReadHtmlCacheBehavior [ RunTime:0.000575s ]
INFO: [ app_begin ] --END-- [ RunTime:0.001183s ]
SQL: SHOW COLUMNS FROM `acc_classify` [ RunTime:0.0051s ]
SQL: SELECT COUNT(*) AS tp_count FROM `acc_classify` LIMIT 1   [ RunTime:0.0002s ]
SQL: SELECT * FROM `acc_classify` LIMIT 0,10   [ RunTime:0.0002s ]

[ 2018-03-20T14:21:18+08:00 ] ::1 /accounting/Home-Index-jsonDataBill.html?page=1&limit=10
INFO: [ app_begin ] --START--
INFO: Run Behavior\ReadHtmlCacheBehavior [ RunTime:0.000439s ]
INFO: [ app_begin ] --END-- [ RunTime:0.000777s ]
SQL: SHOW COLUMNS FROM `acc_account` [ RunTime:0.0045s ]
SQL: SELECT COUNT(*) AS tp_count FROM `acc_account` LIMIT 1   [ RunTime:0.0002s ]
SQL: SELECT * FROM `acc_account` LIMIT 0,10   [ RunTime:0.0002s ]

[ 2018-03-20T14:22:36+08:00 ] ::1 /accounting/Home-Index-jsonDataBill.html?page=1&limit=10
INFO: [ app_begin ] --START--
INFO: Run Behavior\ReadHtmlCacheBehavior [ RunTime:0.000450s ]
INFO: [ app_begin ] --END-- [ RunTime:0.000744s ]
SQL: SHOW COLUMNS FROM `acc_account` [ RunTime:0.0041s ]
SQL: SELECT COUNT(*) AS tp_count FROM `acc_account` LIMIT 1   [ RunTime:0.0003s ]
SQL: SELECT * FROM `acc_account` LIMIT 0,10   [ RunTime:0.0002s ]

[ 2018-03-20T14:22:37+08:00 ] ::1 /accounting/Home-Index-jsonDataCol.html?page=1&limit=10
INFO: [ app_begin ] --START--
INFO: Run Behavior\ReadHtmlCacheBehavior [ RunTime:0.000435s ]
INFO: [ app_begin ] --END-- [ RunTime:0.000728s ]
SQL: SHOW COLUMNS FROM `acc_classify` [ RunTime:0.0039s ]
SQL: SELECT COUNT(*) AS tp_count FROM `acc_classify` LIMIT 1   [ RunTime:0.0002s ]
SQL: SELECT * FROM `acc_classify` LIMIT 0,10   [ RunTime:0.0002s ]

[ 2018-03-20T14:22:47+08:00 ] ::1 /accounting/Home-Index-billMod.html
INFO: [ app_begin ] --START--
INFO: Run Behavior\ReadHtmlCacheBehavior [ RunTime:0.000432s ]
INFO: [ app_begin ] --END-- [ RunTime:0.000716s ]
SQL: SHOW COLUMNS FROM `acc_account` [ RunTime:0.0040s ]
SQL: UPDATE `acc_account` SET `money`='100.00',`account`='支出',`a_cols`='1',`a_info`='我去我' WHERE ( Id='1' ) [ RunTime:0.2064s ]

[ 2018-03-20T14:22:52+08:00 ] ::1 /accounting/Home-Index-jsonDataBill.html?page=1&limit=10
INFO: [ app_begin ] --START--
INFO: Run Behavior\ReadHtmlCacheBehavior [ RunTime:0.000432s ]
INFO: [ app_begin ] --END-- [ RunTime:0.000722s ]
SQL: SHOW COLUMNS FROM `acc_account` [ RunTime:0.0055s ]
SQL: SELECT COUNT(*) AS tp_count FROM `acc_account` LIMIT 1   [ RunTime:0.0002s ]
SQL: SELECT * FROM `acc_account` LIMIT 0,10   [ RunTime:0.0002s ]

[ 2018-03-20T14:23:14+08:00 ] ::1 /accounting/Home-Index-billMod.html
INFO: [ app_begin ] --START--
INFO: Run Behavior\ReadHtmlCacheBehavior [ RunTime:0.000581s ]
INFO: [ app_begin ] --END-- [ RunTime:0.000905s ]
SQL: SHOW COLUMNS FROM `acc_account` [ RunTime:0.0052s ]
SQL: UPDATE `acc_account` SET `money`='233.002',`account`='支出',`a_cols`='3',`a_info`='我去我' WHERE ( Id='1' ) [ RunTime:0.2046s ]

[ 2018-03-20T14:23:18+08:00 ] ::1 /accounting/Home-Index-jsonDataBill.html?page=1&limit=10
INFO: [ app_begin ] --START--
INFO: Run Behavior\ReadHtmlCacheBehavior [ RunTime:0.000561s ]
INFO: [ app_begin ] --END-- [ RunTime:0.000901s ]
SQL: SHOW COLUMNS FROM `acc_account` [ RunTime:0.0053s ]
SQL: SELECT COUNT(*) AS tp_count FROM `acc_account` LIMIT 1   [ RunTime:0.0002s ]
SQL: SELECT * FROM `acc_account` LIMIT 0,10   [ RunTime:0.0002s ]

[ 2018-03-20T14:24:56+08:00 ] ::1 /accounting/Home-Index-jsonDataBill.html?page=1&limit=10
INFO: [ app_begin ] --START--
INFO: Run Behavior\ReadHtmlCacheBehavior [ RunTime:0.000677s ]
INFO: [ app_begin ] --END-- [ RunTime:0.001171s ]
SQL: SHOW COLUMNS FROM `acc_account` [ RunTime:0.0052s ]
SQL: SELECT COUNT(*) AS tp_count FROM `acc_account` LIMIT 1   [ RunTime:0.0003s ]
SQL: SELECT * FROM `acc_account` LIMIT 0,10   [ RunTime:0.0002s ]

[ 2018-03-20T14:24:57+08:00 ] ::1 /accounting/Home-Index-jsonDataCol.html?page=1&limit=10
INFO: [ app_begin ] --START--
INFO: Run Behavior\ReadHtmlCacheBehavior [ RunTime:0.000438s ]
INFO: [ app_begin ] --END-- [ RunTime:0.000727s ]
SQL: SHOW COLUMNS FROM `acc_classify` [ RunTime:0.0049s ]
SQL: SELECT COUNT(*) AS tp_count FROM `acc_classify` LIMIT 1   [ RunTime:0.0003s ]
SQL: SELECT * FROM `acc_classify` LIMIT 0,10   [ RunTime:0.0002s ]

[ 2018-03-20T14:25:00+08:00 ] ::1 /accounting/Home-Index-jsonDataBill.html?page=1&limit=10
INFO: [ app_begin ] --START--
INFO: Run Behavior\ReadHtmlCacheBehavior [ RunTime:0.000553s ]
INFO: [ app_begin ] --END-- [ RunTime:0.000879s ]
SQL: SHOW COLUMNS FROM `acc_account` [ RunTime:0.0052s ]
SQL: SELECT COUNT(*) AS tp_count FROM `acc_account` LIMIT 1   [ RunTime:0.0002s ]
SQL: SELECT * FROM `acc_account` LIMIT 0,10   [ RunTime:0.0002s ]

[ 2018-03-20T14:26:55+08:00 ] ::1 /accounting/Home-Index-jsonDataCol.html?page=1&limit=10
INFO: [ app_begin ] --START--
INFO: Run Behavior\ReadHtmlCacheBehavior [ RunTime:0.000636s ]
INFO: [ app_begin ] --END-- [ RunTime:0.001229s ]
SQL: SHOW COLUMNS FROM `acc_classify` [ RunTime:0.0061s ]
SQL: SELECT COUNT(*) AS tp_count FROM `acc_classify` LIMIT 1   [ RunTime:0.0003s ]
SQL: SELECT * FROM `acc_classify` LIMIT 0,10   [ RunTime:0.0003s ]

[ 2018-03-20T14:26:56+08:00 ] ::1 /accounting/Home-Index-jsonDataBill.html?page=1&limit=10
INFO: [ app_begin ] --START--
INFO: Run Behavior\ReadHtmlCacheBehavior [ RunTime:0.000444s ]
INFO: [ app_begin ] --END-- [ RunTime:0.000738s ]
SQL: SHOW COLUMNS FROM `acc_account` [ RunTime:0.0061s ]
SQL: SELECT COUNT(*) AS tp_count FROM `acc_account` LIMIT 1   [ RunTime:0.0002s ]
SQL: SELECT * FROM `acc_account` LIMIT 0,10   [ RunTime:0.0002s ]

