[ 2018-03-19T12:54:53+08:00 ] ::1 /accounting/Home-Index-test.html?page=1&limit=10
INFO: [ app_begin ] --START--
INFO: Run Behavior\ReadHtmlCacheBehavior [ RunTime:0.002118s ]
INFO: [ app_begin ] --END-- [ RunTime:0.003800s ]
SQL: SHOW COLUMNS FROM `acc_classify` [ RunTime:0.0115s ]
SQL: SELECT * FROM `acc_classify`  [ RunTime:0.0008s ]

[ 2018-03-19T12:55:15+08:00 ] ::1 /accounting/Home-Index-test.html?page=1&limit=10
INFO: [ app_begin ] --START--
INFO: Run Behavior\ReadHtmlCacheBehavior [ RunTime:0.000678s ]
INFO: [ app_begin ] --END-- [ RunTime:0.001175s ]
SQL: SHOW COLUMNS FROM `acc_classify` [ RunTime:0.0131s ]
SQL: SELECT * FROM `acc_classify`  [ RunTime:0.0007s ]

[ 2018-03-19T12:58:43+08:00 ] ::1 /accounting/Home-Index-test.html?page=1&limit=10
INFO: [ app_begin ] --START--
INFO: Run Behavior\ReadHtmlCacheBehavior [ RunTime:0.000712s ]
INFO: [ app_begin ] --END-- [ RunTime:0.001136s ]
SQL: SHOW COLUMNS FROM `acc_classify` [ RunTime:0.0186s ]
SQL: SELECT * FROM `acc_classify`  [ RunTime:0.0018s ]

[ 2018-03-19T13:02:30+08:00 ] ::1 /accounting/Home-Index-test.html?page=1&limit=10
INFO: [ app_begin ] --START--
INFO: Run Behavior\ReadHtmlCacheBehavior [ RunTime:0.000761s ]
INFO: [ app_begin ] --END-- [ RunTime:0.001234s ]
SQL: SHOW COLUMNS FROM `acc_classify` [ RunTime:0.0134s ]
SQL: SELECT * FROM `acc_classify`  [ RunTime:0.0008s ]

[ 2018-03-19T13:11:50+08:00 ] ::1 /accounting/Home-Index-test.html?page=1&limit=10
INFO: [ app_begin ] --START--
INFO: Run Behavior\ReadHtmlCacheBehavior [ RunTime:0.001368s ]
INFO: [ app_begin ] --END-- [ RunTime:0.002196s ]
SQL: SHOW COLUMNS FROM `acc_classify` [ RunTime:0.0123s ]
SQL: SELECT * FROM `acc_classify`  [ RunTime:0.0007s ]

[ 2018-03-19T13:11:53+08:00 ] ::1 /accounting/Home-Index-test.html?page=1&limit=10
INFO: [ app_begin ] --START--
INFO: Run Behavior\ReadHtmlCacheBehavior [ RunTime:0.000562s ]
INFO: [ app_begin ] --END-- [ RunTime:0.000957s ]
SQL: SHOW COLUMNS FROM `acc_classify` [ RunTime:0.0135s ]
SQL: SELECT * FROM `acc_classify`  [ RunTime:0.0008s ]

[ 2018-03-19T13:11:57+08:00 ] ::1 /accounting/Home-Index-test.html?page=1&limit=10
INFO: [ app_begin ] --START--
INFO: Run Behavior\ReadHtmlCacheBehavior [ RunTime:0.000561s ]
INFO: [ app_begin ] --END-- [ RunTime:0.000931s ]
SQL: SHOW COLUMNS FROM `acc_classify` [ RunTime:0.0096s ]
SQL: SELECT * FROM `acc_classify`  [ RunTime:0.0005s ]

[ 2018-03-19T13:19:25+08:00 ] ::1 /accounting/Home-Index-test.html?page=1&limit=10
INFO: [ app_begin ] --START--
INFO: Run Behavior\ReadHtmlCacheBehavior [ RunTime:0.000541s ]
INFO: [ app_begin ] --END-- [ RunTime:0.000947s ]
ERR: 非法操作:test

[ 2018-03-19T13:19:31+08:00 ] ::1 /accounting/Home-Index-jsonData.html?page=1&limit=10
INFO: [ app_begin ] --START--
INFO: Run Behavior\ReadHtmlCacheBehavior [ RunTime:0.000932s ]
INFO: [ app_begin ] --END-- [ RunTime:0.001497s ]
SQL: SHOW COLUMNS FROM `acc_classify` [ RunTime:0.0075s ]
SQL: SELECT * FROM `acc_classify`  [ RunTime:0.0004s ]

[ 2018-03-19T13:21:05+08:00 ] ::1 /accounting/Home-Index-jsonData.html?page=1&limit=10
INFO: [ app_begin ] --START--
INFO: Run Behavior\ReadHtmlCacheBehavior [ RunTime:0.000579s ]
INFO: [ app_begin ] --END-- [ RunTime:0.001049s ]
SQL: SHOW COLUMNS FROM `acc_classify` [ RunTime:0.0059s ]
SQL: SELECT * FROM `acc_classify`  [ RunTime:0.0005s ]
INFO: [ app_end ] --START--
INFO: Run Behavior\ShowPageTraceBehavior [ RunTime:0.001068s ]
INFO: [ app_end ] --END-- [ RunTime:0.001141s ]

[ 2018-03-19T13:21:09+08:00 ] ::1 /accounting/Home-Index-jsonData.html?page=1&limit=10
INFO: [ app_begin ] --START--
INFO: Run Behavior\ReadHtmlCacheBehavior [ RunTime:0.002250s ]
INFO: [ app_begin ] --END-- [ RunTime:0.004590s ]
SQL: SHOW COLUMNS FROM `acc_classify` [ RunTime:0.0192s ]
SQL: SELECT * FROM `acc_classify`  [ RunTime:0.0009s ]
INFO: [ app_end ] --START--
INFO: Run Behavior\ShowPageTraceBehavior [ RunTime:0.002667s ]
INFO: [ app_end ] --END-- [ RunTime:0.002815s ]

[ 2018-03-19T13:21:30+08:00 ] ::1 /accounting/Home-Index-jsonData.html?page=1&limit=10
INFO: [ app_begin ] --START--
INFO: Run Behavior\ReadHtmlCacheBehavior [ RunTime:0.001142s ]
INFO: [ app_begin ] --END-- [ RunTime:0.001875s ]
SQL: SHOW COLUMNS FROM `acc_classify` [ RunTime:0.0386s ]
SQL: SELECT * FROM `acc_classify`  [ RunTime:0.0009s ]
ERR: Think\Controller:return方法不存在！

[ 2018-03-19T13:21:34+08:00 ] ::1 /accounting/Home-Index-jsonData.html
ERR: Think\Controller:return方法不存在！

[ 2018-03-19T13:22:02+08:00 ] ::1 /accounting/Home-Index-jsonData.html?page=1&limit=10
INFO: [ app_begin ] --START--
INFO: Run Behavior\ReadHtmlCacheBehavior [ RunTime:0.000545s ]
INFO: [ app_begin ] --END-- [ RunTime:0.000905s ]
SQL: SHOW COLUMNS FROM `acc_classify` [ RunTime:0.0058s ]
SQL: SELECT * FROM `acc_classify`  [ RunTime:0.0003s ]

[ 2018-03-19T13:22:05+08:00 ] ::1 /accounting/Home-Index-jsonData.html?page=1&limit=10
INFO: [ app_begin ] --START--
INFO: Run Behavior\ReadHtmlCacheBehavior [ RunTime:0.000841s ]
INFO: [ app_begin ] --END-- [ RunTime:0.001395s ]
SQL: SHOW COLUMNS FROM `acc_classify` [ RunTime:0.0134s ]
SQL: SELECT * FROM `acc_classify`  [ RunTime:0.0008s ]

[ 2018-03-19T13:22:13+08:00 ] ::1 /accounting/Home-Index-jsonData.html?page=1&limit=10
INFO: [ app_begin ] --START--
INFO: Run Behavior\ReadHtmlCacheBehavior [ RunTime:0.001134s ]
INFO: [ app_begin ] --END-- [ RunTime:0.001915s ]
SQL: SHOW COLUMNS FROM `acc_classify` [ RunTime:0.2296s ]
SQL: SELECT * FROM `acc_classify`  [ RunTime:0.0004s ]

[ 2018-03-19T13:27:18+08:00 ] ::1 /accounting/Home-Index-jsonData.html?page=1&limit=10
INFO: [ app_begin ] --START--
INFO: Run Behavior\ReadHtmlCacheBehavior [ RunTime:0.001376s ]
INFO: [ app_begin ] --END-- [ RunTime:0.002147s ]
SQL: SHOW COLUMNS FROM `acc_classify` [ RunTime:0.0156s ]
SQL: SELECT * FROM `acc_classify`  [ RunTime:0.0010s ]

[ 2018-03-19T13:31:45+08:00 ] ::1 /accounting/Home-Index-jsonDataCol.html?page=1&limit=10
INFO: [ app_begin ] --START--
INFO: Run Behavior\ReadHtmlCacheBehavior [ RunTime:0.000691s ]
INFO: [ app_begin ] --END-- [ RunTime:0.001159s ]
SQL: SHOW COLUMNS FROM `acc_classify` [ RunTime:0.0078s ]
SQL: SELECT * FROM `acc_classify`  [ RunTime:0.0005s ]

[ 2018-03-19T13:31:51+08:00 ] ::1 /accounting/Home-Index-jsonDataCol.html?page=1&limit=10
INFO: [ app_begin ] --START--
INFO: Run Behavior\ReadHtmlCacheBehavior [ RunTime:0.000566s ]
INFO: [ app_begin ] --END-- [ RunTime:0.000942s ]
SQL: SHOW COLUMNS FROM `acc_classify` [ RunTime:0.0202s ]
SQL: SELECT * FROM `acc_classify`  [ RunTime:0.0009s ]

[ 2018-03-19T13:31:56+08:00 ] ::1 /accounting/Home-Index-jsonDataCol.html?page=1&limit=10
INFO: [ app_begin ] --START--
INFO: Run Behavior\ReadHtmlCacheBehavior [ RunTime:0.000943s ]
INFO: [ app_begin ] --END-- [ RunTime:0.001496s ]
SQL: SHOW COLUMNS FROM `acc_classify` [ RunTime:0.0159s ]
SQL: SELECT * FROM `acc_classify`  [ RunTime:0.0009s ]

[ 2018-03-19T13:32:09+08:00 ] ::1 /accounting/Home-Index-jsonDataCol.html?page=1&limit=10
INFO: [ app_begin ] --START--
INFO: Run Behavior\ReadHtmlCacheBehavior [ RunTime:0.000581s ]
INFO: [ app_begin ] --END-- [ RunTime:0.000935s ]
SQL: SHOW COLUMNS FROM `acc_classify` [ RunTime:0.0248s ]
SQL: SELECT * FROM `acc_classify`  [ RunTime:0.0018s ]

[ 2018-03-19T13:32:12+08:00 ] ::1 /accounting/Home-Index-jsonDataCol.html?page=1&limit=10
INFO: [ app_begin ] --START--
INFO: Run Behavior\ReadHtmlCacheBehavior [ RunTime:0.000826s ]
INFO: [ app_begin ] --END-- [ RunTime:0.001326s ]
SQL: SHOW COLUMNS FROM `acc_classify` [ RunTime:0.0246s ]
SQL: SELECT * FROM `acc_classify`  [ RunTime:0.0010s ]

[ 2018-03-19T13:32:23+08:00 ] ::1 /accounting/Home-Index-jsonDataCol.html?page=1&limit=10
INFO: [ app_begin ] --START--
INFO: Run Behavior\ReadHtmlCacheBehavior [ RunTime:0.000744s ]
INFO: [ app_begin ] --END-- [ RunTime:0.001237s ]
SQL: SHOW COLUMNS FROM `acc_classify` [ RunTime:0.0141s ]
SQL: SELECT * FROM `acc_classify`  [ RunTime:0.0008s ]

[ 2018-03-19T13:43:20+08:00 ] ::1 /accounting/Home-Index-jsonDataCol.html?page=1&limit=10
INFO: [ app_begin ] --START--
INFO: Run Behavior\ReadHtmlCacheBehavior [ RunTime:0.000826s ]
INFO: [ app_begin ] --END-- [ RunTime:0.001432s ]
SQL: SHOW COLUMNS FROM `acc_classify` [ RunTime:0.0150s ]
SQL: SELECT COUNT(*) AS tp_count FROM `acc_classify` LIMIT 1   [ RunTime:0.0009s ]
SQL: SELECT * FROM `acc_classify`  [ RunTime:0.0008s ]

[ 2018-03-19T13:44:25+08:00 ] ::1 /accounting/Home-Index-jsonDataCol.html?page=1&limit=10
INFO: [ app_begin ] --START--
INFO: Run Behavior\ReadHtmlCacheBehavior [ RunTime:0.000616s ]
INFO: [ app_begin ] --END-- [ RunTime:0.001093s ]
SQL: SHOW COLUMNS FROM `acc_classify` [ RunTime:0.0057s ]
SQL: SELECT COUNT(*) AS tp_count FROM `acc_classify` LIMIT 1   [ RunTime:0.0003s ]
SQL: SELECT * FROM `acc_classify`  [ RunTime:0.0003s ]

[ 2018-03-19T13:44:30+08:00 ] ::1 /accounting/Home-Index-jsonDataCol.html?page=1&limit=1
INFO: [ app_begin ] --START--
INFO: Run Behavior\ReadHtmlCacheBehavior [ RunTime:0.000564s ]
INFO: [ app_begin ] --END-- [ RunTime:0.001003s ]
SQL: SHOW COLUMNS FROM `acc_classify` [ RunTime:0.0154s ]
SQL: SELECT COUNT(*) AS tp_count FROM `acc_classify` LIMIT 1   [ RunTime:0.0009s ]
SQL: SELECT * FROM `acc_classify`  [ RunTime:0.0008s ]

[ 2018-03-19T13:44:34+08:00 ] ::1 /accounting/Home-Index-jsonDataCol.html?page=2&limit=1
INFO: [ app_begin ] --START--
INFO: Run Behavior\ReadHtmlCacheBehavior [ RunTime:0.000830s ]
INFO: [ app_begin ] --END-- [ RunTime:0.001327s ]
SQL: SHOW COLUMNS FROM `acc_classify` [ RunTime:0.0139s ]
SQL: SELECT COUNT(*) AS tp_count FROM `acc_classify` LIMIT 1   [ RunTime:0.0009s ]
SQL: SELECT * FROM `acc_classify`  [ RunTime:0.0007s ]

[ 2018-03-19T13:44:35+08:00 ] ::1 /accounting/Home-Index-jsonDataCol.html?page=3&limit=1
INFO: [ app_begin ] --START--
INFO: Run Behavior\ReadHtmlCacheBehavior [ RunTime:0.000711s ]
INFO: [ app_begin ] --END-- [ RunTime:0.001242s ]
SQL: SHOW COLUMNS FROM `acc_classify` [ RunTime:0.0199s ]
SQL: SELECT COUNT(*) AS tp_count FROM `acc_classify` LIMIT 1   [ RunTime:0.0009s ]
SQL: SELECT * FROM `acc_classify`  [ RunTime:0.0015s ]

[ 2018-03-19T13:45:48+08:00 ] ::1 /accounting/Home-Index-jsonDataCol.html?page=1&limit=1
INFO: [ app_begin ] --START--
INFO: Run Behavior\ReadHtmlCacheBehavior [ RunTime:0.000700s ]
INFO: [ app_begin ] --END-- [ RunTime:0.001106s ]
SQL: SHOW COLUMNS FROM `acc_classify` [ RunTime:0.0058s ]
SQL: SELECT COUNT(*) AS tp_count FROM `acc_classify` LIMIT 1   [ RunTime:0.0003s ]
SQL: SELECT * FROM `acc_classify` LIMIT 1   [ RunTime:0.0003s ]

[ 2018-03-19T13:45:51+08:00 ] ::1 /accounting/Home-Index-jsonDataCol.html?page=2&limit=1
INFO: [ app_begin ] --START--
INFO: Run Behavior\ReadHtmlCacheBehavior [ RunTime:0.001229s ]
INFO: [ app_begin ] --END-- [ RunTime:0.002114s ]
SQL: SHOW COLUMNS FROM `acc_classify` [ RunTime:0.0156s ]
SQL: SELECT COUNT(*) AS tp_count FROM `acc_classify` LIMIT 1   [ RunTime:0.0007s ]
SQL: SELECT * FROM `acc_classify` LIMIT 1   [ RunTime:0.0007s ]

[ 2018-03-19T13:45:54+08:00 ] ::1 /accounting/Home-Index-jsonDataCol.html?page=3&limit=1
INFO: [ app_begin ] --START--
INFO: Run Behavior\ReadHtmlCacheBehavior [ RunTime:0.000538s ]
INFO: [ app_begin ] --END-- [ RunTime:0.000955s ]
SQL: SHOW COLUMNS FROM `acc_classify` [ RunTime:0.0148s ]
SQL: SELECT COUNT(*) AS tp_count FROM `acc_classify` LIMIT 1   [ RunTime:0.0013s ]
SQL: SELECT * FROM `acc_classify` LIMIT 1   [ RunTime:0.0007s ]

[ 2018-03-19T13:45:57+08:00 ] ::1 /accounting/Home-Index-jsonDataCol.html?page=2&limit=1
INFO: [ app_begin ] --START--
INFO: Run Behavior\ReadHtmlCacheBehavior [ RunTime:0.000546s ]
INFO: [ app_begin ] --END-- [ RunTime:0.000960s ]
SQL: SHOW COLUMNS FROM `acc_classify` [ RunTime:0.0163s ]
SQL: SELECT COUNT(*) AS tp_count FROM `acc_classify` LIMIT 1   [ RunTime:0.0008s ]
SQL: SELECT * FROM `acc_classify` LIMIT 1   [ RunTime:0.0007s ]

[ 2018-03-19T13:45:59+08:00 ] ::1 /accounting/Home-Index-jsonDataCol.html?page=1&limit=1
INFO: [ app_begin ] --START--
INFO: Run Behavior\ReadHtmlCacheBehavior [ RunTime:0.000538s ]
INFO: [ app_begin ] --END-- [ RunTime:0.000954s ]
SQL: SHOW COLUMNS FROM `acc_classify` [ RunTime:0.0162s ]
SQL: SELECT COUNT(*) AS tp_count FROM `acc_classify` LIMIT 1   [ RunTime:0.0009s ]
SQL: SELECT * FROM `acc_classify` LIMIT 1   [ RunTime:0.0010s ]

[ 2018-03-19T13:47:49+08:00 ] ::1 /accounting/Home-Index-jsonDataCol.html?page=1&limit=1
INFO: [ app_begin ] --START--
INFO: Run Behavior\ReadHtmlCacheBehavior [ RunTime:0.000909s ]
INFO: [ app_begin ] --END-- [ RunTime:0.001409s ]
SQL: SHOW COLUMNS FROM `acc_classify` [ RunTime:0.0059s ]
SQL: SELECT COUNT(*) AS tp_count FROM `acc_classify` LIMIT 1   [ RunTime:0.0003s ]
SQL: SELECT * FROM `acc_classify` LIMIT 1   [ RunTime:0.0002s ]

[ 2018-03-19T13:47:52+08:00 ] ::1 /accounting/Home-Index-jsonDataCol.html?page=1&limit=2
INFO: [ app_begin ] --START--
INFO: Run Behavior\ReadHtmlCacheBehavior [ RunTime:0.001106s ]
INFO: [ app_begin ] --END-- [ RunTime:0.001845s ]
SQL: SHOW COLUMNS FROM `acc_classify` [ RunTime:0.0153s ]
SQL: SELECT COUNT(*) AS tp_count FROM `acc_classify` LIMIT 1   [ RunTime:0.0006s ]
SQL: SELECT * FROM `acc_classify` LIMIT 1   [ RunTime:0.0007s ]

[ 2018-03-19T13:47:55+08:00 ] ::1 /accounting/Home-Index-jsonDataCol.html?page=1&limit=3
INFO: [ app_begin ] --START--
INFO: Run Behavior\ReadHtmlCacheBehavior [ RunTime:0.000537s ]
INFO: [ app_begin ] --END-- [ RunTime:0.000893s ]
SQL: SHOW COLUMNS FROM `acc_classify` [ RunTime:0.0074s ]
SQL: SELECT COUNT(*) AS tp_count FROM `acc_classify` LIMIT 1   [ RunTime:0.0006s ]
SQL: SELECT * FROM `acc_classify` LIMIT 1   [ RunTime:0.0006s ]

[ 2018-03-19T13:48:01+08:00 ] ::1 /accounting/Home-Index-jsonDataCol.html?page=1&limit=1
INFO: [ app_begin ] --START--
INFO: Run Behavior\ReadHtmlCacheBehavior [ RunTime:0.000965s ]
INFO: [ app_begin ] --END-- [ RunTime:0.001600s ]
SQL: SHOW COLUMNS FROM `acc_classify` [ RunTime:0.0133s ]
SQL: SELECT COUNT(*) AS tp_count FROM `acc_classify` LIMIT 1   [ RunTime:0.0006s ]
SQL: SELECT * FROM `acc_classify` LIMIT 1   [ RunTime:0.0007s ]

[ 2018-03-19T13:48:03+08:00 ] ::1 /accounting/Home-Index-jsonDataCol.html?page=2&limit=1
INFO: [ app_begin ] --START--
INFO: Run Behavior\ReadHtmlCacheBehavior [ RunTime:0.000535s ]
INFO: [ app_begin ] --END-- [ RunTime:0.000892s ]
SQL: SHOW COLUMNS FROM `acc_classify` [ RunTime:0.0144s ]
SQL: SELECT COUNT(*) AS tp_count FROM `acc_classify` LIMIT 1   [ RunTime:0.0007s ]
SQL: SELECT * FROM `acc_classify` LIMIT 1   [ RunTime:0.0007s ]

[ 2018-03-19T13:48:05+08:00 ] ::1 /accounting/Home-Index-jsonDataCol.html?page=3&limit=1
INFO: [ app_begin ] --START--
INFO: Run Behavior\ReadHtmlCacheBehavior [ RunTime:0.000648s ]
INFO: [ app_begin ] --END-- [ RunTime:0.001159s ]
SQL: SHOW COLUMNS FROM `acc_classify` [ RunTime:0.0145s ]
SQL: SELECT COUNT(*) AS tp_count FROM `acc_classify` LIMIT 1   [ RunTime:0.0007s ]
SQL: SELECT * FROM `acc_classify` LIMIT 1   [ RunTime:0.0008s ]

[ 2018-03-19T13:50:06+08:00 ] ::1 /accounting/Home-Index-jsonDataCol.html?page=1&limit=1
INFO: [ app_begin ] --START--
INFO: Run Behavior\ReadHtmlCacheBehavior [ RunTime:0.000803s ]
INFO: [ app_begin ] --END-- [ RunTime:0.001245s ]
SQL: SHOW COLUMNS FROM `acc_classify` [ RunTime:0.0152s ]
SQL: SELECT COUNT(*) AS tp_count FROM `acc_classify` LIMIT 1   [ RunTime:0.0007s ]
SQL: SELECT * FROM `acc_classify`  [ RunTime:0.0007s ]

[ 2018-03-19T13:53:36+08:00 ] ::1 /accounting/Home-Index-jsonDataCol.html?page=1&limit=1
INFO: [ app_begin ] --START--
INFO: Run Behavior\ReadHtmlCacheBehavior [ RunTime:0.000786s ]
INFO: [ app_begin ] --END-- [ RunTime:0.001241s ]
SQL: SHOW COLUMNS FROM `acc_classify` [ RunTime:0.0168s ]
SQL: SELECT COUNT(*) AS tp_count FROM `acc_classify` LIMIT 1   [ RunTime:0.0010s ]
SQL: SELECT * FROM `acc_classify`  [ RunTime:0.0009s ]

[ 2018-03-19T13:53:41+08:00 ] ::1 /accounting/Home-Index-jsonDataCol.html?page=1&limit=1
INFO: [ app_begin ] --START--
INFO: Run Behavior\ReadHtmlCacheBehavior [ RunTime:0.000708s ]
INFO: [ app_begin ] --END-- [ RunTime:0.001244s ]
SQL: SHOW COLUMNS FROM `acc_classify` [ RunTime:0.0161s ]
SQL: SELECT COUNT(*) AS tp_count FROM `acc_classify` LIMIT 1   [ RunTime:0.0009s ]
SQL: SELECT * FROM `acc_classify`  [ RunTime:0.0010s ]

[ 2018-03-19T13:53:45+08:00 ] ::1 /accounting/Home-Index-jsonDataCol.html?page=2&limit=1
INFO: [ app_begin ] --START--
INFO: Run Behavior\ReadHtmlCacheBehavior [ RunTime:0.000545s ]
INFO: [ app_begin ] --END-- [ RunTime:0.000963s ]
SQL: SHOW COLUMNS FROM `acc_classify` [ RunTime:0.1171s ]
SQL: SELECT COUNT(*) AS tp_count FROM `acc_classify` LIMIT 1   [ RunTime:0.0003s ]
SQL: SELECT * FROM `acc_classify`  [ RunTime:0.0005s ]

[ 2018-03-19T13:53:47+08:00 ] ::1 /accounting/Home-Index-jsonDataCol.html?page=3&limit=1
INFO: [ app_begin ] --START--
INFO: Run Behavior\ReadHtmlCacheBehavior [ RunTime:0.000539s ]
INFO: [ app_begin ] --END-- [ RunTime:0.000959s ]
SQL: SHOW COLUMNS FROM `acc_classify` [ RunTime:0.0065s ]
SQL: SELECT COUNT(*) AS tp_count FROM `acc_classify` LIMIT 1   [ RunTime:0.0003s ]
SQL: SELECT * FROM `acc_classify`  [ RunTime:0.0003s ]

[ 2018-03-19T13:56:27+08:00 ] ::1 /accounting/Home-Index-jsonDataCol.html?page=1&limit=1
INFO: [ app_begin ] --START--
INFO: Run Behavior\ReadHtmlCacheBehavior [ RunTime:0.000780s ]
INFO: [ app_begin ] --END-- [ RunTime:0.001218s ]
SQL: SHOW COLUMNS FROM `acc_classify` [ RunTime:0.0058s ]
SQL: SELECT COUNT(*) AS tp_count FROM `acc_classify` LIMIT 1   [ RunTime:0.0003s ]
SQL: SELECT * FROM `acc_classify` LIMIT 1   [ RunTime:0.0003s ]

[ 2018-03-19T13:56:30+08:00 ] ::1 /accounting/Home-Index-jsonDataCol.html?page=2&limit=1
INFO: [ app_begin ] --START--
INFO: Run Behavior\ReadHtmlCacheBehavior [ RunTime:0.000536s ]
INFO: [ app_begin ] --END-- [ RunTime:0.000960s ]
SQL: SHOW COLUMNS FROM `acc_classify` [ RunTime:0.0067s ]
SQL: SELECT COUNT(*) AS tp_count FROM `acc_classify` LIMIT 1   [ RunTime:0.0004s ]
SQL: SELECT * FROM `acc_classify` LIMIT 2   [ RunTime:0.0004s ]

[ 2018-03-19T13:56:34+08:00 ] ::1 /accounting/Home-Index-jsonDataCol.html?page=3&limit=1
INFO: [ app_begin ] --START--
INFO: Run Behavior\ReadHtmlCacheBehavior [ RunTime:0.000559s ]
INFO: [ app_begin ] --END-- [ RunTime:0.001123s ]
SQL: SHOW COLUMNS FROM `acc_classify` [ RunTime:0.0061s ]
SQL: SELECT COUNT(*) AS tp_count FROM `acc_classify` LIMIT 1   [ RunTime:0.0002s ]
SQL: SELECT * FROM `acc_classify` LIMIT 3   [ RunTime:0.0002s ]

[ 2018-03-19T13:56:41+08:00 ] ::1 /accounting/Home-Index-jsonDataCol.html?page=2&limit=1
INFO: [ app_begin ] --START--
INFO: Run Behavior\ReadHtmlCacheBehavior [ RunTime:0.000715s ]
INFO: [ app_begin ] --END-- [ RunTime:0.001240s ]
SQL: SHOW COLUMNS FROM `acc_classify` [ RunTime:0.0082s ]
SQL: SELECT COUNT(*) AS tp_count FROM `acc_classify` LIMIT 1   [ RunTime:0.0004s ]
SQL: SELECT * FROM `acc_classify` LIMIT 2   [ RunTime:0.0004s ]

[ 2018-03-19T13:56:59+08:00 ] ::1 /accounting/Home-Index-jsonDataCol.html?page=1&limit=1
INFO: [ app_begin ] --START--
INFO: Run Behavior\ReadHtmlCacheBehavior [ RunTime:0.000730s ]
INFO: [ app_begin ] --END-- [ RunTime:0.001214s ]
SQL: SHOW COLUMNS FROM `acc_classify` [ RunTime:0.0115s ]
SQL: SELECT COUNT(*) AS tp_count FROM `acc_classify` LIMIT 1   [ RunTime:0.0003s ]
SQL: SELECT * FROM `acc_classify` LIMIT 0,1   [ RunTime:0.0004s ]

[ 2018-03-19T13:57:01+08:00 ] ::1 /accounting/Home-Index-jsonDataCol.html?page=2&limit=1
INFO: [ app_begin ] --START--
INFO: Run Behavior\ReadHtmlCacheBehavior [ RunTime:0.000538s ]
INFO: [ app_begin ] --END-- [ RunTime:0.000946s ]
SQL: SHOW COLUMNS FROM `acc_classify` [ RunTime:0.0164s ]
SQL: SELECT COUNT(*) AS tp_count FROM `acc_classify` LIMIT 1   [ RunTime:0.0008s ]
SQL: SELECT * FROM `acc_classify` LIMIT 0,2   [ RunTime:0.0008s ]

[ 2018-03-19T13:57:03+08:00 ] ::1 /accounting/Home-Index-jsonDataCol.html?page=3&limit=1
INFO: [ app_begin ] --START--
INFO: Run Behavior\ReadHtmlCacheBehavior [ RunTime:0.000549s ]
INFO: [ app_begin ] --END-- [ RunTime:0.000963s ]
SQL: SHOW COLUMNS FROM `acc_classify` [ RunTime:0.0180s ]
SQL: SELECT COUNT(*) AS tp_count FROM `acc_classify` LIMIT 1   [ RunTime:0.0005s ]
SQL: SELECT * FROM `acc_classify` LIMIT 0,3   [ RunTime:0.0006s ]

[ 2018-03-19T13:58:47+08:00 ] ::1 /accounting/Home-Index-jsonDataCol.html?page=1&limit=1
INFO: [ app_begin ] --START--
INFO: Run Behavior\ReadHtmlCacheBehavior [ RunTime:0.000733s ]
INFO: [ app_begin ] --END-- [ RunTime:0.001177s ]
SQL: SHOW COLUMNS FROM `acc_classify` [ RunTime:0.0064s ]
SQL: SELECT COUNT(*) AS tp_count FROM `acc_classify` LIMIT 1   [ RunTime:0.0003s ]
SQL: SELECT * FROM `acc_classify` LIMIT 0,1   [ RunTime:0.0003s ]

[ 2018-03-19T13:58:49+08:00 ] ::1 /accounting/Home-Index-jsonDataCol.html?page=2&limit=1
INFO: [ app_begin ] --START--
INFO: Run Behavior\ReadHtmlCacheBehavior [ RunTime:0.000534s ]
INFO: [ app_begin ] --END-- [ RunTime:0.000941s ]
SQL: SHOW COLUMNS FROM `acc_classify` [ RunTime:0.0144s ]
SQL: SELECT COUNT(*) AS tp_count FROM `acc_classify` LIMIT 1   [ RunTime:0.0006s ]
SQL: SELECT * FROM `acc_classify` LIMIT 1,2   [ RunTime:0.0010s ]

[ 2018-03-19T13:58:59+08:00 ] ::1 /accounting/Home-Index-jsonDataCol.html?page=3&limit=1
INFO: [ app_begin ] --START--
INFO: Run Behavior\ReadHtmlCacheBehavior [ RunTime:0.000537s ]
INFO: [ app_begin ] --END-- [ RunTime:0.000955s ]
SQL: SHOW COLUMNS FROM `acc_classify` [ RunTime:0.0085s ]
SQL: SELECT COUNT(*) AS tp_count FROM `acc_classify` LIMIT 1   [ RunTime:0.0005s ]
SQL: SELECT * FROM `acc_classify` LIMIT 2,3   [ RunTime:0.0004s ]

[ 2018-03-19T13:59:14+08:00 ] ::1 /accounting/Home-Index-jsonDataCol.html?page=1&limit=1
INFO: [ app_begin ] --START--
INFO: Run Behavior\ReadHtmlCacheBehavior [ RunTime:0.005256s ]
INFO: [ app_begin ] --END-- [ RunTime:0.007708s ]
SQL: SHOW COLUMNS FROM `acc_classify` [ RunTime:0.0140s ]
SQL: SELECT COUNT(*) AS tp_count FROM `acc_classify` LIMIT 1   [ RunTime:0.0007s ]
SQL: SELECT * FROM `acc_classify` LIMIT 0,1   [ RunTime:0.0007s ]

[ 2018-03-19T13:59:16+08:00 ] ::1 /accounting/Home-Index-jsonDataCol.html?page=2&limit=1
INFO: [ app_begin ] --START--
INFO: Run Behavior\ReadHtmlCacheBehavior [ RunTime:0.000538s ]
INFO: [ app_begin ] --END-- [ RunTime:0.000950s ]
SQL: SHOW COLUMNS FROM `acc_classify` [ RunTime:0.0138s ]
SQL: SELECT COUNT(*) AS tp_count FROM `acc_classify` LIMIT 1   [ RunTime:0.0006s ]
SQL: SELECT * FROM `acc_classify` LIMIT 1,1   [ RunTime:0.0008s ]

[ 2018-03-19T13:59:18+08:00 ] ::1 /accounting/Home-Index-jsonDataCol.html?page=3&limit=1
INFO: [ app_begin ] --START--
INFO: Run Behavior\ReadHtmlCacheBehavior [ RunTime:0.000549s ]
INFO: [ app_begin ] --END-- [ RunTime:0.000953s ]
SQL: SHOW COLUMNS FROM `acc_classify` [ RunTime:0.0146s ]
SQL: SELECT COUNT(*) AS tp_count FROM `acc_classify` LIMIT 1   [ RunTime:0.0007s ]
SQL: SELECT * FROM `acc_classify` LIMIT 2,1   [ RunTime:0.0007s ]

[ 2018-03-19T13:59:22+08:00 ] ::1 /accounting/Home-Index-jsonDataCol.html?page=2&limit=2
INFO: [ app_begin ] --START--
INFO: Run Behavior\ReadHtmlCacheBehavior [ RunTime:0.000724s ]
INFO: [ app_begin ] --END-- [ RunTime:0.001374s ]
SQL: SHOW COLUMNS FROM `acc_classify` [ RunTime:0.1499s ]
SQL: SELECT COUNT(*) AS tp_count FROM `acc_classify` LIMIT 1   [ RunTime:0.0003s ]
SQL: SELECT * FROM `acc_classify` LIMIT 1,1   [ RunTime:0.0003s ]

[ 2018-03-19T13:59:25+08:00 ] ::1 /accounting/Home-Index-jsonDataCol.html?page=1&limit=3
INFO: [ app_begin ] --START--
INFO: Run Behavior\ReadHtmlCacheBehavior [ RunTime:0.000701s ]
INFO: [ app_begin ] --END-- [ RunTime:0.001236s ]
SQL: SHOW COLUMNS FROM `acc_classify` [ RunTime:0.0160s ]
SQL: SELECT COUNT(*) AS tp_count FROM `acc_classify` LIMIT 1   [ RunTime:0.0011s ]
SQL: SELECT * FROM `acc_classify` LIMIT 0,1   [ RunTime:0.0009s ]

[ 2018-03-19T14:01:35+08:00 ] ::1 /accounting/Home-Index-jsonDataCol.html?page=1&limit=1
INFO: [ app_begin ] --START--
INFO: Run Behavior\ReadHtmlCacheBehavior [ RunTime:0.000813s ]
INFO: [ app_begin ] --END-- [ RunTime:0.001295s ]
SQL: SHOW COLUMNS FROM `acc_classify` [ RunTime:0.0062s ]
SQL: SELECT COUNT(*) AS tp_count FROM `acc_classify` LIMIT 1   [ RunTime:0.0003s ]
SQL: SELECT * FROM `acc_classify` LIMIT 0,1   [ RunTime:0.0003s ]

[ 2018-03-19T14:10:44+08:00 ] ::1 /accounting/Home-Index-jsonDataCol.html?page=1&limit=1
INFO: [ app_begin ] --START--
INFO: Run Behavior\ReadHtmlCacheBehavior [ RunTime:0.000726s ]
INFO: [ app_begin ] --END-- [ RunTime:0.001158s ]
SQL: SHOW COLUMNS FROM `acc_classify` [ RunTime:0.0056s ]
SQL: SELECT COUNT(*) AS tp_count FROM `acc_classify` LIMIT 1   [ RunTime:0.0002s ]
SQL: SELECT * FROM `acc_classify` LIMIT 0,1   [ RunTime:0.0002s ]

[ 2018-03-19T14:10:50+08:00 ] ::1 /accounting/Home-Index-jsonDataCol.html?page=1&limit=1
INFO: [ app_begin ] --START--
INFO: Run Behavior\ReadHtmlCacheBehavior [ RunTime:0.000569s ]
INFO: [ app_begin ] --END-- [ RunTime:0.000950s ]
SQL: SHOW COLUMNS FROM `acc_classify` [ RunTime:0.0069s ]
SQL: SELECT COUNT(*) AS tp_count FROM `acc_classify` LIMIT 1   [ RunTime:0.0003s ]
SQL: SELECT * FROM `acc_classify` LIMIT 0,1   [ RunTime:0.0003s ]

[ 2018-03-19T14:10:54+08:00 ] ::1 /accounting/Home-Index-jsonDataCol.html?page=2&limit=1
INFO: [ app_begin ] --START--
INFO: Run Behavior\ReadHtmlCacheBehavior [ RunTime:0.001017s ]
INFO: [ app_begin ] --END-- [ RunTime:0.001426s ]
SQL: SHOW COLUMNS FROM `acc_classify` [ RunTime:0.0065s ]
SQL: SELECT COUNT(*) AS tp_count FROM `acc_classify` LIMIT 1   [ RunTime:0.0003s ]
SQL: SELECT * FROM `acc_classify` LIMIT 1,1   [ RunTime:0.0003s ]

[ 2018-03-19T14:11:14+08:00 ] ::1 /accounting/Home-Index-jsonDataCol.html?page=1&limit=10
INFO: [ app_begin ] --START--
INFO: Run Behavior\ReadHtmlCacheBehavior [ RunTime:0.000557s ]
INFO: [ app_begin ] --END-- [ RunTime:0.001014s ]
SQL: SHOW COLUMNS FROM `acc_classify` [ RunTime:0.0143s ]
SQL: SELECT COUNT(*) AS tp_count FROM `acc_classify` LIMIT 1   [ RunTime:0.0008s ]
SQL: SELECT * FROM `acc_classify` LIMIT 0,10   [ RunTime:0.0007s ]

[ 2018-03-19T14:13:23+08:00 ] ::1 /accounting/Home-Index-jsonDataCol.html?page=1&limit=10
INFO: [ app_begin ] --START--
INFO: Run Behavior\ReadHtmlCacheBehavior [ RunTime:0.001416s ]
INFO: [ app_begin ] --END-- [ RunTime:0.002239s ]
SQL: SHOW COLUMNS FROM `acc_classify` [ RunTime:0.0160s ]
SQL: SELECT COUNT(*) AS tp_count FROM `acc_classify` LIMIT 1   [ RunTime:0.0009s ]
SQL: SELECT * FROM `acc_classify` LIMIT 0,10   [ RunTime:0.0009s ]

[ 2018-03-19T14:13:41+08:00 ] ::1 /accounting/Home-Index-jsonDataCol.html?page=1&limit=10
INFO: [ app_begin ] --START--
INFO: Run Behavior\ReadHtmlCacheBehavior [ RunTime:0.000720s ]
INFO: [ app_begin ] --END-- [ RunTime:0.001122s ]
SQL: SHOW COLUMNS FROM `acc_classify` [ RunTime:0.0168s ]
SQL: SELECT COUNT(*) AS tp_count FROM `acc_classify` LIMIT 1   [ RunTime:0.0002s ]
SQL: SELECT * FROM `acc_classify` LIMIT 0,10   [ RunTime:0.0002s ]

[ 2018-03-19T14:14:15+08:00 ] ::1 /accounting/Home-Index-jsonDataCol.html?page=1&limit=10
INFO: [ app_begin ] --START--
INFO: Run Behavior\ReadHtmlCacheBehavior [ RunTime:0.002042s ]
INFO: [ app_begin ] --END-- [ RunTime:0.003357s ]
SQL: SHOW COLUMNS FROM `acc_classify` [ RunTime:0.0133s ]
SQL: SELECT COUNT(*) AS tp_count FROM `acc_classify` LIMIT 1   [ RunTime:0.0007s ]
SQL: SELECT * FROM `acc_classify` LIMIT 0,10   [ RunTime:0.0007s ]

[ 2018-03-19T14:14:39+08:00 ] ::1 /accounting/Home-Index-jsonDataCol.html?page=1&limit=10
INFO: [ app_begin ] --START--
INFO: Run Behavior\ReadHtmlCacheBehavior [ RunTime:0.000781s ]
INFO: [ app_begin ] --END-- [ RunTime:0.001246s ]
SQL: SHOW COLUMNS FROM `acc_classify` [ RunTime:0.0061s ]
SQL: SELECT COUNT(*) AS tp_count FROM `acc_classify` LIMIT 1   [ RunTime:0.0003s ]
SQL: SELECT * FROM `acc_classify` LIMIT 0,10   [ RunTime:0.0003s ]

[ 2018-03-19T14:14:57+08:00 ] ::1 /accounting/Home-Index-jsonDataCol.html?page=1&limit=10
INFO: [ app_begin ] --START--
INFO: Run Behavior\ReadHtmlCacheBehavior [ RunTime:0.000594s ]
INFO: [ app_begin ] --END-- [ RunTime:0.001033s ]
SQL: SHOW COLUMNS FROM `acc_classify` [ RunTime:0.0128s ]
SQL: SELECT COUNT(*) AS tp_count FROM `acc_classify` LIMIT 1   [ RunTime:0.0007s ]
SQL: SELECT * FROM `acc_classify` LIMIT 0,10   [ RunTime:0.0007s ]

[ 2018-03-19T14:17:14+08:00 ] ::1 /accounting/Home-Index-jsonDataCol.html?page=1&limit=10
INFO: [ app_begin ] --START--
INFO: Run Behavior\ReadHtmlCacheBehavior [ RunTime:0.001523s ]
INFO: [ app_begin ] --END-- [ RunTime:0.002364s ]
SQL: SHOW COLUMNS FROM `acc_classify` [ RunTime:0.0173s ]
SQL: SELECT COUNT(*) AS tp_count FROM `acc_classify` LIMIT 1   [ RunTime:0.0008s ]
SQL: SELECT * FROM `acc_classify` LIMIT 0,10   [ RunTime:0.0008s ]

[ 2018-03-19T14:17:49+08:00 ] ::1 /accounting/Home-Index-jsonDataCol.html?page=1&limit=10
INFO: [ app_begin ] --START--
INFO: Run Behavior\ReadHtmlCacheBehavior [ RunTime:0.000765s ]
INFO: [ app_begin ] --END-- [ RunTime:0.001229s ]
SQL: SHOW COLUMNS FROM `acc_classify` [ RunTime:0.0165s ]
SQL: SELECT COUNT(*) AS tp_count FROM `acc_classify` LIMIT 1   [ RunTime:0.0007s ]
SQL: SELECT * FROM `acc_classify` LIMIT 0,10   [ RunTime:0.0008s ]

[ 2018-03-19T14:18:19+08:00 ] ::1 /accounting/Home-Index-jsonDataCol.html?page=1&limit=20
INFO: [ app_begin ] --START--
INFO: Run Behavior\ReadHtmlCacheBehavior [ RunTime:0.000857s ]
INFO: [ app_begin ] --END-- [ RunTime:0.001467s ]
SQL: SHOW COLUMNS FROM `acc_classify` [ RunTime:0.0119s ]
SQL: SELECT COUNT(*) AS tp_count FROM `acc_classify` LIMIT 1   [ RunTime:0.0006s ]
SQL: SELECT * FROM `acc_classify` LIMIT 0,20   [ RunTime:0.0013s ]

[ 2018-03-19T14:18:35+08:00 ] ::1 /accounting/Home-Index-jsonDataCol.html?page=1&limit=10
INFO: [ app_begin ] --START--
INFO: Run Behavior\ReadHtmlCacheBehavior [ RunTime:0.000606s ]
INFO: [ app_begin ] --END-- [ RunTime:0.001061s ]
SQL: SHOW COLUMNS FROM `acc_classify` [ RunTime:0.0060s ]
SQL: SELECT COUNT(*) AS tp_count FROM `acc_classify` LIMIT 1   [ RunTime:0.0008s ]
SQL: SELECT * FROM `acc_classify` LIMIT 0,1   [ RunTime:0.0011s ]

[ 2018-03-19T14:19:05+08:00 ] ::1 /accounting/Home-Index-jsonDataCol.html?page=1&limit=1
INFO: [ app_begin ] --START--
INFO: Run Behavior\ReadHtmlCacheBehavior [ RunTime:0.000842s ]
INFO: [ app_begin ] --END-- [ RunTime:0.001455s ]
SQL: SHOW COLUMNS FROM `acc_classify` [ RunTime:0.0069s ]
SQL: SELECT COUNT(*) AS tp_count FROM `acc_classify` LIMIT 1   [ RunTime:0.0002s ]
SQL: SELECT * FROM `acc_classify` LIMIT 0,1   [ RunTime:0.0003s ]

[ 2018-03-19T14:19:08+08:00 ] ::1 /accounting/Home-Index-jsonDataCol.html?page=2&limit=1
INFO: [ app_begin ] --START--
INFO: Run Behavior\ReadHtmlCacheBehavior [ RunTime:0.000607s ]
INFO: [ app_begin ] --END-- [ RunTime:0.001013s ]
SQL: SHOW COLUMNS FROM `acc_classify` [ RunTime:0.0165s ]
SQL: SELECT COUNT(*) AS tp_count FROM `acc_classify` LIMIT 1   [ RunTime:0.0012s ]
SQL: SELECT * FROM `acc_classify` LIMIT 1,1   [ RunTime:0.0008s ]

[ 2018-03-19T14:19:13+08:00 ] ::1 /accounting/Home-Index-jsonDataCol.html?page=1&limit=20
INFO: [ app_begin ] --START--
INFO: Run Behavior\ReadHtmlCacheBehavior [ RunTime:0.000535s ]
INFO: [ app_begin ] --END-- [ RunTime:0.000942s ]
SQL: SHOW COLUMNS FROM `acc_classify` [ RunTime:0.0160s ]
SQL: SELECT COUNT(*) AS tp_count FROM `acc_classify` LIMIT 1   [ RunTime:0.0008s ]
SQL: SELECT * FROM `acc_classify` LIMIT 0,1   [ RunTime:0.0007s ]

[ 2018-03-19T14:19:59+08:00 ] ::1 /accounting/Home-Index-jsonDataCol.html?page=1&limit=1
INFO: [ app_begin ] --START--
INFO: Run Behavior\ReadHtmlCacheBehavior [ RunTime:0.001010s ]
INFO: [ app_begin ] --END-- [ RunTime:0.001550s ]
SQL: SHOW COLUMNS FROM `acc_classify` [ RunTime:0.0054s ]
SQL: SELECT COUNT(*) AS tp_count FROM `acc_classify` LIMIT 1   [ RunTime:0.0002s ]
SQL: SELECT * FROM `acc_classify` LIMIT 0,1   [ RunTime:0.0003s ]

[ 2018-03-19T14:20:16+08:00 ] ::1 /accounting/Home-Index-jsonDataCol.html?page=1&limit=1
INFO: [ app_begin ] --START--
INFO: Run Behavior\ReadHtmlCacheBehavior [ RunTime:0.000748s ]
INFO: [ app_begin ] --END-- [ RunTime:0.001441s ]
SQL: SHOW COLUMNS FROM `acc_classify` [ RunTime:0.0168s ]
SQL: SELECT COUNT(*) AS tp_count FROM `acc_classify` LIMIT 1   [ RunTime:0.0008s ]
SQL: SELECT * FROM `acc_classify` LIMIT 0,1   [ RunTime:0.0008s ]

[ 2018-03-19T14:20:19+08:00 ] ::1 /accounting/Home-Index-jsonDataCol.html?page=1&limit=5
INFO: [ app_begin ] --START--
INFO: Run Behavior\ReadHtmlCacheBehavior [ RunTime:0.001088s ]
INFO: [ app_begin ] --END-- [ RunTime:0.002644s ]
SQL: SHOW COLUMNS FROM `acc_classify` [ RunTime:0.0201s ]
SQL: SELECT COUNT(*) AS tp_count FROM `acc_classify` LIMIT 1   [ RunTime:0.0013s ]
SQL: SELECT * FROM `acc_classify` LIMIT 0,1   [ RunTime:0.0008s ]

[ 2018-03-19T14:20:22+08:00 ] ::1 /accounting/Home-Index-jsonDataCol.html?page=1&limit=1
INFO: [ app_begin ] --START--
INFO: Run Behavior\ReadHtmlCacheBehavior [ RunTime:0.000970s ]
INFO: [ app_begin ] --END-- [ RunTime:0.001703s ]
SQL: SHOW COLUMNS FROM `acc_classify` [ RunTime:0.0151s ]
SQL: SELECT COUNT(*) AS tp_count FROM `acc_classify` LIMIT 1   [ RunTime:0.0007s ]
SQL: SELECT * FROM `acc_classify` LIMIT 0,1   [ RunTime:0.0007s ]

[ 2018-03-19T14:20:31+08:00 ] ::1 /accounting/Home-Index-jsonDataCol.html?page=1&limit=1
INFO: [ app_begin ] --START--
INFO: Run Behavior\ReadHtmlCacheBehavior [ RunTime:0.001366s ]
INFO: [ app_begin ] --END-- [ RunTime:0.001823s ]
SQL: SHOW COLUMNS FROM `acc_classify` [ RunTime:0.0213s ]
SQL: SELECT COUNT(*) AS tp_count FROM `acc_classify` LIMIT 1   [ RunTime:0.0010s ]
SQL: SELECT * FROM `acc_classify` LIMIT 0,1   [ RunTime:0.0008s ]

[ 2018-03-19T14:20:34+08:00 ] ::1 /accounting/Home-Index-jsonDataCol.html?page=1&limit=5
INFO: [ app_begin ] --START--
INFO: Run Behavior\ReadHtmlCacheBehavior [ RunTime:0.000545s ]
INFO: [ app_begin ] --END-- [ RunTime:0.000897s ]
SQL: SHOW COLUMNS FROM `acc_classify` [ RunTime:0.0283s ]
SQL: SELECT COUNT(*) AS tp_count FROM `acc_classify` LIMIT 1   [ RunTime:0.0005s ]
SQL: SELECT * FROM `acc_classify` LIMIT 0,5   [ RunTime:0.0005s ]

[ 2018-03-19T14:21:07+08:00 ] ::1 /accounting/Home-Index-jsonDataCol.html?page=1&limit=1
INFO: [ app_begin ] --START--
INFO: Run Behavior\ReadHtmlCacheBehavior [ RunTime:0.001949s ]
INFO: [ app_begin ] --END-- [ RunTime:0.003712s ]
SQL: SHOW COLUMNS FROM `acc_classify` [ RunTime:0.0108s ]
SQL: SELECT COUNT(*) AS tp_count FROM `acc_classify` LIMIT 1   [ RunTime:0.0006s ]
SQL: SELECT * FROM `acc_classify` LIMIT 0,1   [ RunTime:0.0006s ]

[ 2018-03-19T14:23:53+08:00 ] ::1 /accounting/Home-Index-jsonDataCol.html?page=1&limit=1
INFO: [ app_begin ] --START--
INFO: Run Behavior\ReadHtmlCacheBehavior [ RunTime:0.000709s ]
INFO: [ app_begin ] --END-- [ RunTime:0.001134s ]
SQL: SHOW COLUMNS FROM `acc_classify` [ RunTime:0.0054s ]
SQL: SELECT COUNT(*) AS tp_count FROM `acc_classify` LIMIT 1   [ RunTime:0.0002s ]
SQL: SELECT * FROM `acc_classify` LIMIT 0,1   [ RunTime:0.0002s ]

[ 2018-03-19T14:26:16+08:00 ] ::1 /accounting/Home-Index-jsonDataCol.html?page=1&limit=1
INFO: [ app_begin ] --START--
INFO: Run Behavior\ReadHtmlCacheBehavior [ RunTime:0.000964s ]
INFO: [ app_begin ] --END-- [ RunTime:0.001411s ]
SQL: SHOW COLUMNS FROM `acc_classify` [ RunTime:0.1515s ]
SQL: SELECT COUNT(*) AS tp_count FROM `acc_classify` LIMIT 1   [ RunTime:0.0003s ]
SQL: SELECT * FROM `acc_classify` LIMIT 0,1   [ RunTime:0.0003s ]

[ 2018-03-19T14:26:42+08:00 ] ::1 /accounting/Home-Index-jsonDataCol.html?page=1&limit=1
INFO: [ app_begin ] --START--
INFO: Run Behavior\ReadHtmlCacheBehavior [ RunTime:0.000581s ]
INFO: [ app_begin ] --END-- [ RunTime:0.001173s ]
SQL: SHOW COLUMNS FROM `acc_classify` [ RunTime:0.1037s ]
SQL: SELECT COUNT(*) AS tp_count FROM `acc_classify` LIMIT 1   [ RunTime:0.0008s ]
SQL: SELECT * FROM `acc_classify` LIMIT 0,1   [ RunTime:0.0008s ]

[ 2018-03-19T14:28:33+08:00 ] ::1 /accounting/Home-Index-jsonDataCol.html?page=1&limit=10
INFO: [ app_begin ] --START--
INFO: Run Behavior\ReadHtmlCacheBehavior [ RunTime:0.001215s ]
INFO: [ app_begin ] --END-- [ RunTime:0.002651s ]
SQL: SHOW COLUMNS FROM `acc_classify` [ RunTime:0.0170s ]
SQL: SELECT COUNT(*) AS tp_count FROM `acc_classify` LIMIT 1   [ RunTime:0.0009s ]
SQL: SELECT * FROM `acc_classify` LIMIT 0,10   [ RunTime:0.0007s ]

[ 2018-03-19T14:28:42+08:00 ] ::1 /accounting/Home-Index-jsonDataCol.html?page=1&limit=1
INFO: [ app_begin ] --START--
INFO: Run Behavior\ReadHtmlCacheBehavior [ RunTime:0.000566s ]
INFO: [ app_begin ] --END-- [ RunTime:0.000937s ]
SQL: SHOW COLUMNS FROM `acc_classify` [ RunTime:0.0193s ]
SQL: SELECT COUNT(*) AS tp_count FROM `acc_classify` LIMIT 1   [ RunTime:0.0008s ]
SQL: SELECT * FROM `acc_classify` LIMIT 0,1   [ RunTime:0.0009s ]

[ 2018-03-19T15:25:23+08:00 ] ::1 /accounting/Home-Index-jsonDataCol.html?page=1&limit=1
INFO: [ app_begin ] --START--
INFO: Run Behavior\ReadHtmlCacheBehavior [ RunTime:0.000567s ]
INFO: [ app_begin ] --END-- [ RunTime:0.000882s ]
SQL: SHOW COLUMNS FROM `acc_classify` [ RunTime:0.0132s ]
SQL: SELECT COUNT(*) AS tp_count FROM `acc_classify` LIMIT 1   [ RunTime:0.0002s ]
SQL: SELECT * FROM `acc_classify` LIMIT 0,1   [ RunTime:0.0002s ]

[ 2018-03-19T15:25:31+08:00 ] ::1 /accounting/Home-Index-jsonDataCol.html?page=1&limit=1
INFO: [ app_begin ] --START--
INFO: Run Behavior\ReadHtmlCacheBehavior [ RunTime:0.001086s ]
INFO: [ app_begin ] --END-- [ RunTime:0.001730s ]
SQL: SHOW COLUMNS FROM `acc_classify` [ RunTime:0.0068s ]
SQL: SELECT COUNT(*) AS tp_count FROM `acc_classify` LIMIT 1   [ RunTime:0.0002s ]
SQL: SELECT * FROM `acc_classify` LIMIT 0,1   [ RunTime:0.0002s ]

[ 2018-03-19T15:25:34+08:00 ] ::1 /accounting/Home-Index-jsonDataCol.html?page=1&limit=5
INFO: [ app_begin ] --START--
INFO: Run Behavior\ReadHtmlCacheBehavior [ RunTime:0.000491s ]
INFO: [ app_begin ] --END-- [ RunTime:0.000877s ]
SQL: SHOW COLUMNS FROM `acc_classify` [ RunTime:0.0053s ]
SQL: SELECT COUNT(*) AS tp_count FROM `acc_classify` LIMIT 1   [ RunTime:0.0002s ]
SQL: SELECT * FROM `acc_classify` LIMIT 0,5   [ RunTime:0.0002s ]

[ 2018-03-19T15:25:43+08:00 ] ::1 /accounting/Home-Index-jsonDataCol.html?page=1&limit=1
INFO: [ app_begin ] --START--
INFO: Run Behavior\ReadHtmlCacheBehavior [ RunTime:0.000478s ]
INFO: [ app_begin ] --END-- [ RunTime:0.000802s ]
SQL: SHOW COLUMNS FROM `acc_classify` [ RunTime:0.0108s ]
SQL: SELECT COUNT(*) AS tp_count FROM `acc_classify` LIMIT 1   [ RunTime:0.0002s ]
SQL: SELECT * FROM `acc_classify` LIMIT 0,1   [ RunTime:0.0003s ]

[ 2018-03-19T15:25:46+08:00 ] ::1 /accounting/Home-Index-jsonDataCol.html?page=1&limit=30
INFO: [ app_begin ] --START--
INFO: Run Behavior\ReadHtmlCacheBehavior [ RunTime:0.000483s ]
INFO: [ app_begin ] --END-- [ RunTime:0.000809s ]
SQL: SHOW COLUMNS FROM `acc_classify` [ RunTime:0.0053s ]
SQL: SELECT COUNT(*) AS tp_count FROM `acc_classify` LIMIT 1   [ RunTime:0.0002s ]
SQL: SELECT * FROM `acc_classify` LIMIT 0,30   [ RunTime:0.0002s ]

[ 2018-03-19T15:30:52+08:00 ] ::1 /accounting/Home-Index-jsonDataCol.html?page=1&limit=5
INFO: [ app_begin ] --START--
INFO: Run Behavior\ReadHtmlCacheBehavior [ RunTime:0.000593s ]
INFO: [ app_begin ] --END-- [ RunTime:0.000962s ]
SQL: SHOW COLUMNS FROM `acc_classify` [ RunTime:0.0055s ]
SQL: SELECT COUNT(*) AS tp_count FROM `acc_classify` LIMIT 1   [ RunTime:0.0005s ]
SQL: SELECT * FROM `acc_classify` LIMIT 0,5   [ RunTime:0.0002s ]

[ 2018-03-19T15:30:54+08:00 ] ::1 /accounting/Home-Index-jsonDataCol.html?page=1&limit=1
INFO: [ app_begin ] --START--
INFO: Run Behavior\ReadHtmlCacheBehavior [ RunTime:0.000664s ]
INFO: [ app_begin ] --END-- [ RunTime:0.001019s ]
SQL: SHOW COLUMNS FROM `acc_classify` [ RunTime:0.0052s ]
SQL: SELECT COUNT(*) AS tp_count FROM `acc_classify` LIMIT 1   [ RunTime:0.0003s ]
SQL: SELECT * FROM `acc_classify` LIMIT 0,1   [ RunTime:0.0002s ]

[ 2018-03-19T15:31:00+08:00 ] ::1 /accounting/Home-Index-jsonDataCol.html?page=3&limit=1
INFO: [ app_begin ] --START--
INFO: Run Behavior\ReadHtmlCacheBehavior [ RunTime:0.000489s ]
INFO: [ app_begin ] --END-- [ RunTime:0.000774s ]
SQL: SHOW COLUMNS FROM `acc_classify` [ RunTime:0.0048s ]
SQL: SELECT COUNT(*) AS tp_count FROM `acc_classify` LIMIT 1   [ RunTime:0.0002s ]
SQL: SELECT * FROM `acc_classify` LIMIT 2,1   [ RunTime:0.0002s ]

[ 2018-03-19T15:31:14+08:00 ] ::1 /accounting/Home-Index-jsonDataCol.html?page=1&limit=50
INFO: [ app_begin ] --START--
INFO: Run Behavior\ReadHtmlCacheBehavior [ RunTime:0.000500s ]
INFO: [ app_begin ] --END-- [ RunTime:0.000819s ]
SQL: SHOW COLUMNS FROM `acc_classify` [ RunTime:0.0050s ]
SQL: SELECT COUNT(*) AS tp_count FROM `acc_classify` LIMIT 1   [ RunTime:0.0002s ]
SQL: SELECT * FROM `acc_classify` LIMIT 0,50   [ RunTime:0.0002s ]

[ 2018-03-19T15:43:51+08:00 ] ::1 /accounting/Home-Index-jsonDataCol.html?page=1&limit=1
INFO: [ app_begin ] --START--
INFO: Run Behavior\ReadHtmlCacheBehavior [ RunTime:0.000447s ]
INFO: [ app_begin ] --END-- [ RunTime:0.000741s ]
SQL: SHOW COLUMNS FROM `acc_classify` [ RunTime:0.0041s ]
SQL: SELECT COUNT(*) AS tp_count FROM `acc_classify` LIMIT 1   [ RunTime:0.0002s ]
SQL: SELECT * FROM `acc_classify` LIMIT 0,1   [ RunTime:0.0002s ]

[ 2018-03-19T16:05:42+08:00 ] ::1 /accounting/Home-Index-jsonDataCol.html?page=1&limit=1
INFO: [ app_begin ] --START--
INFO: Run Behavior\ReadHtmlCacheBehavior [ RunTime:0.000447s ]
INFO: [ app_begin ] --END-- [ RunTime:0.000736s ]
SQL: SHOW COLUMNS FROM `acc_classify` [ RunTime:0.0041s ]
SQL: SELECT COUNT(*) AS tp_count FROM `acc_classify` LIMIT 1   [ RunTime:0.0002s ]
SQL: SELECT * FROM `acc_classify` LIMIT 0,1   [ RunTime:0.0002s ]

