[ 2018-04-08T14:19:26+08:00 ] ::1 /accounting/Home-Index-jsonDataBill.html?page=1&limit=10
INFO: [ app_begin ] --START--
INFO: Run Behavior\ReadHtmlCacheBehavior [ RunTime:0.000808s ]
INFO: [ app_begin ] --END-- [ RunTime:0.001283s ]
SQL: SHOW COLUMNS FROM `acc_account` [ RunTime:0.0156s ]
SQL: SELECT * FROM `acc_account` WHERE ( a_user='yangwendi' ) LIMIT 0,10   [ RunTime:0.0010s ]
SQL: SELECT COUNT(*) AS tp_count FROM `acc_account` WHERE ( a_user='yangwendi' ) LIMIT 1   [ RunTime:0.1080s ]

[ 2018-04-08T14:19:28+08:00 ] ::1 /accounting/Home-Index-jsonDataCol.html?page=1&limit=10
INFO: [ app_begin ] --START--
INFO: Run Behavior\ReadHtmlCacheBehavior [ RunTime:0.002121s ]
INFO: [ app_begin ] --END-- [ RunTime:0.002731s ]
SQL: SHOW COLUMNS FROM `acc_classify` [ RunTime:0.0120s ]
SQL: SELECT * FROM `acc_classify` WHERE ( cols_user='yangwendi' ) LIMIT 0,10   [ RunTime:0.0009s ]
SQL: SELECT COUNT(*) AS tp_count FROM `acc_classify` WHERE ( cols_user='yangwendi' ) LIMIT 1   [ RunTime:0.0006s ]

[ 2018-04-08T14:24:16+08:00 ] ::1 /accounting/Home-Index-jsonDataBill.html?page=1&limit=10
INFO: [ app_begin ] --START--
INFO: Run Behavior\ReadHtmlCacheBehavior [ RunTime:0.001840s ]
INFO: [ app_begin ] --END-- [ RunTime:0.003395s ]
SQL: SHOW COLUMNS FROM `acc_account` [ RunTime:0.1850s ]
SQL: SELECT * FROM `acc_account` WHERE ( a_user='yangwendi' ) LIMIT 0,10   [ RunTime:0.0008s ]
SQL: SELECT COUNT(*) AS tp_count FROM `acc_account` WHERE ( a_user='yangwendi' ) LIMIT 1   [ RunTime:0.0006s ]

[ 2018-04-08T14:24:21+08:00 ] ::1 /accounting/Home-Index-jsonDataBill.html?page=11&limit=10
INFO: [ app_begin ] --START--
INFO: Run Behavior\ReadHtmlCacheBehavior [ RunTime:0.001935s ]
INFO: [ app_begin ] --END-- [ RunTime:0.003061s ]
SQL: SHOW COLUMNS FROM `acc_account` [ RunTime:0.0136s ]
SQL: SELECT * FROM `acc_account` WHERE ( a_user='yangwendi' ) LIMIT 100,10   [ RunTime:0.0012s ]
SQL: SELECT COUNT(*) AS tp_count FROM `acc_account` WHERE ( a_user='yangwendi' ) LIMIT 1   [ RunTime:0.0007s ]

[ 2018-04-08T14:33:56+08:00 ] ::1 /accounting/Home-Index-jsonDataBill.html?page=1&limit=10
INFO: [ app_begin ] --START--
INFO: Run Behavior\ReadHtmlCacheBehavior [ RunTime:0.000772s ]
INFO: [ app_begin ] --END-- [ RunTime:0.001257s ]
SQL: SHOW COLUMNS FROM `acc_account` [ RunTime:0.0129s ]
SQL: SELECT * FROM `acc_account` WHERE ( a_user='yangwendi' ) LIMIT 0,10   [ RunTime:0.0011s ]
SQL: SELECT COUNT(*) AS tp_count FROM `acc_account` WHERE ( a_user='yangwendi' ) LIMIT 1   [ RunTime:0.0011s ]

[ 2018-04-08T14:33:57+08:00 ] ::1 /accounting/Home-Index-jsonDataCol.html?page=1&limit=10
INFO: [ app_begin ] --START--
INFO: Run Behavior\ReadHtmlCacheBehavior [ RunTime:0.000779s ]
INFO: [ app_begin ] --END-- [ RunTime:0.001367s ]
SQL: SHOW COLUMNS FROM `acc_classify` [ RunTime:0.0172s ]
SQL: SELECT * FROM `acc_classify` WHERE ( cols_user='yangwendi' ) LIMIT 0,10   [ RunTime:0.0009s ]
SQL: SELECT COUNT(*) AS tp_count FROM `acc_classify` WHERE ( cols_user='yangwendi' ) LIMIT 1   [ RunTime:0.0006s ]

[ 2018-04-08T14:34:04+08:00 ] ::1 /accounting/Home-Index-jsonDataBill.html?page=1&limit=10
INFO: [ app_begin ] --START--
INFO: Run Behavior\ReadHtmlCacheBehavior [ RunTime:0.000963s ]
INFO: [ app_begin ] --END-- [ RunTime:0.001686s ]
SQL: SHOW COLUMNS FROM `acc_account` [ RunTime:0.0230s ]
SQL: SELECT * FROM `acc_account` WHERE ( a_user='yangwendi' ) LIMIT 0,10   [ RunTime:0.0015s ]
SQL: SELECT COUNT(*) AS tp_count FROM `acc_account` WHERE ( a_user='yangwendi' ) LIMIT 1   [ RunTime:0.0015s ]

[ 2018-04-08T14:34:05+08:00 ] ::1 /accounting/Home-Index-jsonDataCol.html?page=1&limit=10
INFO: [ app_begin ] --START--
INFO: Run Behavior\ReadHtmlCacheBehavior [ RunTime:0.000604s ]
INFO: [ app_begin ] --END-- [ RunTime:0.001002s ]
SQL: SHOW COLUMNS FROM `acc_classify` [ RunTime:0.0148s ]
SQL: SELECT * FROM `acc_classify` WHERE ( cols_user='yangwendi' ) LIMIT 0,10   [ RunTime:0.0012s ]
SQL: SELECT COUNT(*) AS tp_count FROM `acc_classify` WHERE ( cols_user='yangwendi' ) LIMIT 1   [ RunTime:0.0009s ]

[ 2018-04-08T14:34:12+08:00 ] ::1 /accounting/Home-Index-jsonDataBill.html?page=11&limit=10
INFO: [ app_begin ] --START--
INFO: Run Behavior\ReadHtmlCacheBehavior [ RunTime:0.002703s ]
INFO: [ app_begin ] --END-- [ RunTime:0.003856s ]
SQL: SHOW COLUMNS FROM `acc_account` [ RunTime:0.0148s ]
SQL: SELECT * FROM `acc_account` WHERE ( a_user='yangwendi' ) LIMIT 100,10   [ RunTime:0.0014s ]
SQL: SELECT COUNT(*) AS tp_count FROM `acc_account` WHERE ( a_user='yangwendi' ) LIMIT 1   [ RunTime:0.0008s ]

[ 2018-04-08T14:35:22+08:00 ] ::1 /accounting/Home-Index-jsonDataBill.html?page=1&limit=10
INFO: [ app_begin ] --START--
INFO: Run Behavior\ReadHtmlCacheBehavior [ RunTime:0.000952s ]
INFO: [ app_begin ] --END-- [ RunTime:0.001594s ]
SQL: SHOW COLUMNS FROM `acc_account` [ RunTime:0.0125s ]
SQL: SELECT * FROM `acc_account` WHERE ( a_user='yangwendi' ) LIMIT 0,10   [ RunTime:0.0010s ]
SQL: SELECT COUNT(*) AS tp_count FROM `acc_account` WHERE ( a_user='yangwendi' ) LIMIT 1   [ RunTime:0.0008s ]

[ 2018-04-08T14:37:08+08:00 ] ::1 /accounting/Home-Index-jsonDataBill.html?page=11&limit=10
INFO: [ app_begin ] --START--
INFO: Run Behavior\ReadHtmlCacheBehavior [ RunTime:0.003298s ]
INFO: [ app_begin ] --END-- [ RunTime:0.005011s ]
SQL: SHOW COLUMNS FROM `acc_account` [ RunTime:0.0282s ]
SQL: SELECT * FROM `acc_account` WHERE ( a_user='yangwendi' ) LIMIT 100,10   [ RunTime:0.0024s ]
SQL: SELECT COUNT(*) AS tp_count FROM `acc_account` WHERE ( a_user='yangwendi' ) LIMIT 1   [ RunTime:0.0011s ]

[ 2018-04-08T14:37:20+08:00 ] ::1 /accounting/Home-Index-jsonDataBill.html?page=1&limit=10
INFO: [ app_begin ] --START--
INFO: Run Behavior\ReadHtmlCacheBehavior [ RunTime:0.001499s ]
INFO: [ app_begin ] --END-- [ RunTime:0.002486s ]
SQL: SHOW COLUMNS FROM `acc_account` [ RunTime:0.0122s ]
SQL: SELECT * FROM `acc_account` WHERE ( a_user='yangwendi' ) LIMIT 0,10   [ RunTime:0.0009s ]
SQL: SELECT COUNT(*) AS tp_count FROM `acc_account` WHERE ( a_user='yangwendi' ) LIMIT 1   [ RunTime:0.0007s ]

[ 2018-04-08T14:37:39+08:00 ] ::1 /accounting/Home-Index-jsonDataBill.html?page=12&limit=10
INFO: [ app_begin ] --START--
INFO: Run Behavior\ReadHtmlCacheBehavior [ RunTime:0.002214s ]
INFO: [ app_begin ] --END-- [ RunTime:0.003630s ]
SQL: SHOW COLUMNS FROM `acc_account` [ RunTime:0.0145s ]
SQL: SELECT * FROM `acc_account` WHERE ( a_user='yangwendi' ) LIMIT 110,10   [ RunTime:0.0016s ]
SQL: SELECT COUNT(*) AS tp_count FROM `acc_account` WHERE ( a_user='yangwendi' ) LIMIT 1   [ RunTime:0.0008s ]

[ 2018-04-08T16:08:22+08:00 ] ::1 /accounting/Home-Index-jsonDataBill.html?page=1&limit=10
INFO: [ app_begin ] --START--
INFO: Run Behavior\ReadHtmlCacheBehavior [ RunTime:0.002200s ]
INFO: [ app_begin ] --END-- [ RunTime:0.004066s ]
SQL: SHOW COLUMNS FROM `acc_account` [ RunTime:0.0137s ]
SQL: SELECT * FROM `acc_account` WHERE ( a_user='yangwendi' ) LIMIT 0,10   [ RunTime:0.0012s ]
SQL: SELECT COUNT(*) AS tp_count FROM `acc_account` WHERE ( a_user='yangwendi' ) LIMIT 1   [ RunTime:0.0028s ]

[ 2018-04-08T16:08:23+08:00 ] ::1 /accounting/Home-Index-jsonDataCol.html?page=1&limit=10
INFO: [ app_begin ] --START--
INFO: Run Behavior\ReadHtmlCacheBehavior [ RunTime:0.000871s ]
INFO: [ app_begin ] --END-- [ RunTime:0.001512s ]
SQL: SHOW COLUMNS FROM `acc_classify` [ RunTime:0.0380s ]
SQL: SELECT * FROM `acc_classify` WHERE ( cols_user='yangwendi' ) LIMIT 0,10   [ RunTime:0.0010s ]
SQL: SELECT COUNT(*) AS tp_count FROM `acc_classify` WHERE ( cols_user='yangwendi' ) LIMIT 1   [ RunTime:0.0006s ]

[ 2018-04-08T16:44:15+08:00 ] ::1 /accounting/Home-Index-jsonDataCol.html?page=1&limit=10
INFO: [ app_begin ] --START--
INFO: Run Behavior\ReadHtmlCacheBehavior [ RunTime:0.000836s ]
INFO: [ app_begin ] --END-- [ RunTime:0.001453s ]
SQL: SHOW COLUMNS FROM `acc_classify` [ RunTime:0.0159s ]
SQL: SELECT * FROM `acc_classify` WHERE ( cols_user='yangwendi' ) LIMIT 0,10   [ RunTime:0.0012s ]
SQL: SELECT COUNT(*) AS tp_count FROM `acc_classify` WHERE ( cols_user='yangwendi' ) LIMIT 1   [ RunTime:0.0010s ]

[ 2018-04-08T16:44:16+08:00 ] ::1 /accounting/Home-Index-jsonDataBill.html?page=1&limit=10
INFO: [ app_begin ] --START--
INFO: Run Behavior\ReadHtmlCacheBehavior [ RunTime:0.000547s ]
INFO: [ app_begin ] --END-- [ RunTime:0.000963s ]
SQL: SHOW COLUMNS FROM `acc_account` [ RunTime:0.0216s ]
SQL: SELECT * FROM `acc_account` WHERE ( a_user='yangwendi' ) LIMIT 0,10   [ RunTime:0.0010s ]
SQL: SELECT COUNT(*) AS tp_count FROM `acc_account` WHERE ( a_user='yangwendi' ) LIMIT 1   [ RunTime:0.0008s ]

[ 2018-04-08T16:48:47+08:00 ] ::1 /accounting/Home-Index-jsonDataBill.html?page=1&limit=10
INFO: [ app_begin ] --START--
INFO: Run Behavior\ReadHtmlCacheBehavior [ RunTime:0.000660s ]
INFO: [ app_begin ] --END-- [ RunTime:0.001204s ]
SQL: SHOW COLUMNS FROM `acc_account` [ RunTime:0.0127s ]
SQL: SELECT * FROM `acc_account` WHERE ( a_user='yangwendi' ) LIMIT 0,10   [ RunTime:0.0009s ]
SQL: SELECT COUNT(*) AS tp_count FROM `acc_account` WHERE ( a_user='yangwendi' ) LIMIT 1   [ RunTime:0.0007s ]

[ 2018-04-08T16:48:53+08:00 ] ::1 /accounting/Home-Index-jsonDataBill.html?page=12&limit=10
INFO: [ app_begin ] --START--
INFO: Run Behavior\ReadHtmlCacheBehavior [ RunTime:0.001949s ]
INFO: [ app_begin ] --END-- [ RunTime:0.003111s ]
SQL: SHOW COLUMNS FROM `acc_account` [ RunTime:0.0147s ]
SQL: SELECT * FROM `acc_account` WHERE ( a_user='yangwendi' ) LIMIT 110,10   [ RunTime:0.0013s ]
SQL: SELECT COUNT(*) AS tp_count FROM `acc_account` WHERE ( a_user='yangwendi' ) LIMIT 1   [ RunTime:0.0008s ]

[ 2018-04-08T16:49:13+08:00 ] ::1 /accounting/Home-Index-jsonDataBill.html?page=11&limit=10
INFO: [ app_begin ] --START--
INFO: Run Behavior\ReadHtmlCacheBehavior [ RunTime:0.001582s ]
INFO: [ app_begin ] --END-- [ RunTime:0.003359s ]
SQL: SHOW COLUMNS FROM `acc_account` [ RunTime:0.0137s ]
SQL: SELECT * FROM `acc_account` WHERE ( a_user='yangwendi' ) LIMIT 100,10   [ RunTime:0.0014s ]
SQL: SELECT COUNT(*) AS tp_count FROM `acc_account` WHERE ( a_user='yangwendi' ) LIMIT 1   [ RunTime:0.0007s ]

[ 2018-04-08T22:10:58+08:00 ] 127.0.0.1 /accounting/Home-Index-jsonDataBill.html?page=1&limit=10
INFO: [ app_begin ] --START--
INFO: Run Behavior\ReadHtmlCacheBehavior [ RunTime:0.004296s ]
INFO: [ app_begin ] --END-- [ RunTime:0.005875s ]
SQL: SHOW COLUMNS FROM `acc_account` [ RunTime:0.0203s ]
SQL: SELECT * FROM `acc_account` WHERE ( a_user='yangwendi' ) LIMIT 0,10   [ RunTime:0.0016s ]
SQL: SELECT COUNT(*) AS tp_count FROM `acc_account` WHERE ( a_user='yangwendi' ) LIMIT 1   [ RunTime:0.0018s ]

[ 2018-04-08T22:11:00+08:00 ] 127.0.0.1 /accounting/Home-Index-jsonDataCol.html?page=1&limit=10
INFO: [ app_begin ] --START--
INFO: Run Behavior\ReadHtmlCacheBehavior [ RunTime:0.002859s ]
INFO: [ app_begin ] --END-- [ RunTime:0.004679s ]
SQL: SHOW COLUMNS FROM `acc_classify` [ RunTime:0.0162s ]
SQL: SELECT * FROM `acc_classify` WHERE ( cols_user='yangwendi' ) LIMIT 0,10   [ RunTime:0.0016s ]
SQL: SELECT COUNT(*) AS tp_count FROM `acc_classify` WHERE ( cols_user='yangwendi' ) LIMIT 1   [ RunTime:0.0009s ]

[ 2018-04-08T22:12:09+08:00 ] 127.0.0.1 /accounting/Home-Index-jsonDataBill.html?page=1&limit=10
INFO: [ app_begin ] --START--
INFO: Run Behavior\ReadHtmlCacheBehavior [ RunTime:0.001531s ]
INFO: [ app_begin ] --END-- [ RunTime:0.002578s ]
SQL: SHOW COLUMNS FROM `acc_account` [ RunTime:0.0177s ]
SQL: SELECT * FROM `acc_account` WHERE ( a_user='yangwendi' ) LIMIT 0,10   [ RunTime:0.0010s ]
SQL: SELECT COUNT(*) AS tp_count FROM `acc_account` WHERE ( a_user='yangwendi' ) LIMIT 1   [ RunTime:0.0008s ]

