[ 2018-03-22T09:12:30+08:00 ] ::1 /accounting/Home-Index-jsonDataBill.html?page=1&limit=10
INFO: [ app_begin ] --START--
INFO: Run Behavior\ReadHtmlCacheBehavior [ RunTime:0.000847s ]
INFO: [ app_begin ] --END-- [ RunTime:0.001454s ]
SQL: SHOW COLUMNS FROM `acc_account` [ RunTime:0.0592s ]
SQL: SELECT COUNT(*) AS tp_count FROM `acc_account` LIMIT 1   [ RunTime:0.0696s ]
SQL: SELECT * FROM `acc_account` LIMIT 0,10   [ RunTime:0.0127s ]

[ 2018-03-22T09:12:31+08:00 ] ::1 /accounting/Home-Index-jsonDataCol.html?page=1&limit=10
INFO: [ app_begin ] --START--
INFO: Run Behavior\ReadHtmlCacheBehavior [ RunTime:0.000642s ]
INFO: [ app_begin ] --END-- [ RunTime:0.001252s ]
SQL: SHOW COLUMNS FROM `acc_classify` [ RunTime:0.0133s ]
SQL: SELECT COUNT(*) AS tp_count FROM `acc_classify` LIMIT 1   [ RunTime:0.0008s ]
SQL: SELECT * FROM `acc_classify` LIMIT 0,10   [ RunTime:0.0009s ]

[ 2018-03-22T09:22:51+08:00 ] ::1 /accounting/Home-Index-jsonDataBill.html?page=1&limit=10
INFO: [ app_begin ] --START--
INFO: Run Behavior\ReadHtmlCacheBehavior [ RunTime:0.001870s ]
INFO: [ app_begin ] --END-- [ RunTime:0.002585s ]
SQL: SHOW COLUMNS FROM `acc_account` [ RunTime:0.0081s ]
SQL: SELECT COUNT(*) AS tp_count FROM `acc_account` LIMIT 1   [ RunTime:0.0009s ]
SQL: SELECT * FROM `acc_account` LIMIT 0,10   [ RunTime:0.0003s ]

[ 2018-03-22T09:22:52+08:00 ] ::1 /accounting/Home-Index-jsonDataCol.html?page=1&limit=10
INFO: [ app_begin ] --START--
INFO: Run Behavior\ReadHtmlCacheBehavior [ RunTime:0.003615s ]
INFO: [ app_begin ] --END-- [ RunTime:0.005361s ]
SQL: SHOW COLUMNS FROM `acc_classify` [ RunTime:0.0282s ]
SQL: SELECT COUNT(*) AS tp_count FROM `acc_classify` LIMIT 1   [ RunTime:0.0010s ]
SQL: SELECT * FROM `acc_classify` LIMIT 0,10   [ RunTime:0.0010s ]

[ 2018-03-22T09:22:58+08:00 ] ::1 /accounting/Home-Index-jsonDataBill.html?page=1&limit=10
INFO: [ app_begin ] --START--
INFO: Run Behavior\ReadHtmlCacheBehavior [ RunTime:0.000571s ]
INFO: [ app_begin ] --END-- [ RunTime:0.000941s ]
SQL: SHOW COLUMNS FROM `acc_account` [ RunTime:0.0952s ]
SQL: SELECT COUNT(*) AS tp_count FROM `acc_account` LIMIT 1   [ RunTime:0.0010s ]
SQL: SELECT * FROM `acc_account` LIMIT 0,10   [ RunTime:0.0010s ]

[ 2018-03-22T09:23:00+08:00 ] ::1 /accounting/Home-Index-jsonDataCol.html?page=1&limit=10
INFO: [ app_begin ] --START--
INFO: Run Behavior\ReadHtmlCacheBehavior [ RunTime:0.000553s ]
INFO: [ app_begin ] --END-- [ RunTime:0.000914s ]
SQL: SHOW COLUMNS FROM `acc_classify` [ RunTime:0.0057s ]
SQL: SELECT COUNT(*) AS tp_count FROM `acc_classify` LIMIT 1   [ RunTime:0.0004s ]
SQL: SELECT * FROM `acc_classify` LIMIT 0,10   [ RunTime:0.0003s ]

[ 2018-03-22T09:23:20+08:00 ] ::1 /accounting/Home-Index-billMod.html
INFO: [ app_begin ] --START--
INFO: Run Behavior\ReadHtmlCacheBehavior [ RunTime:0.001003s ]
INFO: [ app_begin ] --END-- [ RunTime:0.001654s ]
SQL: SHOW COLUMNS FROM `acc_account` [ RunTime:0.0049s ]
SQL: UPDATE `acc_account` SET `money`='400',`account`='支出',`a_cols`='3',`a_info`='我去我',`a_finallydate`='2018-03-22 09:23:20' WHERE ( Id='1' ) [ RunTime:0.3133s ]

[ 2018-03-22T09:23:25+08:00 ] ::1 /accounting/Home-Index-jsonDataBill.html?page=1&limit=10
INFO: [ app_begin ] --START--
INFO: Run Behavior\ReadHtmlCacheBehavior [ RunTime:0.000567s ]
INFO: [ app_begin ] --END-- [ RunTime:0.000948s ]
SQL: SHOW COLUMNS FROM `acc_account` [ RunTime:0.0108s ]
SQL: SELECT COUNT(*) AS tp_count FROM `acc_account` LIMIT 1   [ RunTime:0.0006s ]
SQL: SELECT * FROM `acc_account` LIMIT 0,10   [ RunTime:0.0006s ]

[ 2018-03-22T09:23:26+08:00 ] ::1 /accounting/Home-Index-jsonDataCol.html?page=1&limit=10
INFO: [ app_begin ] --START--
INFO: Run Behavior\ReadHtmlCacheBehavior [ RunTime:0.000581s ]
INFO: [ app_begin ] --END-- [ RunTime:0.001065s ]
SQL: SHOW COLUMNS FROM `acc_classify` [ RunTime:0.0098s ]
SQL: SELECT COUNT(*) AS tp_count FROM `acc_classify` LIMIT 1   [ RunTime:0.0006s ]
SQL: SELECT * FROM `acc_classify` LIMIT 0,10   [ RunTime:0.0006s ]

[ 2018-03-22T09:23:35+08:00 ] ::1 /accounting/Home-Index-jsonDataBill.html?page=1&limit=10
INFO: [ app_begin ] --START--
INFO: Run Behavior\ReadHtmlCacheBehavior [ RunTime:0.000900s ]
INFO: [ app_begin ] --END-- [ RunTime:0.001537s ]
SQL: SHOW COLUMNS FROM `acc_account` [ RunTime:0.0772s ]
SQL: SELECT COUNT(*) AS tp_count FROM `acc_account` LIMIT 1   [ RunTime:0.0003s ]
SQL: SELECT * FROM `acc_account` LIMIT 0,10   [ RunTime:0.0003s ]

[ 2018-03-22T09:23:36+08:00 ] ::1 /accounting/Home-Index-jsonDataCol.html?page=1&limit=10
INFO: [ app_begin ] --START--
INFO: Run Behavior\ReadHtmlCacheBehavior [ RunTime:0.000575s ]
INFO: [ app_begin ] --END-- [ RunTime:0.000970s ]
SQL: SHOW COLUMNS FROM `acc_classify` [ RunTime:0.0058s ]
SQL: SELECT COUNT(*) AS tp_count FROM `acc_classify` LIMIT 1   [ RunTime:0.0003s ]
SQL: SELECT * FROM `acc_classify` LIMIT 0,10   [ RunTime:0.0003s ]

[ 2018-03-22T09:23:46+08:00 ] ::1 /accounting/Home-Index-jsonDataBill.html?page=1&limit=10
INFO: [ app_begin ] --START--
INFO: Run Behavior\ReadHtmlCacheBehavior [ RunTime:0.000520s ]
INFO: [ app_begin ] --END-- [ RunTime:0.001320s ]
SQL: SHOW COLUMNS FROM `acc_account` [ RunTime:0.0341s ]
SQL: SELECT COUNT(*) AS tp_count FROM `acc_account` LIMIT 1   [ RunTime:0.0002s ]
SQL: SELECT * FROM `acc_account` LIMIT 0,10   [ RunTime:0.0002s ]

[ 2018-03-22T09:24:32+08:00 ] ::1 /accounting/Home-Index-jsonDataBill.html?page=1&limit=10
INFO: [ app_begin ] --START--
INFO: Run Behavior\ReadHtmlCacheBehavior [ RunTime:0.000528s ]
INFO: [ app_begin ] --END-- [ RunTime:0.000881s ]
SQL: SHOW COLUMNS FROM `acc_account` [ RunTime:0.0064s ]
SQL: SELECT COUNT(*) AS tp_count FROM `acc_account` LIMIT 1   [ RunTime:0.0003s ]
SQL: SELECT * FROM `acc_account` LIMIT 0,10   [ RunTime:0.0003s ]

[ 2018-03-22T09:24:51+08:00 ] ::1 /accounting/Home-Index-jsonDataBill.html?page=1&limit=10
INFO: [ app_begin ] --START--
INFO: Run Behavior\ReadHtmlCacheBehavior [ RunTime:0.000515s ]
INFO: [ app_begin ] --END-- [ RunTime:0.000859s ]
SQL: SHOW COLUMNS FROM `acc_account` [ RunTime:0.0129s ]
SQL: SELECT COUNT(*) AS tp_count FROM `acc_account` LIMIT 1   [ RunTime:0.0006s ]
SQL: SELECT * FROM `acc_account` LIMIT 0,10   [ RunTime:0.0006s ]

[ 2018-03-22T09:25:34+08:00 ] ::1 /accounting/Home-Index-jsonDataBill.html?page=1&limit=10
INFO: [ app_begin ] --START--
INFO: Run Behavior\ReadHtmlCacheBehavior [ RunTime:0.001246s ]
INFO: [ app_begin ] --END-- [ RunTime:0.002070s ]
SQL: SHOW COLUMNS FROM `acc_account` [ RunTime:0.0924s ]
SQL: SELECT COUNT(*) AS tp_count FROM `acc_account` LIMIT 1   [ RunTime:0.0008s ]
SQL: SELECT * FROM `acc_account` LIMIT 0,10   [ RunTime:0.0007s ]

[ 2018-03-22T09:32:44+08:00 ] ::1 /accounting/Home-Index-accounting.html
ERR: Syntax Error in template "./Application/Home/View\Index\accounting.html"  on line 24 "&lt;form action=&quot;{U('Index:accounting',array('flag'=&gt;'pay'))}&quot; method=&quot;post&quot; class=&quot;layui-form layui-form-pane pay&quot;&gt;"  - Unexpected "=>", expected one of: "","" , ")"

[ 2018-03-22T09:33:18+08:00 ] ::1 /accounting/Home-Index-accounting.html
ERR: Syntax Error in template "./Application/Home/View\Index\accounting.html"  on line 24 "&lt;form action=&quot;{U('Index:accounting',array('flag'=&gt;'pay'))}&quot; method=&quot;post&quot; class=&quot;layui-form layui-form-pane pay&quot;&gt;"  - Unexpected "=>", expected one of: "","" , ")"

[ 2018-03-22T09:34:06+08:00 ] ::1 /accounting/Home-Index-accounting.html
ERR: Syntax Error in template "./Application/Home/View\Index\accounting.html"  on line 24 "&lt;form action=&quot;{U('Index/accounting',array('flag'=&gt;'pay'))}&quot; method=&quot;post&quot; class=&quot;layui-form layui-form-pane pay&quot;&gt;"  - Unexpected "=>", expected one of: "","" , ")"

[ 2018-03-22T09:34:07+08:00 ] ::1 /accounting/Home-Index-accounting.html
ERR: Syntax Error in template "./Application/Home/View\Index\accounting.html"  on line 24 "&lt;form action=&quot;{U('Index/accounting',array('flag'=&gt;'pay'))}&quot; method=&quot;post&quot; class=&quot;layui-form layui-form-pane pay&quot;&gt;"  - Unexpected "=>", expected one of: "","" , ")"

[ 2018-03-22T09:34:08+08:00 ] ::1 /accounting/Home-Index-accounting.html
ERR: Syntax Error in template "./Application/Home/View\Index\accounting.html"  on line 24 "&lt;form action=&quot;{U('Index/accounting',array('flag'=&gt;'pay'))}&quot; method=&quot;post&quot; class=&quot;layui-form layui-form-pane pay&quot;&gt;"  - Unexpected "=>", expected one of: "","" , ")"

[ 2018-03-22T09:34:09+08:00 ] ::1 /accounting/Home-Index-accounting.html
ERR: Syntax Error in template "./Application/Home/View\Index\accounting.html"  on line 24 "&lt;form action=&quot;{U('Index/accounting',array('flag'=&gt;'pay'))}&quot; method=&quot;post&quot; class=&quot;layui-form layui-form-pane pay&quot;&gt;"  - Unexpected "=>", expected one of: "","" , ")"

[ 2018-03-22T09:34:09+08:00 ] ::1 /accounting/Home-Index-accounting.html
ERR: Syntax Error in template "./Application/Home/View\Index\accounting.html"  on line 24 "&lt;form action=&quot;{U('Index/accounting',array('flag'=&gt;'pay'))}&quot; method=&quot;post&quot; class=&quot;layui-form layui-form-pane pay&quot;&gt;"  - Unexpected "=>", expected one of: "","" , ")"

[ 2018-03-22T09:36:25+08:00 ] ::1 /accounting/Home-Index-accounting.html
ERR: Syntax Error in template "./Application/Home/View\Index\accounting.html"  on line 24 "&lt;form action=&quot;{U('Index/accounting',array('flag'=&gt;'pay'))}&quot; method=&quot;post&quot; class=&quot;layui-form layui-form-pane pay&quot;&gt;"  - Unexpected "=>", expected one of: "","" , ")"

[ 2018-03-22T09:44:29+08:00 ] ::1 /accounting/Home-Index-accounting.html
ERR: Syntax Error in template "./Application/Home/View\Index\accounting.html"  on line 24 "&lt;form action=&quot;{U('Home/Index/accounting',array('flag'=&gt;'pay'))}&quot; method=&quot;post&quot; class=&quot;layui-form layui-form-pane pay&quot;&gt;"  - Unexpected "=>", expected one of: "","" , ")"

[ 2018-03-22T11:27:56+08:00 ] ::1 /accounting/Home-Index-jsonDataBill.html?page=1&limit=10
INFO: [ app_begin ] --START--
INFO: Run Behavior\ReadHtmlCacheBehavior [ RunTime:0.000686s ]
INFO: [ app_begin ] --END-- [ RunTime:0.001179s ]
SQL: SHOW COLUMNS FROM `acc_account` [ RunTime:0.2348s ]
SQL: SELECT COUNT(*) AS tp_count FROM `acc_account` LIMIT 1   [ RunTime:0.0471s ]
SQL: SELECT * FROM `acc_account` LIMIT 0,10   [ RunTime:0.0003s ]

[ 2018-03-22T11:27:57+08:00 ] ::1 /accounting/Home-Index-jsonDataCol.html?page=1&limit=10
INFO: [ app_begin ] --START--
INFO: Run Behavior\ReadHtmlCacheBehavior [ RunTime:0.000453s ]
INFO: [ app_begin ] --END-- [ RunTime:0.000745s ]
SQL: SHOW COLUMNS FROM `acc_classify` [ RunTime:0.0054s ]
SQL: SELECT COUNT(*) AS tp_count FROM `acc_classify` LIMIT 1   [ RunTime:0.0003s ]
SQL: SELECT * FROM `acc_classify` LIMIT 0,10   [ RunTime:0.0002s ]

[ 2018-03-22T11:28:08+08:00 ] ::1 /accounting/Home-Index-jsonDataBill.html?page=1&limit=10
INFO: [ app_begin ] --START--
INFO: Run Behavior\ReadHtmlCacheBehavior [ RunTime:0.000436s ]
INFO: [ app_begin ] --END-- [ RunTime:0.000732s ]
SQL: SHOW COLUMNS FROM `acc_account` [ RunTime:0.0253s ]
SQL: SELECT COUNT(*) AS tp_count FROM `acc_account` LIMIT 1   [ RunTime:0.0002s ]
SQL: SELECT * FROM `acc_account` LIMIT 0,10   [ RunTime:0.0002s ]

