[ 2018-03-14T12:49:52+08:00 ] ::1 /accounting/
INFO: [ app_init ] --START--
INFO: Run Behavior\BuildLiteBehavior [ RunTime:0.000014s ]
INFO: [ app_init ] --END-- [ RunTime:0.000703s ]
INFO: [ app_begin ] --START--
INFO: Run Behavior\ReadHtmlCacheBehavior [ RunTime:0.027510s ]
INFO: [ app_begin ] --END-- [ RunTime:0.027593s ]
INFO: [ view_parse ] --START--
INFO: [ template_filter ] --START--
INFO: Run Behavior\ContentReplaceBehavior [ RunTime:0.000456s ]
INFO: [ template_filter ] --END-- [ RunTime:0.000503s ]
INFO: Run Behavior\ParseTemplateBehavior [ RunTime:0.010599s ]
INFO: [ view_parse ] --END-- [ RunTime:0.010656s ]
INFO: [ view_filter ] --START--
INFO: Run Behavior\WriteHtmlCacheBehavior [ RunTime:0.011419s ]
INFO: [ view_filter ] --END-- [ RunTime:0.011462s ]
INFO: [ app_end ] --START--
INFO: Run Behavior\ShowPageTraceBehavior [ RunTime:0.001754s ]
INFO: [ app_end ] --END-- [ RunTime:0.001803s ]

[ 2018-03-14T13:13:23+08:00 ] ::1 /accounting/
ERR: Unkown resource type '{ padding'

[ 2018-03-14T13:14:25+08:00 ] ::1 /accounting/index.php
ERR: Unkown resource type '{ padding'

[ 2018-03-14T22:59:41+08:00 ] ::1 /accounting/
ERR: 无法加载数据库驱动: Think\Db\Driver\Pdo

[ 2018-03-14T23:03:26+08:00 ] ::1 /accounting/
ERR: Think\Model:checkNM方法不存在！

[ 2018-03-14T23:05:47+08:00 ] ::1 /accounting/
ERR: Think\Model:checkNM方法不存在！

[ 2018-03-14T23:08:05+08:00 ] ::1 /accounting/
ERR: Think\Model:checkNM方法不存在！

