[ 2018-03-14T13:18:23+08:00 ] ::1 /accounting/js/index.js
ERR: 无法加载模块:Js

[ 2018-03-14T13:18:23+08:00 ] ::1 /accounting/js/layui/css/layui.css
ERR: 无法加载模块:Js

[ 2018-03-14T13:18:23+08:00 ] ::1 /accounting/accounting.html
ERR: 无法加载模块:Accounting

[ 2018-03-14T13:18:23+08:00 ] ::1 /accounting/js/layui/layui.js
ERR: 无法加载模块:Js

[ 2018-03-14T13:18:23+08:00 ] ::1 /accounting/sortManagement.html
ERR: 无法加载模块:SortManagement

[ 2018-03-14T13:18:23+08:00 ] ::1 /accounting/bill.html
ERR: 无法加载模块:Bill

[ 2018-03-14T13:18:23+08:00 ] ::1 /accounting/images/photo.jpg
ERR: 无法加载模块:Images

[ 2018-03-14T13:18:23+08:00 ] ::1 /accounting/js/index.js
ERR: 无法加载模块:Js

[ 2018-03-14T13:19:38+08:00 ] ::1 /accounting/bill.html
ERR: 无法加载模块:Bill

[ 2018-03-14T13:19:38+08:00 ] ::1 /accounting/js/index.js
ERR: 无法加载模块:Js

[ 2018-03-14T13:19:38+08:00 ] ::1 /accounting/accounting.html
ERR: 无法加载模块:Accounting

[ 2018-03-14T13:19:38+08:00 ] ::1 /accounting/js/layui/layui.js
ERR: 无法加载模块:Js

[ 2018-03-14T13:19:38+08:00 ] ::1 /accounting/sortManagement.html
ERR: 无法加载模块:SortManagement

[ 2018-03-14T13:19:38+08:00 ] ::1 /accounting/Application/Public/js/layui/css/layui.css
ERR: 无法加载模块:Application

[ 2018-03-14T13:19:38+08:00 ] ::1 /accounting/images/photo.jpg
ERR: 无法加载模块:Images

[ 2018-03-14T13:19:38+08:00 ] ::1 /accounting/js/index.js
ERR: 无法加载模块:Js

[ 2018-03-14T13:20:26+08:00 ] ::1 /accounting/Application/Public/js/layui/css/layui.css
ERR: 无法加载模块:Application

[ 2018-03-14T13:20:26+08:00 ] ::1 /accounting/accounting.html
ERR: 无法加载模块:Accounting

[ 2018-03-14T13:20:26+08:00 ] ::1 /accounting/Application/Public/js/index.js
ERR: 无法加载模块:Application

[ 2018-03-14T13:20:26+08:00 ] ::1 /accounting/images/photo.jpg
ERR: 无法加载模块:Images

[ 2018-03-14T13:20:26+08:00 ] ::1 /accounting/Application/Public/js/layui/layui.js
ERR: 无法加载模块:Application

[ 2018-03-14T13:20:26+08:00 ] ::1 /accounting/bill.html
ERR: 无法加载模块:Bill

[ 2018-03-14T13:20:26+08:00 ] ::1 /accounting/sortManagement.html
ERR: 无法加载模块:SortManagement

[ 2018-03-14T13:20:27+08:00 ] ::1 /accounting/Application/Public/js/index.js
ERR: 无法加载模块:Application

[ 2018-03-14T13:24:52+08:00 ] ::1 /accounting/bill.html
ERR: 无法加载模块:Bill

[ 2018-03-14T13:24:52+08:00 ] ::1 /accounting/sortManagement.html
ERR: 无法加载模块:SortManagement

[ 2018-03-14T13:24:52+08:00 ] ::1 /accounting/accounting.html
ERR: 无法加载模块:Accounting

[ 2018-03-14T13:24:52+08:00 ] ::1 /accounting/images/photo.jpg
ERR: 无法加载模块:Images

[ 2018-03-14T13:26:14+08:00 ] ::1 /accounting/accounting.html
ERR: 无法加载模块:Accounting

[ 2018-03-14T13:26:14+08:00 ] ::1 /accounting/sortManagement.html
ERR: 无法加载模块:SortManagement

[ 2018-03-14T13:26:14+08:00 ] ::1 /accounting/bill.html
ERR: 无法加载模块:Bill

[ 2018-03-14T13:26:55+08:00 ] ::1 /accounting/accounting.html
ERR: 无法加载模块:Accounting

[ 2018-03-14T13:26:55+08:00 ] ::1 /accounting/bill.html
ERR: 无法加载模块:Bill

[ 2018-03-14T13:26:55+08:00 ] ::1 /accounting/sortManagement.html
ERR: 无法加载模块:SortManagement

[ 2018-03-14T13:28:44+08:00 ] ::1 /accounting/bill.html
ERR: 无法加载模块:Bill

[ 2018-03-14T13:28:44+08:00 ] ::1 /accounting/accounting.html
ERR: 无法加载模块:Accounting

[ 2018-03-14T13:28:44+08:00 ] ::1 /accounting/sortManagement.html
ERR: 无法加载模块:SortManagement

[ 2018-03-14T13:34:39+08:00 ] ::1 /accounting/CSS_URLlogin.css
ERR: 无法加载模块:CSS_URLlogin

[ 2018-03-14T13:39:13+08:00 ] ::1 /accounting/CSS_URLlogin.css
ERR: 无法加载模块:CSS_URLlogin

[ 2018-03-14T23:12:33+08:00 ] ::1 /accounting/index.php/accounting/index.php/Home/Index/login.html.html
ERR: 无法加载模块:Accounting

[ 2018-03-14T23:16:45+08:00 ] ::1 /accounting/index.php/accounting/index.php/Home/Index/login.html.html
ERR: 无法加载模块:Accounting

