[ 2018-03-20T13:07:01+08:00 ] ::1 /accounting/testData/?page=1&limit=10
ERR: 无法加载模块:TestData

[ 2018-03-20T13:08:07+08:00 ] ::1 /accounting/testData/?page=1&limit=10
ERR: 无法加载模块:TestData

[ 2018-03-20T13:08:22+08:00 ] ::1 /accounting/testData/?page=1&limit=10
ERR: 无法加载模块:TestData

[ 2018-03-20T13:08:46+08:00 ] ::1 /accounting/testData/?page=1&limit=10
ERR: 无法加载模块:TestData

[ 2018-03-20T13:09:04+08:00 ] ::1 /accounting/testData/?page=1&limit=10
ERR: 无法加载模块:TestData

[ 2018-03-20T13:09:28+08:00 ] ::1 /accounting/testData/?page=1&limit=10
ERR: 无法加载模块:TestData

[ 2018-03-20T13:10:05+08:00 ] ::1 /accounting/testData/?page=1&limit=10
ERR: 无法加载模块:TestData

[ 2018-03-20T13:23:39+08:00 ] ::1 /accounting/testData/?page=1&limit=10
ERR: 无法加载模块:TestData

[ 2018-03-20T13:23:53+08:00 ] ::1 /accounting/testData/?page=1&limit=10
ERR: 无法加载模块:TestData

[ 2018-03-20T13:24:02+08:00 ] ::1 /accounting/testData/?page=1&limit=10
ERR: 无法加载模块:TestData

[ 2018-03-20T13:24:41+08:00 ] ::1 /accounting/testData/?page=1&limit=10
ERR: 无法加载模块:TestData

[ 2018-03-20T13:24:46+08:00 ] ::1 /accounting/url_json?page=1&limit=10
ERR: 无法加载模块:Url_json

[ 2018-03-20T13:24:50+08:00 ] ::1 /accounting/url_json?page=1&limit=10
ERR: 无法加载模块:Url_json

[ 2018-03-20T13:27:19+08:00 ] ::1 /accounting/url_json?page=1&limit=10
ERR: 无法加载模块:Url_json

[ 2018-03-20T13:27:24+08:00 ] ::1 /accounting/url_json?page=1&limit=10
ERR: 无法加载模块:Url_json

[ 2018-03-20T13:27:29+08:00 ] ::1 /accounting/url_json?page=1&limit=10
ERR: 无法加载模块:Url_json

[ 2018-03-20T13:30:59+08:00 ] ::1 /accounting/url_json?page=1&limit=10
ERR: 无法加载模块:Url_json

[ 2018-03-20T13:31:22+08:00 ] ::1 /accounting/url_json?page=1&limit=10
ERR: 无法加载模块:Url_json

[ 2018-03-20T13:34:53+08:00 ] ::1 /accounting/url_json?page=1&limit=10
ERR: 无法加载模块:Url_json

[ 2018-03-20T13:34:58+08:00 ] ::1 /accounting/url_json?page=1&limit=10
ERR: 无法加载模块:Url_json

[ 2018-03-20T13:35:06+08:00 ] ::1 /accounting/url_json?page=1&limit=10
ERR: 无法加载模块:Url_json

[ 2018-03-20T13:35:09+08:00 ] ::1 /accounting/url_json?page=1&limit=10
ERR: 无法加载模块:Url_json

[ 2018-03-20T13:36:27+08:00 ] ::1 /accounting/url_json?page=1&limit=10
ERR: 无法加载模块:Url_json

[ 2018-03-20T13:37:13+08:00 ] ::1 /accounting/url_json?page=1&limit=10
ERR: 无法加载模块:Url_json

[ 2018-03-20T13:38:30+08:00 ] ::1 /accounting/json_url?page=1&limit=10
ERR: 无法加载模块:Json_url

