[ 2018-03-15T09:08:05+08:00 ] ::1 /accounting/index.php/accounting/index.php/Home/Index/login.html.html
ERR: 无法加载模块:Accounting

[ 2018-03-15T09:10:55+08:00 ] ::1 /accounting/index.php/accounting/index.php/Home/Index/login.html.html
ERR: 无法加载模块:Accounting

[ 2018-03-15T09:18:50+08:00 ] ::1 /accounting/index.php/accounting/index.php/Home/Index/index.html.html
ERR: 无法加载模块:Accounting

[ 2018-03-15T09:24:10+08:00 ] ::1 /accounting/index.php/accounting/index.php/Home/Index/login.html.html
ERR: 无法加载模块:Accounting

[ 2018-03-15T13:07:33+08:00 ] ::1 /accounting/index.php/accounting/index.php/Home/Index/index.html.html
ERR: 无法加载模块:Accounting

[ 2018-03-15T13:20:01+08:00 ] ::1 /accounting/index.php/accounting/index.php/Home/Index/index.html.html
ERR: 无法加载模块:Accounting

[ 2018-03-15T13:20:43+08:00 ] ::1 /accounting/index.php/accounting/index.php/Home/Index/index.html.html
ERR: 无法加载模块:Accounting

[ 2018-03-15T13:22:55+08:00 ] ::1 /accounting/index.php/accounting/index.php/Home/Index/index.html.html
ERR: 无法加载模块:Accounting

[ 2018-03-15T13:29:57+08:00 ] ::1 /accounting/accounting.html
ERR: 无法加载模块:Accounting

[ 2018-03-15T13:29:57+08:00 ] ::1 /accounting/bill.html
ERR: 无法加载模块:Bill

[ 2018-03-15T13:29:57+08:00 ] ::1 /accounting/sortManagement.html
ERR: 无法加载模块:SortManagement

[ 2018-03-15T13:46:25+08:00 ] ::1 /accounting/bill.html
ERR: 无法加载模块:Bill

[ 2018-03-15T13:46:25+08:00 ] ::1 /accounting/sortManagement.html
ERR: 无法加载模块:SortManagement

[ 2018-03-15T13:46:25+08:00 ] ::1 /accounting/accounting.html
ERR: 无法加载模块:Accounting

[ 2018-03-15T13:49:05+08:00 ] ::1 /accounting/bill.html
ERR: 无法加载模块:Bill

[ 2018-03-15T13:49:06+08:00 ] ::1 /accounting/testData/?page=1&limit=10
ERR: 无法加载模块:TestData

[ 2018-03-15T13:49:51+08:00 ] ::1 /accounting/testData/?page=1&limit=10
ERR: 无法加载模块:TestData

[ 2018-03-15T13:49:51+08:00 ] ::1 /accounting/testData/?page=1&limit=10
ERR: 无法加载模块:TestData

[ 2018-03-15T13:54:28+08:00 ] ::1 /accounting/testData/?page=1&limit=10
ERR: 无法加载模块:TestData

[ 2018-03-15T13:54:28+08:00 ] ::1 /accounting/testData/?page=1&limit=10
ERR: 无法加载模块:TestData

[ 2018-03-15T13:54:41+08:00 ] ::1 /accounting/testData/?page=1&limit=10
ERR: 无法加载模块:TestData

[ 2018-03-15T13:54:41+08:00 ] ::1 /accounting/testData/?page=1&limit=10
ERR: 无法加载模块:TestData

[ 2018-03-15T13:54:55+08:00 ] ::1 /accounting/testData/?page=1&limit=10
ERR: 无法加载模块:TestData

[ 2018-03-15T13:54:55+08:00 ] ::1 /accounting/testData/?page=1&limit=10
ERR: 无法加载模块:TestData

[ 2018-03-15T15:50:05+08:00 ] ::1 /accounting/testData/?page=1&limit=10
ERR: 无法加载模块:TestData

[ 2018-03-15T17:47:58+08:00 ] ::1 /accounting/testData/?page=1&limit=10
ERR: 无法加载模块:TestData

[ 2018-03-15T17:47:58+08:00 ] ::1 /accounting/testData/?page=1&limit=10
ERR: 无法加载模块:TestData

[ 2018-03-15T17:52:04+08:00 ] ::1 /accounting/testData/?page=1&limit=10
ERR: 无法加载模块:TestData

[ 2018-03-15T17:52:04+08:00 ] ::1 /accounting/testData/?page=1&limit=10
ERR: 无法加载模块:TestData

[ 2018-03-15T18:02:08+08:00 ] ::1 /accounting/testData/?page=1&limit=10
ERR: 无法加载模块:TestData

[ 2018-03-15T18:02:08+08:00 ] ::1 /accounting/testData/?page=1&limit=10
ERR: 无法加载模块:TestData

[ 2018-03-15T18:06:27+08:00 ] ::1 /accounting/testData/?page=1&limit=10
ERR: 无法加载模块:TestData

[ 2018-03-15T18:06:27+08:00 ] ::1 /accounting/testData/?page=1&limit=10
ERR: 无法加载模块:TestData

[ 2018-03-15T18:12:11+08:00 ] ::1 /accounting/testData/?page=1&limit=10
ERR: 无法加载模块:TestData

[ 2018-03-15T18:12:11+08:00 ] ::1 /accounting/testData/?page=1&limit=10
ERR: 无法加载模块:TestData

